{"/Users/yuzhang/Desktop/JS/HR/Projects/FEC/atelier/apiToken.js": {"path":"/Users/yuzhang/Desktop/JS/HR/Projects/FEC/atelier/apiToken.js","statementMap":{"0":{"start":{"line":1,"column":0},"end":{"line":1,"column":59}}},"fnMap":{},"branchMap":{},"s":{"0":0},"f":{},"b":{}}
,"/Users/yuzhang/Desktop/JS/HR/Projects/FEC/atelier/webpack.config.js": {"path":"/Users/yuzhang/Desktop/JS/HR/Projects/FEC/atelier/webpack.config.js","statementMap":{"0":{"start":{"line":1,"column":13},"end":{"line":1,"column":28}},"1":{"start":{"line":2,"column":26},"end":{"line":2,"column":56}},"2":{"start":{"line":4,"column":0},"end":{"line":38,"column":1}}},"fnMap":{},"branchMap":{},"s":{"0":0,"1":0,"2":0},"f":{},"b":{}}
,"/Users/yuzhang/Desktop/JS/HR/Projects/FEC/atelier/client/dist/bundle.js": {"path":"/Users/yuzhang/Desktop/JS/HR/Projects/FEC/atelier/client/dist/bundle.js","statementMap":{"0":{"start":{"line":9,"column":9},"end":{"line":1657,"column":1}},"1":{"start":{"line":10,"column":37},"end":{"line":1570,"column":11}},"2":{"start":{"line":19,"column":0},"end":{"line":19,"column":4944}},"3":{"start":{"line":30,"column":0},"end":{"line":30,"column":565}},"4":{"start":{"line":41,"column":0},"end":{"line":41,"column":16972}},"5":{"start":{"line":52,"column":0},"end":{"line":52,"column":1329}},"6":{"start":{"line":63,"column":0},"end":{"line":63,"column":80964}},"7":{"start":{"line":74,"column":0},"end":{"line":74,"column":786457}},"8":{"start":{"line":85,"column":0},"end":{"line":85,"column":14012}},"9":{"start":{"line":96,"column":0},"end":{"line":96,"column":64429}},"10":{"start":{"line":106,"column":0},"end":{"line":106,"column":182}},"11":{"start":{"line":117,"column":0},"end":{"line":117,"column":7896}},"12":{"start":{"line":128,"column":0},"end":{"line":128,"column":2389}},"13":{"start":{"line":139,"column":0},"end":{"line":139,"column":490}},"14":{"start":{"line":150,"column":0},"end":{"line":150,"column":2742}},"15":{"start":{"line":161,"column":0},"end":{"line":161,"column":195}},"16":{"start":{"line":172,"column":0},"end":{"line":172,"column":4850}},"17":{"start":{"line":183,"column":0},"end":{"line":183,"column":1568}},"18":{"start":{"line":194,"column":0},"end":{"line":194,"column":946}},"19":{"start":{"line":205,"column":0},"end":{"line":205,"column":799}},"20":{"start":{"line":216,"column":0},"end":{"line":216,"column":2611}},"21":{"start":{"line":227,"column":0},"end":{"line":227,"column":1265}},"22":{"start":{"line":238,"column":0},"end":{"line":238,"column":3438}},"23":{"start":{"line":249,"column":0},"end":{"line":249,"column":881}},"24":{"start":{"line":260,"column":0},"end":{"line":260,"column":865}},"25":{"start":{"line":271,"column":0},"end":{"line":271,"column":4120}},"26":{"start":{"line":281,"column":0},"end":{"line":281,"column":143}},"27":{"start":{"line":292,"column":0},"end":{"line":292,"column":352}},"28":{"start":{"line":303,"column":0},"end":{"line":303,"column":1858}},"29":{"start":{"line":314,"column":0},"end":{"line":314,"column":488}},"30":{"start":{"line":325,"column":0},"end":{"line":325,"column":1633}},"31":{"start":{"line":336,"column":0},"end":{"line":336,"column":681}},"32":{"start":{"line":347,"column":0},"end":{"line":347,"column":447}},"33":{"start":{"line":358,"column":0},"end":{"line":358,"column":2525}},"34":{"start":{"line":369,"column":0},"end":{"line":369,"column":524}},"35":{"start":{"line":380,"column":0},"end":{"line":380,"column":1595}},"36":{"start":{"line":391,"column":0},"end":{"line":391,"column":678}},"37":{"start":{"line":402,"column":0},"end":{"line":402,"column":2579}},"38":{"start":{"line":413,"column":0},"end":{"line":413,"column":9422}},"39":{"start":{"line":424,"column":0},"end":{"line":424,"column":2639}},"40":{"start":{"line":435,"column":0},"end":{"line":435,"column":4212}},"41":{"start":{"line":446,"column":0},"end":{"line":446,"column":5511}},"42":{"start":{"line":457,"column":0},"end":{"line":457,"column":3072}},"43":{"start":{"line":468,"column":0},"end":{"line":468,"column":5865}},"44":{"start":{"line":479,"column":0},"end":{"line":479,"column":1826}},"45":{"start":{"line":490,"column":0},"end":{"line":490,"column":926}},"46":{"start":{"line":501,"column":0},"end":{"line":501,"column":928}},"47":{"start":{"line":512,"column":0},"end":{"line":512,"column":903}},"48":{"start":{"line":523,"column":0},"end":{"line":523,"column":8800}},"49":{"start":{"line":534,"column":0},"end":{"line":534,"column":8905}},"50":{"start":{"line":545,"column":0},"end":{"line":545,"column":8236}},"51":{"start":{"line":556,"column":0},"end":{"line":556,"column":6185}},"52":{"start":{"line":567,"column":0},"end":{"line":567,"column":4918}},"53":{"start":{"line":578,"column":0},"end":{"line":578,"column":7413}},"54":{"start":{"line":589,"column":0},"end":{"line":589,"column":3350}},"55":{"start":{"line":600,"column":0},"end":{"line":600,"column":1505}},"56":{"start":{"line":611,"column":0},"end":{"line":611,"column":1101}},"57":{"start":{"line":622,"column":0},"end":{"line":622,"column":3711}},"58":{"start":{"line":633,"column":0},"end":{"line":633,"column":3467}},"59":{"start":{"line":644,"column":0},"end":{"line":644,"column":2306}},"60":{"start":{"line":655,"column":0},"end":{"line":655,"column":5459}},"61":{"start":{"line":666,"column":0},"end":{"line":666,"column":4297}},"62":{"start":{"line":677,"column":0},"end":{"line":677,"column":7747}},"63":{"start":{"line":688,"column":0},"end":{"line":688,"column":2069}},"64":{"start":{"line":699,"column":0},"end":{"line":699,"column":11713}},"65":{"start":{"line":710,"column":0},"end":{"line":710,"column":1483}},"66":{"start":{"line":721,"column":0},"end":{"line":721,"column":5328}},"67":{"start":{"line":732,"column":0},"end":{"line":732,"column":804}},"68":{"start":{"line":743,"column":0},"end":{"line":743,"column":1250}},"69":{"start":{"line":754,"column":0},"end":{"line":754,"column":2514}},"70":{"start":{"line":765,"column":0},"end":{"line":765,"column":466}},"71":{"start":{"line":776,"column":0},"end":{"line":776,"column":2552}},"72":{"start":{"line":787,"column":0},"end":{"line":787,"column":2590}},"73":{"start":{"line":798,"column":0},"end":{"line":798,"column":1858}},"74":{"start":{"line":809,"column":0},"end":{"line":809,"column":944}},"75":{"start":{"line":820,"column":0},"end":{"line":820,"column":9894}},"76":{"start":{"line":831,"column":0},"end":{"line":831,"column":2006}},"77":{"start":{"line":842,"column":0},"end":{"line":842,"column":1504}},"78":{"start":{"line":853,"column":0},"end":{"line":853,"column":2326}},"79":{"start":{"line":864,"column":0},"end":{"line":864,"column":3495}},"80":{"start":{"line":875,"column":0},"end":{"line":875,"column":1209}},"81":{"start":{"line":886,"column":0},"end":{"line":886,"column":3406}},"82":{"start":{"line":897,"column":0},"end":{"line":897,"column":3019}},"83":{"start":{"line":908,"column":0},"end":{"line":908,"column":19342}},"84":{"start":{"line":919,"column":0},"end":{"line":919,"column":2411}},"85":{"start":{"line":930,"column":0},"end":{"line":930,"column":3953}},"86":{"start":{"line":941,"column":0},"end":{"line":941,"column":22350}},"87":{"start":{"line":951,"column":0},"end":{"line":951,"column":731}},"88":{"start":{"line":962,"column":0},"end":{"line":962,"column":424}},"89":{"start":{"line":973,"column":0},"end":{"line":973,"column":921599}},"90":{"start":{"line":984,"column":0},"end":{"line":984,"column":1275}},"91":{"start":{"line":995,"column":0},"end":{"line":995,"column":1560809}},"92":{"start":{"line":1006,"column":0},"end":{"line":1006,"column":3287}},"93":{"start":{"line":1017,"column":0},"end":{"line":1017,"column":805}},"94":{"start":{"line":1028,"column":0},"end":{"line":1028,"column":5026}},"95":{"start":{"line":1039,"column":0},"end":{"line":1039,"column":1352}},"96":{"start":{"line":1050,"column":0},"end":{"line":1050,"column":7224}},"97":{"start":{"line":1061,"column":0},"end":{"line":1061,"column":254}},"98":{"start":{"line":1072,"column":0},"end":{"line":1072,"column":788}},"99":{"start":{"line":1083,"column":0},"end":{"line":1083,"column":3200}},"100":{"start":{"line":1094,"column":0},"end":{"line":1094,"column":23036}},"101":{"start":{"line":1105,"column":0},"end":{"line":1105,"column":7136}},"102":{"start":{"line":1116,"column":0},"end":{"line":1116,"column":2097}},"103":{"start":{"line":1127,"column":0},"end":{"line":1127,"column":1295}},"104":{"start":{"line":1138,"column":0},"end":{"line":1138,"column":2547}},"105":{"start":{"line":1149,"column":0},"end":{"line":1149,"column":4993}},"106":{"start":{"line":1160,"column":0},"end":{"line":1160,"column":1316}},"107":{"start":{"line":1171,"column":0},"end":{"line":1171,"column":3513}},"108":{"start":{"line":1182,"column":0},"end":{"line":1182,"column":3194}},"109":{"start":{"line":1193,"column":0},"end":{"line":1193,"column":2191}},"110":{"start":{"line":1204,"column":0},"end":{"line":1204,"column":1503}},"111":{"start":{"line":1215,"column":0},"end":{"line":1215,"column":7175}},"112":{"start":{"line":1226,"column":0},"end":{"line":1226,"column":2119}},"113":{"start":{"line":1237,"column":0},"end":{"line":1237,"column":2511}},"114":{"start":{"line":1248,"column":0},"end":{"line":1248,"column":3502}},"115":{"start":{"line":1259,"column":0},"end":{"line":1259,"column":793}},"116":{"start":{"line":1270,"column":0},"end":{"line":1270,"column":788}},"117":{"start":{"line":1281,"column":0},"end":{"line":1281,"column":800}},"118":{"start":{"line":1292,"column":0},"end":{"line":1292,"column":585}},"119":{"start":{"line":1303,"column":0},"end":{"line":1303,"column":984}},"120":{"start":{"line":1314,"column":0},"end":{"line":1314,"column":1383}},"121":{"start":{"line":1325,"column":0},"end":{"line":1325,"column":979}},"122":{"start":{"line":1336,"column":0},"end":{"line":1336,"column":969}},"123":{"start":{"line":1347,"column":0},"end":{"line":1347,"column":74664}},"124":{"start":{"line":1358,"column":0},"end":{"line":1358,"column":242}},"125":{"start":{"line":1369,"column":0},"end":{"line":1369,"column":857}},"126":{"start":{"line":1380,"column":0},"end":{"line":1380,"column":27405}},"127":{"start":{"line":1391,"column":0},"end":{"line":1391,"column":4658}},"128":{"start":{"line":1402,"column":0},"end":{"line":1402,"column":9419}},"129":{"start":{"line":1413,"column":0},"end":{"line":1413,"column":18278}},"130":{"start":{"line":1424,"column":0},"end":{"line":1424,"column":258}},"131":{"start":{"line":1435,"column":0},"end":{"line":1435,"column":276}},"132":{"start":{"line":1445,"column":0},"end":{"line":1445,"column":1123}},"133":{"start":{"line":1456,"column":0},"end":{"line":1456,"column":31077}},"134":{"start":{"line":1467,"column":0},"end":{"line":1467,"column":198218}},"135":{"start":{"line":1478,"column":0},"end":{"line":1478,"column":27986}},"136":{"start":{"line":1489,"column":0},"end":{"line":1489,"column":14356}},"137":{"start":{"line":1500,"column":0},"end":{"line":1500,"column":9370}},"138":{"start":{"line":1511,"column":0},"end":{"line":1511,"column":3597}},"139":{"start":{"line":1522,"column":0},"end":{"line":1522,"column":25830}},"140":{"start":{"line":1533,"column":0},"end":{"line":1533,"column":597}},"141":{"start":{"line":1544,"column":0},"end":{"line":1544,"column":714}},"142":{"start":{"line":1555,"column":0},"end":{"line":1555,"column":1610}},"143":{"start":{"line":1566,"column":0},"end":{"line":1566,"column":706}},"144":{"start":{"line":1573,"column":41},"end":{"line":1573,"column":43}},"145":{"start":{"line":1578,"column":30},"end":{"line":1578,"column":64}},"146":{"start":{"line":1579,"column":11},"end":{"line":1581,"column":12}},"147":{"start":{"line":1580,"column":12},"end":{"line":1580,"column":40}},"148":{"start":{"line":1583,"column":24},"end":{"line":1587,"column":12}},"149":{"start":{"line":1590,"column":11},"end":{"line":1590,"column":86}},"150":{"start":{"line":1593,"column":11},"end":{"line":1593,"column":33}},"151":{"start":{"line":1598,"column":10},"end":{"line":1607,"column":15}},"152":{"start":{"line":1600,"column":11},"end":{"line":1606,"column":13}},"153":{"start":{"line":1601,"column":25},"end":{"line":1603,"column":27}},"154":{"start":{"line":1602,"column":20},"end":{"line":1602,"column":37}},"155":{"start":{"line":1603,"column":20},"end":{"line":1603,"column":26}},"156":{"start":{"line":1604,"column":12},"end":{"line":1604,"column":57}},"157":{"start":{"line":1605,"column":12},"end":{"line":1605,"column":26}},"158":{"start":{"line":1610,"column":10},"end":{"line":1619,"column":15}},"159":{"start":{"line":1612,"column":11},"end":{"line":1618,"column":13}},"160":{"start":{"line":1613,"column":12},"end":{"line":1617,"column":13}},"161":{"start":{"line":1614,"column":13},"end":{"line":1616,"column":14}},"162":{"start":{"line":1615,"column":14},"end":{"line":1615,"column":94}},"163":{"start":{"line":1622,"column":10},"end":{"line":1631,"column":15}},"164":{"start":{"line":1623,"column":11},"end":{"line":1630,"column":16}},"165":{"start":{"line":1624,"column":12},"end":{"line":1624,"column":66}},"166":{"start":{"line":1624,"column":48},"end":{"line":1624,"column":66}},"167":{"start":{"line":1625,"column":12},"end":{"line":1629,"column":13}},"168":{"start":{"line":1626,"column":13},"end":{"line":1626,"column":58}},"169":{"start":{"line":1628,"column":13},"end":{"line":1628,"column":59}},"170":{"start":{"line":1628,"column":45},"end":{"line":1628,"column":59}},"171":{"start":{"line":1634,"column":10},"end":{"line":1636,"column":15}},"172":{"start":{"line":1635,"column":11},"end":{"line":1635,"column":99}},"173":{"start":{"line":1635,"column":51},"end":{"line":1635,"column":98}},"174":{"start":{"line":1639,"column":10},"end":{"line":1647,"column":15}},"175":{"start":{"line":1641,"column":11},"end":{"line":1646,"column":13}},"176":{"start":{"line":1642,"column":12},"end":{"line":1644,"column":13}},"177":{"start":{"line":1643,"column":13},"end":{"line":1643,"column":85}},"178":{"start":{"line":1645,"column":12},"end":{"line":1645,"column":74}},"179":{"start":{"line":1654,"column":36},"end":{"line":1654,"column":80}}},"fnMap":{"0":{"name":"(anonymous_0)","decl":{"start":{"line":9,"column":10},"end":{"line":9,"column":11}},"loc":{"start":{"line":9,"column":16},"end":{"line":1656,"column":10}},"line":9},"1":{"name":"(anonymous_1)","decl":{"start":{"line":16,"column":7},"end":{"line":16,"column":8}},"loc":{"start":{"line":16,"column":78},"end":{"line":21,"column":7}},"line":16},"2":{"name":"(anonymous_2)","decl":{"start":{"line":27,"column":7},"end":{"line":27,"column":8}},"loc":{"start":{"line":27,"column":78},"end":{"line":32,"column":7}},"line":27},"3":{"name":"(anonymous_3)","decl":{"start":{"line":38,"column":7},"end":{"line":38,"column":8}},"loc":{"start":{"line":38,"column":78},"end":{"line":43,"column":7}},"line":38},"4":{"name":"(anonymous_4)","decl":{"start":{"line":49,"column":7},"end":{"line":49,"column":8}},"loc":{"start":{"line":49,"column":78},"end":{"line":54,"column":7}},"line":49},"5":{"name":"(anonymous_5)","decl":{"start":{"line":60,"column":7},"end":{"line":60,"column":8}},"loc":{"start":{"line":60,"column":78},"end":{"line":65,"column":7}},"line":60},"6":{"name":"(anonymous_6)","decl":{"start":{"line":71,"column":7},"end":{"line":71,"column":8}},"loc":{"start":{"line":71,"column":78},"end":{"line":76,"column":7}},"line":71},"7":{"name":"(anonymous_7)","decl":{"start":{"line":82,"column":7},"end":{"line":82,"column":8}},"loc":{"start":{"line":82,"column":78},"end":{"line":87,"column":7}},"line":82},"8":{"name":"(anonymous_8)","decl":{"start":{"line":93,"column":7},"end":{"line":93,"column":8}},"loc":{"start":{"line":93,"column":78},"end":{"line":98,"column":7}},"line":93},"9":{"name":"(anonymous_9)","decl":{"start":{"line":104,"column":7},"end":{"line":104,"column":8}},"loc":{"start":{"line":104,"column":66},"end":{"line":108,"column":7}},"line":104},"10":{"name":"(anonymous_10)","decl":{"start":{"line":114,"column":7},"end":{"line":114,"column":8}},"loc":{"start":{"line":114,"column":66},"end":{"line":119,"column":7}},"line":114},"11":{"name":"(anonymous_11)","decl":{"start":{"line":125,"column":7},"end":{"line":125,"column":8}},"loc":{"start":{"line":125,"column":66},"end":{"line":130,"column":7}},"line":125},"12":{"name":"(anonymous_12)","decl":{"start":{"line":136,"column":7},"end":{"line":136,"column":8}},"loc":{"start":{"line":136,"column":19},"end":{"line":141,"column":7}},"line":136},"13":{"name":"(anonymous_13)","decl":{"start":{"line":147,"column":7},"end":{"line":147,"column":8}},"loc":{"start":{"line":147,"column":66},"end":{"line":152,"column":7}},"line":147},"14":{"name":"(anonymous_14)","decl":{"start":{"line":158,"column":7},"end":{"line":158,"column":8}},"loc":{"start":{"line":158,"column":19},"end":{"line":163,"column":7}},"line":158},"15":{"name":"(anonymous_15)","decl":{"start":{"line":169,"column":7},"end":{"line":169,"column":8}},"loc":{"start":{"line":169,"column":66},"end":{"line":174,"column":7}},"line":169},"16":{"name":"(anonymous_16)","decl":{"start":{"line":180,"column":7},"end":{"line":180,"column":8}},"loc":{"start":{"line":180,"column":66},"end":{"line":185,"column":7}},"line":180},"17":{"name":"(anonymous_17)","decl":{"start":{"line":191,"column":7},"end":{"line":191,"column":8}},"loc":{"start":{"line":191,"column":66},"end":{"line":196,"column":7}},"line":191},"18":{"name":"(anonymous_18)","decl":{"start":{"line":202,"column":7},"end":{"line":202,"column":8}},"loc":{"start":{"line":202,"column":66},"end":{"line":207,"column":7}},"line":202},"19":{"name":"(anonymous_19)","decl":{"start":{"line":213,"column":7},"end":{"line":213,"column":8}},"loc":{"start":{"line":213,"column":66},"end":{"line":218,"column":7}},"line":213},"20":{"name":"(anonymous_20)","decl":{"start":{"line":224,"column":7},"end":{"line":224,"column":8}},"loc":{"start":{"line":224,"column":19},"end":{"line":229,"column":7}},"line":224},"21":{"name":"(anonymous_21)","decl":{"start":{"line":235,"column":7},"end":{"line":235,"column":8}},"loc":{"start":{"line":235,"column":66},"end":{"line":240,"column":7}},"line":235},"22":{"name":"(anonymous_22)","decl":{"start":{"line":246,"column":7},"end":{"line":246,"column":8}},"loc":{"start":{"line":246,"column":66},"end":{"line":251,"column":7}},"line":246},"23":{"name":"(anonymous_23)","decl":{"start":{"line":257,"column":7},"end":{"line":257,"column":8}},"loc":{"start":{"line":257,"column":66},"end":{"line":262,"column":7}},"line":257},"24":{"name":"(anonymous_24)","decl":{"start":{"line":268,"column":7},"end":{"line":268,"column":8}},"loc":{"start":{"line":268,"column":66},"end":{"line":273,"column":7}},"line":268},"25":{"name":"(anonymous_25)","decl":{"start":{"line":279,"column":7},"end":{"line":279,"column":8}},"loc":{"start":{"line":279,"column":19},"end":{"line":283,"column":7}},"line":279},"26":{"name":"(anonymous_26)","decl":{"start":{"line":289,"column":7},"end":{"line":289,"column":8}},"loc":{"start":{"line":289,"column":19},"end":{"line":294,"column":7}},"line":289},"27":{"name":"(anonymous_27)","decl":{"start":{"line":300,"column":7},"end":{"line":300,"column":8}},"loc":{"start":{"line":300,"column":66},"end":{"line":305,"column":7}},"line":300},"28":{"name":"(anonymous_28)","decl":{"start":{"line":311,"column":7},"end":{"line":311,"column":8}},"loc":{"start":{"line":311,"column":19},"end":{"line":316,"column":7}},"line":311},"29":{"name":"(anonymous_29)","decl":{"start":{"line":322,"column":7},"end":{"line":322,"column":8}},"loc":{"start":{"line":322,"column":66},"end":{"line":327,"column":7}},"line":322},"30":{"name":"(anonymous_30)","decl":{"start":{"line":333,"column":7},"end":{"line":333,"column":8}},"loc":{"start":{"line":333,"column":19},"end":{"line":338,"column":7}},"line":333},"31":{"name":"(anonymous_31)","decl":{"start":{"line":344,"column":7},"end":{"line":344,"column":8}},"loc":{"start":{"line":344,"column":19},"end":{"line":349,"column":7}},"line":344},"32":{"name":"(anonymous_32)","decl":{"start":{"line":355,"column":7},"end":{"line":355,"column":8}},"loc":{"start":{"line":355,"column":66},"end":{"line":360,"column":7}},"line":355},"33":{"name":"(anonymous_33)","decl":{"start":{"line":366,"column":7},"end":{"line":366,"column":8}},"loc":{"start":{"line":366,"column":66},"end":{"line":371,"column":7}},"line":366},"34":{"name":"(anonymous_34)","decl":{"start":{"line":377,"column":7},"end":{"line":377,"column":8}},"loc":{"start":{"line":377,"column":66},"end":{"line":382,"column":7}},"line":377},"35":{"name":"(anonymous_35)","decl":{"start":{"line":388,"column":7},"end":{"line":388,"column":8}},"loc":{"start":{"line":388,"column":19},"end":{"line":393,"column":7}},"line":388},"36":{"name":"(anonymous_36)","decl":{"start":{"line":399,"column":7},"end":{"line":399,"column":8}},"loc":{"start":{"line":399,"column":66},"end":{"line":404,"column":7}},"line":399},"37":{"name":"(anonymous_37)","decl":{"start":{"line":410,"column":7},"end":{"line":410,"column":8}},"loc":{"start":{"line":410,"column":66},"end":{"line":415,"column":7}},"line":410},"38":{"name":"(anonymous_38)","decl":{"start":{"line":421,"column":7},"end":{"line":421,"column":8}},"loc":{"start":{"line":421,"column":78},"end":{"line":426,"column":7}},"line":421},"39":{"name":"(anonymous_39)","decl":{"start":{"line":432,"column":7},"end":{"line":432,"column":8}},"loc":{"start":{"line":432,"column":78},"end":{"line":437,"column":7}},"line":432},"40":{"name":"(anonymous_40)","decl":{"start":{"line":443,"column":7},"end":{"line":443,"column":8}},"loc":{"start":{"line":443,"column":78},"end":{"line":448,"column":7}},"line":443},"41":{"name":"(anonymous_41)","decl":{"start":{"line":454,"column":7},"end":{"line":454,"column":8}},"loc":{"start":{"line":454,"column":78},"end":{"line":459,"column":7}},"line":454},"42":{"name":"(anonymous_42)","decl":{"start":{"line":465,"column":7},"end":{"line":465,"column":8}},"loc":{"start":{"line":465,"column":78},"end":{"line":470,"column":7}},"line":465},"43":{"name":"(anonymous_43)","decl":{"start":{"line":476,"column":7},"end":{"line":476,"column":8}},"loc":{"start":{"line":476,"column":78},"end":{"line":481,"column":7}},"line":476},"44":{"name":"(anonymous_44)","decl":{"start":{"line":487,"column":7},"end":{"line":487,"column":8}},"loc":{"start":{"line":487,"column":78},"end":{"line":492,"column":7}},"line":487},"45":{"name":"(anonymous_45)","decl":{"start":{"line":498,"column":7},"end":{"line":498,"column":8}},"loc":{"start":{"line":498,"column":78},"end":{"line":503,"column":7}},"line":498},"46":{"name":"(anonymous_46)","decl":{"start":{"line":509,"column":7},"end":{"line":509,"column":8}},"loc":{"start":{"line":509,"column":78},"end":{"line":514,"column":7}},"line":509},"47":{"name":"(anonymous_47)","decl":{"start":{"line":520,"column":7},"end":{"line":520,"column":8}},"loc":{"start":{"line":520,"column":78},"end":{"line":525,"column":7}},"line":520},"48":{"name":"(anonymous_48)","decl":{"start":{"line":531,"column":7},"end":{"line":531,"column":8}},"loc":{"start":{"line":531,"column":78},"end":{"line":536,"column":7}},"line":531},"49":{"name":"(anonymous_49)","decl":{"start":{"line":542,"column":7},"end":{"line":542,"column":8}},"loc":{"start":{"line":542,"column":78},"end":{"line":547,"column":7}},"line":542},"50":{"name":"(anonymous_50)","decl":{"start":{"line":553,"column":7},"end":{"line":553,"column":8}},"loc":{"start":{"line":553,"column":78},"end":{"line":558,"column":7}},"line":553},"51":{"name":"(anonymous_51)","decl":{"start":{"line":564,"column":7},"end":{"line":564,"column":8}},"loc":{"start":{"line":564,"column":78},"end":{"line":569,"column":7}},"line":564},"52":{"name":"(anonymous_52)","decl":{"start":{"line":575,"column":7},"end":{"line":575,"column":8}},"loc":{"start":{"line":575,"column":78},"end":{"line":580,"column":7}},"line":575},"53":{"name":"(anonymous_53)","decl":{"start":{"line":586,"column":7},"end":{"line":586,"column":8}},"loc":{"start":{"line":586,"column":78},"end":{"line":591,"column":7}},"line":586},"54":{"name":"(anonymous_54)","decl":{"start":{"line":597,"column":7},"end":{"line":597,"column":8}},"loc":{"start":{"line":597,"column":78},"end":{"line":602,"column":7}},"line":597},"55":{"name":"(anonymous_55)","decl":{"start":{"line":608,"column":7},"end":{"line":608,"column":8}},"loc":{"start":{"line":608,"column":78},"end":{"line":613,"column":7}},"line":608},"56":{"name":"(anonymous_56)","decl":{"start":{"line":619,"column":7},"end":{"line":619,"column":8}},"loc":{"start":{"line":619,"column":78},"end":{"line":624,"column":7}},"line":619},"57":{"name":"(anonymous_57)","decl":{"start":{"line":630,"column":7},"end":{"line":630,"column":8}},"loc":{"start":{"line":630,"column":78},"end":{"line":635,"column":7}},"line":630},"58":{"name":"(anonymous_58)","decl":{"start":{"line":641,"column":7},"end":{"line":641,"column":8}},"loc":{"start":{"line":641,"column":78},"end":{"line":646,"column":7}},"line":641},"59":{"name":"(anonymous_59)","decl":{"start":{"line":652,"column":7},"end":{"line":652,"column":8}},"loc":{"start":{"line":652,"column":78},"end":{"line":657,"column":7}},"line":652},"60":{"name":"(anonymous_60)","decl":{"start":{"line":663,"column":7},"end":{"line":663,"column":8}},"loc":{"start":{"line":663,"column":78},"end":{"line":668,"column":7}},"line":663},"61":{"name":"(anonymous_61)","decl":{"start":{"line":674,"column":7},"end":{"line":674,"column":8}},"loc":{"start":{"line":674,"column":78},"end":{"line":679,"column":7}},"line":674},"62":{"name":"(anonymous_62)","decl":{"start":{"line":685,"column":7},"end":{"line":685,"column":8}},"loc":{"start":{"line":685,"column":78},"end":{"line":690,"column":7}},"line":685},"63":{"name":"(anonymous_63)","decl":{"start":{"line":696,"column":7},"end":{"line":696,"column":8}},"loc":{"start":{"line":696,"column":78},"end":{"line":701,"column":7}},"line":696},"64":{"name":"(anonymous_64)","decl":{"start":{"line":707,"column":7},"end":{"line":707,"column":8}},"loc":{"start":{"line":707,"column":78},"end":{"line":712,"column":7}},"line":707},"65":{"name":"(anonymous_65)","decl":{"start":{"line":718,"column":7},"end":{"line":718,"column":8}},"loc":{"start":{"line":718,"column":78},"end":{"line":723,"column":7}},"line":718},"66":{"name":"(anonymous_66)","decl":{"start":{"line":729,"column":7},"end":{"line":729,"column":8}},"loc":{"start":{"line":729,"column":78},"end":{"line":734,"column":7}},"line":729},"67":{"name":"(anonymous_67)","decl":{"start":{"line":740,"column":7},"end":{"line":740,"column":8}},"loc":{"start":{"line":740,"column":78},"end":{"line":745,"column":7}},"line":740},"68":{"name":"(anonymous_68)","decl":{"start":{"line":751,"column":7},"end":{"line":751,"column":8}},"loc":{"start":{"line":751,"column":78},"end":{"line":756,"column":7}},"line":751},"69":{"name":"(anonymous_69)","decl":{"start":{"line":762,"column":7},"end":{"line":762,"column":8}},"loc":{"start":{"line":762,"column":78},"end":{"line":767,"column":7}},"line":762},"70":{"name":"(anonymous_70)","decl":{"start":{"line":773,"column":7},"end":{"line":773,"column":8}},"loc":{"start":{"line":773,"column":78},"end":{"line":778,"column":7}},"line":773},"71":{"name":"(anonymous_71)","decl":{"start":{"line":784,"column":7},"end":{"line":784,"column":8}},"loc":{"start":{"line":784,"column":78},"end":{"line":789,"column":7}},"line":784},"72":{"name":"(anonymous_72)","decl":{"start":{"line":795,"column":7},"end":{"line":795,"column":8}},"loc":{"start":{"line":795,"column":78},"end":{"line":800,"column":7}},"line":795},"73":{"name":"(anonymous_73)","decl":{"start":{"line":806,"column":7},"end":{"line":806,"column":8}},"loc":{"start":{"line":806,"column":78},"end":{"line":811,"column":7}},"line":806},"74":{"name":"(anonymous_74)","decl":{"start":{"line":817,"column":7},"end":{"line":817,"column":8}},"loc":{"start":{"line":817,"column":78},"end":{"line":822,"column":7}},"line":817},"75":{"name":"(anonymous_75)","decl":{"start":{"line":828,"column":7},"end":{"line":828,"column":8}},"loc":{"start":{"line":828,"column":78},"end":{"line":833,"column":7}},"line":828},"76":{"name":"(anonymous_76)","decl":{"start":{"line":839,"column":7},"end":{"line":839,"column":8}},"loc":{"start":{"line":839,"column":78},"end":{"line":844,"column":7}},"line":839},"77":{"name":"(anonymous_77)","decl":{"start":{"line":850,"column":7},"end":{"line":850,"column":8}},"loc":{"start":{"line":850,"column":78},"end":{"line":855,"column":7}},"line":850},"78":{"name":"(anonymous_78)","decl":{"start":{"line":861,"column":7},"end":{"line":861,"column":8}},"loc":{"start":{"line":861,"column":78},"end":{"line":866,"column":7}},"line":861},"79":{"name":"(anonymous_79)","decl":{"start":{"line":872,"column":7},"end":{"line":872,"column":8}},"loc":{"start":{"line":872,"column":78},"end":{"line":877,"column":7}},"line":872},"80":{"name":"(anonymous_80)","decl":{"start":{"line":883,"column":7},"end":{"line":883,"column":8}},"loc":{"start":{"line":883,"column":78},"end":{"line":888,"column":7}},"line":883},"81":{"name":"(anonymous_81)","decl":{"start":{"line":894,"column":7},"end":{"line":894,"column":8}},"loc":{"start":{"line":894,"column":66},"end":{"line":899,"column":7}},"line":894},"82":{"name":"(anonymous_82)","decl":{"start":{"line":905,"column":7},"end":{"line":905,"column":8}},"loc":{"start":{"line":905,"column":78},"end":{"line":910,"column":7}},"line":905},"83":{"name":"(anonymous_83)","decl":{"start":{"line":916,"column":7},"end":{"line":916,"column":8}},"loc":{"start":{"line":916,"column":19},"end":{"line":921,"column":7}},"line":916},"84":{"name":"(anonymous_84)","decl":{"start":{"line":927,"column":7},"end":{"line":927,"column":8}},"loc":{"start":{"line":927,"column":66},"end":{"line":932,"column":7}},"line":927},"85":{"name":"(anonymous_85)","decl":{"start":{"line":938,"column":7},"end":{"line":938,"column":8}},"loc":{"start":{"line":938,"column":66},"end":{"line":943,"column":7}},"line":938},"86":{"name":"(anonymous_86)","decl":{"start":{"line":949,"column":7},"end":{"line":949,"column":8}},"loc":{"start":{"line":949,"column":66},"end":{"line":953,"column":7}},"line":949},"87":{"name":"(anonymous_87)","decl":{"start":{"line":959,"column":7},"end":{"line":959,"column":8}},"loc":{"start":{"line":959,"column":19},"end":{"line":964,"column":7}},"line":959},"88":{"name":"(anonymous_88)","decl":{"start":{"line":970,"column":7},"end":{"line":970,"column":8}},"loc":{"start":{"line":970,"column":66},"end":{"line":975,"column":7}},"line":970},"89":{"name":"(anonymous_89)","decl":{"start":{"line":981,"column":7},"end":{"line":981,"column":8}},"loc":{"start":{"line":981,"column":66},"end":{"line":986,"column":7}},"line":981},"90":{"name":"(anonymous_90)","decl":{"start":{"line":992,"column":7},"end":{"line":992,"column":8}},"loc":{"start":{"line":992,"column":78},"end":{"line":997,"column":7}},"line":992},"91":{"name":"(anonymous_91)","decl":{"start":{"line":1003,"column":7},"end":{"line":1003,"column":8}},"loc":{"start":{"line":1003,"column":78},"end":{"line":1008,"column":7}},"line":1003},"92":{"name":"(anonymous_92)","decl":{"start":{"line":1014,"column":7},"end":{"line":1014,"column":8}},"loc":{"start":{"line":1014,"column":78},"end":{"line":1019,"column":7}},"line":1014},"93":{"name":"(anonymous_93)","decl":{"start":{"line":1025,"column":7},"end":{"line":1025,"column":8}},"loc":{"start":{"line":1025,"column":78},"end":{"line":1030,"column":7}},"line":1025},"94":{"name":"(anonymous_94)","decl":{"start":{"line":1036,"column":7},"end":{"line":1036,"column":8}},"loc":{"start":{"line":1036,"column":78},"end":{"line":1041,"column":7}},"line":1036},"95":{"name":"(anonymous_95)","decl":{"start":{"line":1047,"column":7},"end":{"line":1047,"column":8}},"loc":{"start":{"line":1047,"column":45},"end":{"line":1052,"column":7}},"line":1047},"96":{"name":"(anonymous_96)","decl":{"start":{"line":1058,"column":7},"end":{"line":1058,"column":8}},"loc":{"start":{"line":1058,"column":66},"end":{"line":1063,"column":7}},"line":1058},"97":{"name":"(anonymous_97)","decl":{"start":{"line":1069,"column":7},"end":{"line":1069,"column":8}},"loc":{"start":{"line":1069,"column":78},"end":{"line":1074,"column":7}},"line":1069},"98":{"name":"(anonymous_98)","decl":{"start":{"line":1080,"column":7},"end":{"line":1080,"column":8}},"loc":{"start":{"line":1080,"column":78},"end":{"line":1085,"column":7}},"line":1080},"99":{"name":"(anonymous_99)","decl":{"start":{"line":1091,"column":7},"end":{"line":1091,"column":8}},"loc":{"start":{"line":1091,"column":78},"end":{"line":1096,"column":7}},"line":1091},"100":{"name":"(anonymous_100)","decl":{"start":{"line":1102,"column":7},"end":{"line":1102,"column":8}},"loc":{"start":{"line":1102,"column":78},"end":{"line":1107,"column":7}},"line":1102},"101":{"name":"(anonymous_101)","decl":{"start":{"line":1113,"column":7},"end":{"line":1113,"column":8}},"loc":{"start":{"line":1113,"column":78},"end":{"line":1118,"column":7}},"line":1113},"102":{"name":"(anonymous_102)","decl":{"start":{"line":1124,"column":7},"end":{"line":1124,"column":8}},"loc":{"start":{"line":1124,"column":78},"end":{"line":1129,"column":7}},"line":1124},"103":{"name":"(anonymous_103)","decl":{"start":{"line":1135,"column":7},"end":{"line":1135,"column":8}},"loc":{"start":{"line":1135,"column":78},"end":{"line":1140,"column":7}},"line":1135},"104":{"name":"(anonymous_104)","decl":{"start":{"line":1146,"column":7},"end":{"line":1146,"column":8}},"loc":{"start":{"line":1146,"column":78},"end":{"line":1151,"column":7}},"line":1146},"105":{"name":"(anonymous_105)","decl":{"start":{"line":1157,"column":7},"end":{"line":1157,"column":8}},"loc":{"start":{"line":1157,"column":78},"end":{"line":1162,"column":7}},"line":1157},"106":{"name":"(anonymous_106)","decl":{"start":{"line":1168,"column":7},"end":{"line":1168,"column":8}},"loc":{"start":{"line":1168,"column":78},"end":{"line":1173,"column":7}},"line":1168},"107":{"name":"(anonymous_107)","decl":{"start":{"line":1179,"column":7},"end":{"line":1179,"column":8}},"loc":{"start":{"line":1179,"column":78},"end":{"line":1184,"column":7}},"line":1179},"108":{"name":"(anonymous_108)","decl":{"start":{"line":1190,"column":7},"end":{"line":1190,"column":8}},"loc":{"start":{"line":1190,"column":78},"end":{"line":1195,"column":7}},"line":1190},"109":{"name":"(anonymous_109)","decl":{"start":{"line":1201,"column":7},"end":{"line":1201,"column":8}},"loc":{"start":{"line":1201,"column":78},"end":{"line":1206,"column":7}},"line":1201},"110":{"name":"(anonymous_110)","decl":{"start":{"line":1212,"column":7},"end":{"line":1212,"column":8}},"loc":{"start":{"line":1212,"column":78},"end":{"line":1217,"column":7}},"line":1212},"111":{"name":"(anonymous_111)","decl":{"start":{"line":1223,"column":7},"end":{"line":1223,"column":8}},"loc":{"start":{"line":1223,"column":78},"end":{"line":1228,"column":7}},"line":1223},"112":{"name":"(anonymous_112)","decl":{"start":{"line":1234,"column":7},"end":{"line":1234,"column":8}},"loc":{"start":{"line":1234,"column":78},"end":{"line":1239,"column":7}},"line":1234},"113":{"name":"(anonymous_113)","decl":{"start":{"line":1245,"column":7},"end":{"line":1245,"column":8}},"loc":{"start":{"line":1245,"column":78},"end":{"line":1250,"column":7}},"line":1245},"114":{"name":"(anonymous_114)","decl":{"start":{"line":1256,"column":7},"end":{"line":1256,"column":8}},"loc":{"start":{"line":1256,"column":78},"end":{"line":1261,"column":7}},"line":1256},"115":{"name":"(anonymous_115)","decl":{"start":{"line":1267,"column":7},"end":{"line":1267,"column":8}},"loc":{"start":{"line":1267,"column":78},"end":{"line":1272,"column":7}},"line":1267},"116":{"name":"(anonymous_116)","decl":{"start":{"line":1278,"column":7},"end":{"line":1278,"column":8}},"loc":{"start":{"line":1278,"column":78},"end":{"line":1283,"column":7}},"line":1278},"117":{"name":"(anonymous_117)","decl":{"start":{"line":1289,"column":7},"end":{"line":1289,"column":8}},"loc":{"start":{"line":1289,"column":78},"end":{"line":1294,"column":7}},"line":1289},"118":{"name":"(anonymous_118)","decl":{"start":{"line":1300,"column":7},"end":{"line":1300,"column":8}},"loc":{"start":{"line":1300,"column":78},"end":{"line":1305,"column":7}},"line":1300},"119":{"name":"(anonymous_119)","decl":{"start":{"line":1311,"column":7},"end":{"line":1311,"column":8}},"loc":{"start":{"line":1311,"column":78},"end":{"line":1316,"column":7}},"line":1311},"120":{"name":"(anonymous_120)","decl":{"start":{"line":1322,"column":7},"end":{"line":1322,"column":8}},"loc":{"start":{"line":1322,"column":78},"end":{"line":1327,"column":7}},"line":1322},"121":{"name":"(anonymous_121)","decl":{"start":{"line":1333,"column":7},"end":{"line":1333,"column":8}},"loc":{"start":{"line":1333,"column":78},"end":{"line":1338,"column":7}},"line":1333},"122":{"name":"(anonymous_122)","decl":{"start":{"line":1344,"column":7},"end":{"line":1344,"column":8}},"loc":{"start":{"line":1344,"column":66},"end":{"line":1349,"column":7}},"line":1344},"123":{"name":"(anonymous_123)","decl":{"start":{"line":1355,"column":7},"end":{"line":1355,"column":8}},"loc":{"start":{"line":1355,"column":66},"end":{"line":1360,"column":7}},"line":1355},"124":{"name":"(anonymous_124)","decl":{"start":{"line":1366,"column":7},"end":{"line":1366,"column":8}},"loc":{"start":{"line":1366,"column":78},"end":{"line":1371,"column":7}},"line":1366},"125":{"name":"(anonymous_125)","decl":{"start":{"line":1377,"column":7},"end":{"line":1377,"column":8}},"loc":{"start":{"line":1377,"column":78},"end":{"line":1382,"column":7}},"line":1377},"126":{"name":"(anonymous_126)","decl":{"start":{"line":1388,"column":7},"end":{"line":1388,"column":8}},"loc":{"start":{"line":1388,"column":78},"end":{"line":1393,"column":7}},"line":1388},"127":{"name":"(anonymous_127)","decl":{"start":{"line":1399,"column":7},"end":{"line":1399,"column":8}},"loc":{"start":{"line":1399,"column":45},"end":{"line":1404,"column":7}},"line":1399},"128":{"name":"(anonymous_128)","decl":{"start":{"line":1410,"column":7},"end":{"line":1410,"column":8}},"loc":{"start":{"line":1410,"column":45},"end":{"line":1415,"column":7}},"line":1410},"129":{"name":"(anonymous_129)","decl":{"start":{"line":1421,"column":7},"end":{"line":1421,"column":8}},"loc":{"start":{"line":1421,"column":66},"end":{"line":1426,"column":7}},"line":1421},"130":{"name":"(anonymous_130)","decl":{"start":{"line":1432,"column":7},"end":{"line":1432,"column":8}},"loc":{"start":{"line":1432,"column":66},"end":{"line":1437,"column":7}},"line":1432},"131":{"name":"(anonymous_131)","decl":{"start":{"line":1443,"column":7},"end":{"line":1443,"column":8}},"loc":{"start":{"line":1443,"column":19},"end":{"line":1447,"column":7}},"line":1443},"132":{"name":"(anonymous_132)","decl":{"start":{"line":1453,"column":7},"end":{"line":1453,"column":8}},"loc":{"start":{"line":1453,"column":78},"end":{"line":1458,"column":7}},"line":1453},"133":{"name":"(anonymous_133)","decl":{"start":{"line":1464,"column":7},"end":{"line":1464,"column":8}},"loc":{"start":{"line":1464,"column":78},"end":{"line":1469,"column":7}},"line":1464},"134":{"name":"(anonymous_134)","decl":{"start":{"line":1475,"column":7},"end":{"line":1475,"column":8}},"loc":{"start":{"line":1475,"column":78},"end":{"line":1480,"column":7}},"line":1475},"135":{"name":"(anonymous_135)","decl":{"start":{"line":1486,"column":7},"end":{"line":1486,"column":8}},"loc":{"start":{"line":1486,"column":78},"end":{"line":1491,"column":7}},"line":1486},"136":{"name":"(anonymous_136)","decl":{"start":{"line":1497,"column":7},"end":{"line":1497,"column":8}},"loc":{"start":{"line":1497,"column":78},"end":{"line":1502,"column":7}},"line":1497},"137":{"name":"(anonymous_137)","decl":{"start":{"line":1508,"column":7},"end":{"line":1508,"column":8}},"loc":{"start":{"line":1508,"column":78},"end":{"line":1513,"column":7}},"line":1508},"138":{"name":"(anonymous_138)","decl":{"start":{"line":1519,"column":7},"end":{"line":1519,"column":8}},"loc":{"start":{"line":1519,"column":78},"end":{"line":1524,"column":7}},"line":1519},"139":{"name":"(anonymous_139)","decl":{"start":{"line":1530,"column":7},"end":{"line":1530,"column":8}},"loc":{"start":{"line":1530,"column":90},"end":{"line":1535,"column":7}},"line":1530},"140":{"name":"(anonymous_140)","decl":{"start":{"line":1541,"column":7},"end":{"line":1541,"column":8}},"loc":{"start":{"line":1541,"column":90},"end":{"line":1546,"column":7}},"line":1541},"141":{"name":"(anonymous_141)","decl":{"start":{"line":1552,"column":7},"end":{"line":1552,"column":8}},"loc":{"start":{"line":1552,"column":90},"end":{"line":1557,"column":7}},"line":1552},"142":{"name":"(anonymous_142)","decl":{"start":{"line":1563,"column":7},"end":{"line":1563,"column":8}},"loc":{"start":{"line":1563,"column":90},"end":{"line":1568,"column":7}},"line":1563},"143":{"name":"__webpack_require__","decl":{"start":{"line":1576,"column":19},"end":{"line":1576,"column":38}},"loc":{"start":{"line":1576,"column":49},"end":{"line":1594,"column":11}},"line":1576},"144":{"name":"(anonymous_144)","decl":{"start":{"line":1598,"column":11},"end":{"line":1598,"column":12}},"loc":{"start":{"line":1598,"column":17},"end":{"line":1607,"column":11}},"line":1598},"145":{"name":"(anonymous_145)","decl":{"start":{"line":1600,"column":35},"end":{"line":1600,"column":36}},"loc":{"start":{"line":1600,"column":47},"end":{"line":1606,"column":12}},"line":1600},"146":{"name":"(anonymous_146)","decl":{"start":{"line":1602,"column":13},"end":{"line":1602,"column":14}},"loc":{"start":{"line":1602,"column":20},"end":{"line":1602,"column":37}},"line":1602},"147":{"name":"(anonymous_147)","decl":{"start":{"line":1603,"column":13},"end":{"line":1603,"column":14}},"loc":{"start":{"line":1603,"column":20},"end":{"line":1603,"column":26}},"line":1603},"148":{"name":"(anonymous_148)","decl":{"start":{"line":1610,"column":11},"end":{"line":1610,"column":12}},"loc":{"start":{"line":1610,"column":17},"end":{"line":1619,"column":11}},"line":1610},"149":{"name":"(anonymous_149)","decl":{"start":{"line":1612,"column":35},"end":{"line":1612,"column":36}},"loc":{"start":{"line":1612,"column":60},"end":{"line":1618,"column":12}},"line":1612},"150":{"name":"(anonymous_150)","decl":{"start":{"line":1622,"column":11},"end":{"line":1622,"column":12}},"loc":{"start":{"line":1622,"column":17},"end":{"line":1631,"column":11}},"line":1622},"151":{"name":"(anonymous_151)","decl":{"start":{"line":1623,"column":36},"end":{"line":1623,"column":37}},"loc":{"start":{"line":1623,"column":47},"end":{"line":1630,"column":12}},"line":1623},"152":{"name":"(anonymous_152)","decl":{"start":{"line":1634,"column":11},"end":{"line":1634,"column":12}},"loc":{"start":{"line":1634,"column":17},"end":{"line":1636,"column":11}},"line":1634},"153":{"name":"(anonymous_153)","decl":{"start":{"line":1635,"column":35},"end":{"line":1635,"column":36}},"loc":{"start":{"line":1635,"column":51},"end":{"line":1635,"column":98}},"line":1635},"154":{"name":"(anonymous_154)","decl":{"start":{"line":1639,"column":11},"end":{"line":1639,"column":12}},"loc":{"start":{"line":1639,"column":17},"end":{"line":1647,"column":11}},"line":1639},"155":{"name":"(anonymous_155)","decl":{"start":{"line":1641,"column":35},"end":{"line":1641,"column":36}},"loc":{"start":{"line":1641,"column":48},"end":{"line":1646,"column":12}},"line":1641}},"branchMap":{"0":{"loc":{"start":{"line":1579,"column":11},"end":{"line":1581,"column":12}},"type":"if","locations":[{"start":{"line":1579,"column":11},"end":{"line":1581,"column":12}},{"start":{},"end":{}}],"line":1579},"1":{"loc":{"start":{"line":1601,"column":25},"end":{"line":1603,"column":27}},"type":"cond-expr","locations":[{"start":{"line":1602,"column":13},"end":{"line":1602,"column":38}},{"start":{"line":1603,"column":13},"end":{"line":1603,"column":27}}],"line":1601},"2":{"loc":{"start":{"line":1601,"column":25},"end":{"line":1601,"column":52}},"type":"binary-expr","locations":[{"start":{"line":1601,"column":25},"end":{"line":1601,"column":31}},{"start":{"line":1601,"column":35},"end":{"line":1601,"column":52}}],"line":1601},"3":{"loc":{"start":{"line":1614,"column":13},"end":{"line":1616,"column":14}},"type":"if","locations":[{"start":{"line":1614,"column":13},"end":{"line":1616,"column":14}},{"start":{},"end":{}}],"line":1614},"4":{"loc":{"start":{"line":1614,"column":16},"end":{"line":1614,"column":94}},"type":"binary-expr","locations":[{"start":{"line":1614,"column":16},"end":{"line":1614,"column":54}},{"start":{"line":1614,"column":58},"end":{"line":1614,"column":94}}],"line":1614},"5":{"loc":{"start":{"line":1624,"column":12},"end":{"line":1624,"column":66}},"type":"if","locations":[{"start":{"line":1624,"column":12},"end":{"line":1624,"column":66}},{"start":{},"end":{}}],"line":1624},"6":{"loc":{"start":{"line":1626,"column":20},"end":{"line":1626,"column":57}},"type":"binary-expr","locations":[{"start":{"line":1626,"column":20},"end":{"line":1626,"column":24}},{"start":{"line":1626,"column":28},"end":{"line":1626,"column":57}}],"line":1626},"7":{"loc":{"start":{"line":1628,"column":13},"end":{"line":1628,"column":59}},"type":"if","locations":[{"start":{"line":1628,"column":13},"end":{"line":1628,"column":59}},{"start":{},"end":{}}],"line":1628},"8":{"loc":{"start":{"line":1642,"column":12},"end":{"line":1644,"column":13}},"type":"if","locations":[{"start":{"line":1642,"column":12},"end":{"line":1644,"column":13}},{"start":{},"end":{}}],"line":1642},"9":{"loc":{"start":{"line":1642,"column":15},"end":{"line":1642,"column":66}},"type":"binary-expr","locations":[{"start":{"line":1642,"column":15},"end":{"line":1642,"column":44}},{"start":{"line":1642,"column":48},"end":{"line":1642,"column":66}}],"line":1642}},"s":{"0":0,"1":0,"2":0,"3":0,"4":0,"5":0,"6":0,"7":0,"8":0,"9":0,"10":0,"11":0,"12":0,"13":0,"14":0,"15":0,"16":0,"17":0,"18":0,"19":0,"20":0,"21":0,"22":0,"23":0,"24":0,"25":0,"26":0,"27":0,"28":0,"29":0,"30":0,"31":0,"32":0,"33":0,"34":0,"35":0,"36":0,"37":0,"38":0,"39":0,"40":0,"41":0,"42":0,"43":0,"44":0,"45":0,"46":0,"47":0,"48":0,"49":0,"50":0,"51":0,"52":0,"53":0,"54":0,"55":0,"56":0,"57":0,"58":0,"59":0,"60":0,"61":0,"62":0,"63":0,"64":0,"65":0,"66":0,"67":0,"68":0,"69":0,"70":0,"71":0,"72":0,"73":0,"74":0,"75":0,"76":0,"77":0,"78":0,"79":0,"80":0,"81":0,"82":0,"83":0,"84":0,"85":0,"86":0,"87":0,"88":0,"89":0,"90":0,"91":0,"92":0,"93":0,"94":0,"95":0,"96":0,"97":0,"98":0,"99":0,"100":0,"101":0,"102":0,"103":0,"104":0,"105":0,"106":0,"107":0,"108":0,"109":0,"110":0,"111":0,"112":0,"113":0,"114":0,"115":0,"116":0,"117":0,"118":0,"119":0,"120":0,"121":0,"122":0,"123":0,"124":0,"125":0,"126":0,"127":0,"128":0,"129":0,"130":0,"131":0,"132":0,"133":0,"134":0,"135":0,"136":0,"137":0,"138":0,"139":0,"140":0,"141":0,"142":0,"143":0,"144":0,"145":0,"146":0,"147":0,"148":0,"149":0,"150":0,"151":0,"152":0,"153":0,"154":0,"155":0,"156":0,"157":0,"158":0,"159":0,"160":0,"161":0,"162":0,"163":0,"164":0,"165":0,"166":0,"167":0,"168":0,"169":0,"170":0,"171":0,"172":0,"173":0,"174":0,"175":0,"176":0,"177":0,"178":0,"179":0},"f":{"0":0,"1":0,"2":0,"3":0,"4":0,"5":0,"6":0,"7":0,"8":0,"9":0,"10":0,"11":0,"12":0,"13":0,"14":0,"15":0,"16":0,"17":0,"18":0,"19":0,"20":0,"21":0,"22":0,"23":0,"24":0,"25":0,"26":0,"27":0,"28":0,"29":0,"30":0,"31":0,"32":0,"33":0,"34":0,"35":0,"36":0,"37":0,"38":0,"39":0,"40":0,"41":0,"42":0,"43":0,"44":0,"45":0,"46":0,"47":0,"48":0,"49":0,"50":0,"51":0,"52":0,"53":0,"54":0,"55":0,"56":0,"57":0,"58":0,"59":0,"60":0,"61":0,"62":0,"63":0,"64":0,"65":0,"66":0,"67":0,"68":0,"69":0,"70":0,"71":0,"72":0,"73":0,"74":0,"75":0,"76":0,"77":0,"78":0,"79":0,"80":0,"81":0,"82":0,"83":0,"84":0,"85":0,"86":0,"87":0,"88":0,"89":0,"90":0,"91":0,"92":0,"93":0,"94":0,"95":0,"96":0,"97":0,"98":0,"99":0,"100":0,"101":0,"102":0,"103":0,"104":0,"105":0,"106":0,"107":0,"108":0,"109":0,"110":0,"111":0,"112":0,"113":0,"114":0,"115":0,"116":0,"117":0,"118":0,"119":0,"120":0,"121":0,"122":0,"123":0,"124":0,"125":0,"126":0,"127":0,"128":0,"129":0,"130":0,"131":0,"132":0,"133":0,"134":0,"135":0,"136":0,"137":0,"138":0,"139":0,"140":0,"141":0,"142":0,"143":0,"144":0,"145":0,"146":0,"147":0,"148":0,"149":0,"150":0,"151":0,"152":0,"153":0,"154":0,"155":0},"b":{"0":[0,0],"1":[0,0],"2":[0,0],"3":[0,0],"4":[0,0],"5":[0,0],"6":[0,0],"7":[0,0],"8":[0,0],"9":[0,0]}}
,"/Users/yuzhang/Desktop/JS/HR/Projects/FEC/atelier/client/src/index.js": {"path":"/Users/yuzhang/Desktop/JS/HR/Projects/FEC/atelier/client/src/index.js","statementMap":{"0":{"start":{"line":10,"column":0},"end":{"line":17,"column":2}}},"fnMap":{},"branchMap":{},"s":{"0":0},"f":{},"b":{}}
,"/Users/yuzhang/Desktop/JS/HR/Projects/FEC/atelier/client/src/components/App.jsx": {"path":"/Users/yuzhang/Desktop/JS/HR/Projects/FEC/atelier/client/src/components/App.jsx","statementMap":{"0":{"start":{"line":10,"column":12},"end":{"line":22,"column":1}},"1":{"start":{"line":11,"column":2},"end":{"line":21,"column":4}}},"fnMap":{"0":{"name":"(anonymous_0)","decl":{"start":{"line":10,"column":12},"end":{"line":10,"column":13}},"loc":{"start":{"line":10,"column":18},"end":{"line":22,"column":1}},"line":10}},"branchMap":{},"s":{"0":0,"1":0},"f":{"0":0},"b":{}}
,"/Users/yuzhang/Desktop/JS/HR/Projects/FEC/atelier/client/src/components/overview/ButtonPanel.jsx": {"path":"/Users/yuzhang/Desktop/JS/HR/Projects/FEC/atelier/client/src/components/overview/ButtonPanel.jsx","statementMap":{"0":{"start":{"line":6,"column":23},"end":{"line":12,"column":1}},"1":{"start":{"line":7,"column":2},"end":{"line":7,"column":25}},"2":{"start":{"line":7,"column":16},"end":{"line":7,"column":25}},"3":{"start":{"line":9,"column":2},"end":{"line":9,"column":44}},"4":{"start":{"line":9,"column":35},"end":{"line":9,"column":44}},"5":{"start":{"line":10,"column":19},"end":{"line":10,"column":64}},"6":{"start":{"line":11,"column":2},"end":{"line":11,"column":39}},"7":{"start":{"line":14,"column":20},"end":{"line":54,"column":1}},"8":{"start":{"line":15,"column":26},"end":{"line":15,"column":45}},"9":{"start":{"line":16,"column":34},"end":{"line":16,"column":45}},"10":{"start":{"line":19,"column":2},"end":{"line":22,"column":21}},"11":{"start":{"line":20,"column":4},"end":{"line":20,"column":23}},"12":{"start":{"line":21,"column":4},"end":{"line":21,"column":19}},"13":{"start":{"line":24,"column":2},"end":{"line":53,"column":4}}},"fnMap":{"0":{"name":"(anonymous_0)","decl":{"start":{"line":6,"column":23},"end":{"line":6,"column":24}},"loc":{"start":{"line":6,"column":50},"end":{"line":12,"column":1}},"line":6},"1":{"name":"(anonymous_1)","decl":{"start":{"line":14,"column":20},"end":{"line":14,"column":21}},"loc":{"start":{"line":14,"column":42},"end":{"line":54,"column":1}},"line":14},"2":{"name":"(anonymous_2)","decl":{"start":{"line":19,"column":12},"end":{"line":19,"column":13}},"loc":{"start":{"line":19,"column":18},"end":{"line":22,"column":3}},"line":19}},"branchMap":{"0":{"loc":{"start":{"line":7,"column":2},"end":{"line":7,"column":25}},"type":"if","locations":[{"start":{"line":7,"column":2},"end":{"line":7,"column":25}},{"start":{},"end":{}}],"line":7},"1":{"loc":{"start":{"line":9,"column":2},"end":{"line":9,"column":44}},"type":"if","locations":[{"start":{"line":9,"column":2},"end":{"line":9,"column":44}},{"start":{},"end":{}}],"line":9},"2":{"loc":{"start":{"line":11,"column":9},"end":{"line":11,"column":38}},"type":"cond-expr","locations":[{"start":{"line":11,"column":25},"end":{"line":11,"column":27}},{"start":{"line":11,"column":30},"end":{"line":11,"column":38}}],"line":11}},"s":{"0":0,"1":0,"2":0,"3":0,"4":0,"5":0,"6":0,"7":0,"8":0,"9":0,"10":0,"11":0,"12":0,"13":0},"f":{"0":0,"1":0,"2":0},"b":{"0":[0,0],"1":[0,0],"2":[0,0]}}
,"/Users/yuzhang/Desktop/JS/HR/Projects/FEC/atelier/client/src/components/overview/Gallery.jsx": {"path":"/Users/yuzhang/Desktop/JS/HR/Projects/FEC/atelier/client/src/components/overview/Gallery.jsx","statementMap":{"0":{"start":{"line":10,"column":20},"end":{"line":13,"column":1}},"1":{"start":{"line":11,"column":2},"end":{"line":11,"column":63}},"2":{"start":{"line":11,"column":50},"end":{"line":11,"column":63}},"3":{"start":{"line":12,"column":2},"end":{"line":12,"column":36}},"4":{"start":{"line":15,"column":16},"end":{"line":50,"column":1}},"5":{"start":{"line":16,"column":38},"end":{"line":16,"column":49}},"6":{"start":{"line":18,"column":26},"end":{"line":18,"column":61}},"7":{"start":{"line":18,"column":32},"end":{"line":18,"column":61}},"8":{"start":{"line":19,"column":26},"end":{"line":19,"column":61}},"9":{"start":{"line":19,"column":32},"end":{"line":19,"column":61}},"10":{"start":{"line":21,"column":2},"end":{"line":49,"column":4}},"11":{"start":{"line":25,"column":8},"end":{"line":37,"column":10}},"12":{"start":{"line":36,"column":25},"end":{"line":36,"column":45}}},"fnMap":{"0":{"name":"(anonymous_0)","decl":{"start":{"line":10,"column":20},"end":{"line":10,"column":21}},"loc":{"start":{"line":10,"column":38},"end":{"line":13,"column":1}},"line":10},"1":{"name":"(anonymous_1)","decl":{"start":{"line":15,"column":16},"end":{"line":15,"column":17}},"loc":{"start":{"line":15,"column":38},"end":{"line":50,"column":1}},"line":15},"2":{"name":"(anonymous_2)","decl":{"start":{"line":18,"column":26},"end":{"line":18,"column":27}},"loc":{"start":{"line":18,"column":32},"end":{"line":18,"column":61}},"line":18},"3":{"name":"(anonymous_3)","decl":{"start":{"line":19,"column":26},"end":{"line":19,"column":27}},"loc":{"start":{"line":19,"column":32},"end":{"line":19,"column":61}},"line":19},"4":{"name":"(anonymous_4)","decl":{"start":{"line":24,"column":32},"end":{"line":24,"column":33}},"loc":{"start":{"line":25,"column":8},"end":{"line":37,"column":10}},"line":25},"5":{"name":"(anonymous_5)","decl":{"start":{"line":36,"column":19},"end":{"line":36,"column":20}},"loc":{"start":{"line":36,"column":25},"end":{"line":36,"column":45}},"line":36}},"branchMap":{"0":{"loc":{"start":{"line":11,"column":2},"end":{"line":11,"column":63}},"type":"if","locations":[{"start":{"line":11,"column":2},"end":{"line":11,"column":63}},{"start":{},"end":{}}],"line":11},"1":{"loc":{"start":{"line":11,"column":6},"end":{"line":11,"column":48}},"type":"binary-expr","locations":[{"start":{"line":11,"column":6},"end":{"line":11,"column":25}},{"start":{"line":11,"column":29},"end":{"line":11,"column":48}}],"line":11},"2":{"loc":{"start":{"line":33,"column":29},"end":{"line":33,"column":67}},"type":"cond-expr","locations":[{"start":{"line":33,"column":52},"end":{"line":33,"column":57}},{"start":{"line":33,"column":60},"end":{"line":33,"column":67}}],"line":33}},"s":{"0":0,"1":0,"2":0,"3":0,"4":0,"5":0,"6":0,"7":0,"8":0,"9":0,"10":0,"11":0,"12":0},"f":{"0":0,"1":0,"2":0,"3":0,"4":0,"5":0},"b":{"0":[0,0],"1":[0,0],"2":[0,0]}}
,"/Users/yuzhang/Desktop/JS/HR/Projects/FEC/atelier/client/src/components/overview/HeaderPanel.jsx": {"path":"/Users/yuzhang/Desktop/JS/HR/Projects/FEC/atelier/client/src/components/overview/HeaderPanel.jsx","statementMap":{"0":{"start":{"line":6,"column":20},"end":{"line":22,"column":1}},"1":{"start":{"line":7,"column":17},"end":{"line":7,"column":49}},"2":{"start":{"line":9,"column":2},"end":{"line":21,"column":4}},"3":{"start":{"line":24,"column":17},"end":{"line":36,"column":1}},"4":{"start":{"line":25,"column":2},"end":{"line":25,"column":33}},"5":{"start":{"line":25,"column":21},"end":{"line":25,"column":33}},"6":{"start":{"line":26,"column":2},"end":{"line":27,"column":54}},"7":{"start":{"line":27,"column":4},"end":{"line":27,"column":54}},"8":{"start":{"line":28,"column":2},"end":{"line":35,"column":4}}},"fnMap":{"0":{"name":"(anonymous_0)","decl":{"start":{"line":6,"column":20},"end":{"line":6,"column":21}},"loc":{"start":{"line":6,"column":51},"end":{"line":22,"column":1}},"line":6},"1":{"name":"(anonymous_1)","decl":{"start":{"line":24,"column":17},"end":{"line":24,"column":18}},"loc":{"start":{"line":24,"column":39},"end":{"line":36,"column":1}},"line":24}},"branchMap":{"0":{"loc":{"start":{"line":25,"column":2},"end":{"line":25,"column":33}},"type":"if","locations":[{"start":{"line":25,"column":2},"end":{"line":25,"column":33}},{"start":{},"end":{}}],"line":25},"1":{"loc":{"start":{"line":26,"column":2},"end":{"line":27,"column":54}},"type":"if","locations":[{"start":{"line":26,"column":2},"end":{"line":27,"column":54}},{"start":{},"end":{}}],"line":26}},"s":{"0":0,"1":0,"2":0,"3":0,"4":0,"5":0,"6":0,"7":0,"8":0},"f":{"0":0,"1":0},"b":{"0":[0,0],"1":[0,0]}}
,"/Users/yuzhang/Desktop/JS/HR/Projects/FEC/atelier/client/src/components/overview/OverView.jsx": {"path":"/Users/yuzhang/Desktop/JS/HR/Projects/FEC/atelier/client/src/components/overview/OverView.jsx","statementMap":{"0":{"start":{"line":10,"column":17},"end":{"line":47,"column":1}},"1":{"start":{"line":11,"column":19},"end":{"line":11,"column":32}},"2":{"start":{"line":13,"column":2},"end":{"line":16,"column":9}},"3":{"start":{"line":14,"column":4},"end":{"line":14,"column":28}},"4":{"start":{"line":15,"column":4},"end":{"line":15,"column":27}},"5":{"start":{"line":18,"column":18},"end":{"line":18,"column":44}},"6":{"start":{"line":19,"column":17},"end":{"line":19,"column":42}},"7":{"start":{"line":20,"column":44},"end":{"line":20,"column":63}},"8":{"start":{"line":21,"column":23},"end":{"line":21,"column":69}},"9":{"start":{"line":23,"column":2},"end":{"line":46,"column":4}}},"fnMap":{"0":{"name":"(anonymous_0)","decl":{"start":{"line":10,"column":17},"end":{"line":10,"column":18}},"loc":{"start":{"line":10,"column":23},"end":{"line":47,"column":1}},"line":10},"1":{"name":"(anonymous_1)","decl":{"start":{"line":13,"column":12},"end":{"line":13,"column":13}},"loc":{"start":{"line":13,"column":18},"end":{"line":16,"column":3}},"line":13}},"branchMap":{},"s":{"0":0,"1":0,"2":0,"3":0,"4":0,"5":0,"6":0,"7":0,"8":0,"9":0},"f":{"0":0,"1":0},"b":{}}
,"/Users/yuzhang/Desktop/JS/HR/Projects/FEC/atelier/client/src/components/overview/StylePanel.jsx": {"path":"/Users/yuzhang/Desktop/JS/HR/Projects/FEC/atelier/client/src/components/overview/StylePanel.jsx","statementMap":{"0":{"start":{"line":4,"column":19},"end":{"line":30,"column":1}},"1":{"start":{"line":6,"column":2},"end":{"line":29,"column":4}},"2":{"start":{"line":21,"column":10},"end":{"line":25,"column":12}},"3":{"start":{"line":24,"column":27},"end":{"line":24,"column":59}}},"fnMap":{"0":{"name":"(anonymous_0)","decl":{"start":{"line":4,"column":19},"end":{"line":4,"column":20}},"loc":{"start":{"line":4,"column":67},"end":{"line":30,"column":1}},"line":4},"1":{"name":"(anonymous_1)","decl":{"start":{"line":20,"column":20},"end":{"line":20,"column":21}},"loc":{"start":{"line":21,"column":10},"end":{"line":25,"column":12}},"line":21},"2":{"name":"(anonymous_2)","decl":{"start":{"line":24,"column":21},"end":{"line":24,"column":22}},"loc":{"start":{"line":24,"column":27},"end":{"line":24,"column":59}},"line":24}},"branchMap":{},"s":{"0":0,"1":0,"2":0,"3":0},"f":{"0":0,"1":0,"2":0},"b":{}}
,"/Users/yuzhang/Desktop/JS/HR/Projects/FEC/atelier/client/src/components/overview/styles/Avatar.styled.js": {"path":"/Users/yuzhang/Desktop/JS/HR/Projects/FEC/atelier/client/src/components/overview/styles/Avatar.styled.js","statementMap":{"0":{"start":{"line":3,"column":15},"end":{"line":9,"column":1}},"1":{"start":{"line":7,"column":39},"end":{"line":7,"column":42}}},"fnMap":{"0":{"name":"(anonymous_0)","decl":{"start":{"line":7,"column":26},"end":{"line":7,"column":27}},"loc":{"start":{"line":7,"column":39},"end":{"line":7,"column":42}},"line":7}},"branchMap":{},"s":{"0":0,"1":0},"f":{"0":0},"b":{}}
,"/Users/yuzhang/Desktop/JS/HR/Projects/FEC/atelier/client/src/components/overview/styles/ImageFrame.styled.js": {"path":"/Users/yuzhang/Desktop/JS/HR/Projects/FEC/atelier/client/src/components/overview/styles/ImageFrame.styled.js","statementMap":{"0":{"start":{"line":3,"column":19},"end":{"line":8,"column":1}},"1":{"start":{"line":4,"column":39},"end":{"line":4,"column":42}}},"fnMap":{"0":{"name":"(anonymous_0)","decl":{"start":{"line":4,"column":26},"end":{"line":4,"column":27}},"loc":{"start":{"line":4,"column":39},"end":{"line":4,"column":42}},"line":4}},"branchMap":{},"s":{"0":0,"1":0},"f":{"0":0},"b":{}}
,"/Users/yuzhang/Desktop/JS/HR/Projects/FEC/atelier/client/src/components/overview/styles/Select.styled.js": {"path":"/Users/yuzhang/Desktop/JS/HR/Projects/FEC/atelier/client/src/components/overview/styles/Select.styled.js","statementMap":{"0":{"start":{"line":4,"column":15},"end":{"line":10,"column":1}}},"fnMap":{},"branchMap":{},"s":{"0":0},"f":{},"b":{}}
,"/Users/yuzhang/Desktop/JS/HR/Projects/FEC/atelier/client/src/components/questions/AddAnswer.jsx": {"path":"/Users/yuzhang/Desktop/JS/HR/Projects/FEC/atelier/client/src/components/questions/AddAnswer.jsx","statementMap":{"0":{"start":{"line":12,"column":18},"end":{"line":118,"column":1}},"1":{"start":{"line":14,"column":19},"end":{"line":14,"column":32}},"2":{"start":{"line":16,"column":2},"end":{"line":16,"column":47}},"3":{"start":{"line":16,"column":18},"end":{"line":16,"column":41}},"4":{"start":{"line":18,"column":18},"end":{"line":18,"column":44}},"5":{"start":{"line":20,"column":38},"end":{"line":20,"column":50}},"6":{"start":{"line":21,"column":34},"end":{"line":21,"column":46}},"7":{"start":{"line":22,"column":28},"end":{"line":22,"column":40}},"8":{"start":{"line":25,"column":36},"end":{"line":25,"column":51}},"9":{"start":{"line":27,"column":21},"end":{"line":29,"column":3}},"10":{"start":{"line":28,"column":4},"end":{"line":28,"column":24}},"11":{"start":{"line":32,"column":23},"end":{"line":50,"column":3}},"12":{"start":{"line":34,"column":4},"end":{"line":34,"column":22}},"13":{"start":{"line":36,"column":22},"end":{"line":42,"column":5}},"14":{"start":{"line":44,"column":4},"end":{"line":44,"column":52}},"15":{"start":{"line":47,"column":4},"end":{"line":47,"column":17}},"16":{"start":{"line":55,"column":4},"end":{"line":108,"column":10}},"17":{"start":{"line":70,"column":29},"end":{"line":70,"column":58}},"18":{"start":{"line":81,"column":29},"end":{"line":81,"column":56}},"19":{"start":{"line":95,"column":29},"end":{"line":95,"column":53}},"20":{"start":{"line":112,"column":2},"end":{"line":117,"column":3}},"21":{"start":{"line":114,"column":24},"end":{"line":114,"column":42}}},"fnMap":{"0":{"name":"(anonymous_0)","decl":{"start":{"line":12,"column":18},"end":{"line":12,"column":19}},"loc":{"start":{"line":12,"column":36},"end":{"line":118,"column":1}},"line":12},"1":{"name":"(anonymous_1)","decl":{"start":{"line":16,"column":12},"end":{"line":16,"column":13}},"loc":{"start":{"line":16,"column":18},"end":{"line":16,"column":41}},"line":16},"2":{"name":"(anonymous_2)","decl":{"start":{"line":27,"column":21},"end":{"line":27,"column":22}},"loc":{"start":{"line":27,"column":27},"end":{"line":29,"column":3}},"line":27},"3":{"name":"(anonymous_3)","decl":{"start":{"line":32,"column":23},"end":{"line":32,"column":24}},"loc":{"start":{"line":32,"column":28},"end":{"line":50,"column":3}},"line":32},"4":{"name":"(anonymous_4)","decl":{"start":{"line":70,"column":24},"end":{"line":70,"column":25}},"loc":{"start":{"line":70,"column":29},"end":{"line":70,"column":58}},"line":70},"5":{"name":"(anonymous_5)","decl":{"start":{"line":81,"column":24},"end":{"line":81,"column":25}},"loc":{"start":{"line":81,"column":29},"end":{"line":81,"column":56}},"line":81},"6":{"name":"(anonymous_6)","decl":{"start":{"line":95,"column":24},"end":{"line":95,"column":25}},"loc":{"start":{"line":95,"column":29},"end":{"line":95,"column":53}},"line":95},"7":{"name":"(anonymous_7)","decl":{"start":{"line":114,"column":18},"end":{"line":114,"column":19}},"loc":{"start":{"line":114,"column":24},"end":{"line":114,"column":42}},"line":114}},"branchMap":{"0":{"loc":{"start":{"line":57,"column":11},"end":{"line":57,"column":34}},"type":"binary-expr","locations":[{"start":{"line":57,"column":11},"end":{"line":57,"column":18}},{"start":{"line":57,"column":22},"end":{"line":57,"column":34}}],"line":57},"1":{"loc":{"start":{"line":115,"column":7},"end":{"line":115,"column":83}},"type":"binary-expr","locations":[{"start":{"line":115,"column":7},"end":{"line":115,"column":16}},{"start":{"line":115,"column":20},"end":{"line":115,"column":83}}],"line":115}},"s":{"0":2,"1":1,"2":1,"3":0,"4":1,"5":1,"6":1,"7":1,"8":1,"9":1,"10":0,"11":1,"12":0,"13":0,"14":0,"15":0,"16":1,"17":0,"18":0,"19":0,"20":1,"21":0},"f":{"0":1,"1":0,"2":0,"3":0,"4":0,"5":0,"6":0,"7":0},"b":{"0":[1,0],"1":[1,0]},"_coverageSchema":"1a1c01bbd47fc00a2c39e90264f33305004495a9","hash":"0825162e255735c85e76399a222db62f78517013"}
,"/Users/yuzhang/Desktop/JS/HR/Projects/FEC/atelier/client/src/components/questions/AddQuestion.jsx": {"path":"/Users/yuzhang/Desktop/JS/HR/Projects/FEC/atelier/client/src/components/questions/AddQuestion.jsx","statementMap":{"0":{"start":{"line":12,"column":20},"end":{"line":122,"column":1}},"1":{"start":{"line":14,"column":19},"end":{"line":14,"column":32}},"2":{"start":{"line":16,"column":2},"end":{"line":16,"column":47}},"3":{"start":{"line":16,"column":18},"end":{"line":16,"column":41}},"4":{"start":{"line":18,"column":18},"end":{"line":18,"column":44}},"5":{"start":{"line":20,"column":42},"end":{"line":20,"column":54}},"6":{"start":{"line":21,"column":34},"end":{"line":21,"column":46}},"7":{"start":{"line":22,"column":28},"end":{"line":22,"column":40}},"8":{"start":{"line":25,"column":36},"end":{"line":25,"column":51}},"9":{"start":{"line":28,"column":21},"end":{"line":30,"column":3}},"10":{"start":{"line":29,"column":4},"end":{"line":29,"column":24}},"11":{"start":{"line":33,"column":25},"end":{"line":53,"column":3}},"12":{"start":{"line":35,"column":4},"end":{"line":35,"column":22}},"13":{"start":{"line":38,"column":24},"end":{"line":45,"column":5}},"14":{"start":{"line":49,"column":4},"end":{"line":49,"column":17}},"15":{"start":{"line":58,"column":4},"end":{"line":112,"column":10}},"16":{"start":{"line":73,"column":29},"end":{"line":73,"column":60}},"17":{"start":{"line":84,"column":29},"end":{"line":84,"column":56}},"18":{"start":{"line":98,"column":29},"end":{"line":98,"column":53}},"19":{"start":{"line":116,"column":2},"end":{"line":121,"column":3}},"20":{"start":{"line":118,"column":29},"end":{"line":118,"column":47}}},"fnMap":{"0":{"name":"(anonymous_0)","decl":{"start":{"line":12,"column":20},"end":{"line":12,"column":21}},"loc":{"start":{"line":12,"column":26},"end":{"line":122,"column":1}},"line":12},"1":{"name":"(anonymous_1)","decl":{"start":{"line":16,"column":12},"end":{"line":16,"column":13}},"loc":{"start":{"line":16,"column":18},"end":{"line":16,"column":41}},"line":16},"2":{"name":"(anonymous_2)","decl":{"start":{"line":28,"column":21},"end":{"line":28,"column":22}},"loc":{"start":{"line":28,"column":27},"end":{"line":30,"column":3}},"line":28},"3":{"name":"(anonymous_3)","decl":{"start":{"line":33,"column":25},"end":{"line":33,"column":26}},"loc":{"start":{"line":33,"column":30},"end":{"line":53,"column":3}},"line":33},"4":{"name":"(anonymous_4)","decl":{"start":{"line":73,"column":24},"end":{"line":73,"column":25}},"loc":{"start":{"line":73,"column":29},"end":{"line":73,"column":60}},"line":73},"5":{"name":"(anonymous_5)","decl":{"start":{"line":84,"column":24},"end":{"line":84,"column":25}},"loc":{"start":{"line":84,"column":29},"end":{"line":84,"column":56}},"line":84},"6":{"name":"(anonymous_6)","decl":{"start":{"line":98,"column":24},"end":{"line":98,"column":25}},"loc":{"start":{"line":98,"column":29},"end":{"line":98,"column":53}},"line":98},"7":{"name":"(anonymous_7)","decl":{"start":{"line":118,"column":23},"end":{"line":118,"column":24}},"loc":{"start":{"line":118,"column":29},"end":{"line":118,"column":47}},"line":118}},"branchMap":{"0":{"loc":{"start":{"line":60,"column":21},"end":{"line":60,"column":44}},"type":"binary-expr","locations":[{"start":{"line":60,"column":21},"end":{"line":60,"column":28}},{"start":{"line":60,"column":32},"end":{"line":60,"column":44}}],"line":60},"1":{"loc":{"start":{"line":119,"column":7},"end":{"line":119,"column":83}},"type":"binary-expr","locations":[{"start":{"line":119,"column":7},"end":{"line":119,"column":16}},{"start":{"line":119,"column":20},"end":{"line":119,"column":83}}],"line":119}},"s":{"0":1,"1":1,"2":1,"3":0,"4":1,"5":1,"6":1,"7":1,"8":1,"9":1,"10":0,"11":1,"12":0,"13":0,"14":0,"15":1,"16":0,"17":0,"18":0,"19":1,"20":0},"f":{"0":1,"1":0,"2":0,"3":0,"4":0,"5":0,"6":0,"7":0},"b":{"0":[1,0],"1":[1,0]},"_coverageSchema":"1a1c01bbd47fc00a2c39e90264f33305004495a9","hash":"cd7b751e21ef5d1edf16dbded20b13d9fd918b4b"}
,"/Users/yuzhang/Desktop/JS/HR/Projects/FEC/atelier/client/src/components/questions/AnswerDetails.jsx": {"path":"/Users/yuzhang/Desktop/JS/HR/Projects/FEC/atelier/client/src/components/questions/AnswerDetails.jsx","statementMap":{"0":{"start":{"line":7,"column":22},"end":{"line":109,"column":1}},"1":{"start":{"line":9,"column":36},"end":{"line":9,"column":51}},"2":{"start":{"line":10,"column":36},"end":{"line":10,"column":50}},"3":{"start":{"line":11,"column":36},"end":{"line":11,"column":51}},"4":{"start":{"line":12,"column":30},"end":{"line":12,"column":45}},"5":{"start":{"line":13,"column":34},"end":{"line":13,"column":48}},"6":{"start":{"line":16,"column":34},"end":{"line":21,"column":3}},"7":{"start":{"line":17,"column":4},"end":{"line":17,"column":57}},"8":{"start":{"line":18,"column":4},"end":{"line":18,"column":69}},"9":{"start":{"line":23,"column":23},"end":{"line":28,"column":3}},"10":{"start":{"line":24,"column":4},"end":{"line":24,"column":48}},"11":{"start":{"line":25,"column":4},"end":{"line":25,"column":67}},"12":{"start":{"line":31,"column":21},"end":{"line":36,"column":3}},"13":{"start":{"line":33,"column":4},"end":{"line":33,"column":24}},"14":{"start":{"line":35,"column":4},"end":{"line":35,"column":24}},"15":{"start":{"line":41,"column":4},"end":{"line":48,"column":10}},"16":{"start":{"line":51,"column":28},"end":{"line":55,"column":3}},"17":{"start":{"line":52,"column":4},"end":{"line":52,"column":23}},"18":{"start":{"line":54,"column":4},"end":{"line":54,"column":21}},"19":{"start":{"line":58,"column":22},"end":{"line":75,"column":3}},"20":{"start":{"line":59,"column":4},"end":{"line":74,"column":5}},"21":{"start":{"line":63,"column":12},"end":{"line":70,"column":13}},"22":{"start":{"line":65,"column":37},"end":{"line":65,"column":59}},"23":{"start":{"line":80,"column":2},"end":{"line":107,"column":3}},"24":{"start":{"line":81,"column":4},"end":{"line":104,"column":5}},"25":{"start":{"line":98,"column":28},"end":{"line":98,"column":62}},"26":{"start":{"line":100,"column":28},"end":{"line":100,"column":51}},"27":{"start":{"line":106,"column":4},"end":{"line":106,"column":15}}},"fnMap":{"0":{"name":"(anonymous_0)","decl":{"start":{"line":7,"column":22},"end":{"line":7,"column":23}},"loc":{"start":{"line":7,"column":38},"end":{"line":109,"column":1}},"line":7},"1":{"name":"(anonymous_1)","decl":{"start":{"line":16,"column":34},"end":{"line":16,"column":35}},"loc":{"start":{"line":16,"column":42},"end":{"line":21,"column":3}},"line":16},"2":{"name":"(anonymous_2)","decl":{"start":{"line":23,"column":23},"end":{"line":23,"column":24}},"loc":{"start":{"line":23,"column":31},"end":{"line":28,"column":3}},"line":23},"3":{"name":"(anonymous_3)","decl":{"start":{"line":31,"column":21},"end":{"line":31,"column":22}},"loc":{"start":{"line":31,"column":26},"end":{"line":36,"column":3}},"line":31},"4":{"name":"(anonymous_4)","decl":{"start":{"line":51,"column":28},"end":{"line":51,"column":29}},"loc":{"start":{"line":51,"column":37},"end":{"line":55,"column":3}},"line":51},"5":{"name":"(anonymous_5)","decl":{"start":{"line":58,"column":22},"end":{"line":58,"column":23}},"loc":{"start":{"line":58,"column":34},"end":{"line":75,"column":3}},"line":58},"6":{"name":"(anonymous_6)","decl":{"start":{"line":62,"column":22},"end":{"line":62,"column":23}},"loc":{"start":{"line":62,"column":29},"end":{"line":71,"column":11}},"line":62},"7":{"name":"(anonymous_7)","decl":{"start":{"line":65,"column":31},"end":{"line":65,"column":32}},"loc":{"start":{"line":65,"column":37},"end":{"line":65,"column":59}},"line":65},"8":{"name":"(anonymous_8)","decl":{"start":{"line":98,"column":22},"end":{"line":98,"column":23}},"loc":{"start":{"line":98,"column":28},"end":{"line":98,"column":62}},"line":98},"9":{"name":"(anonymous_9)","decl":{"start":{"line":100,"column":22},"end":{"line":100,"column":23}},"loc":{"start":{"line":100,"column":28},"end":{"line":100,"column":51}},"line":100}},"branchMap":{"0":{"loc":{"start":{"line":17,"column":4},"end":{"line":17,"column":56}},"type":"cond-expr","locations":[{"start":{"line":17,"column":16},"end":{"line":17,"column":35}},{"start":{"line":17,"column":38},"end":{"line":17,"column":56}}],"line":17},"1":{"loc":{"start":{"line":24,"column":4},"end":{"line":24,"column":47}},"type":"cond-expr","locations":[{"start":{"line":24,"column":13},"end":{"line":24,"column":29}},{"start":{"line":24,"column":32},"end":{"line":24,"column":47}}],"line":24},"2":{"loc":{"start":{"line":67,"column":19},"end":{"line":67,"column":93}},"type":"binary-expr","locations":[{"start":{"line":67,"column":19},"end":{"line":67,"column":28}},{"start":{"line":67,"column":32},"end":{"line":67,"column":93}}],"line":67},"3":{"loc":{"start":{"line":80,"column":2},"end":{"line":107,"column":3}},"type":"if","locations":[{"start":{"line":80,"column":2},"end":{"line":107,"column":3}},{"start":{"line":105,"column":9},"end":{"line":107,"column":3}}],"line":80},"4":{"loc":{"start":{"line":83,"column":23},"end":{"line":83,"column":44}},"type":"binary-expr","locations":[{"start":{"line":83,"column":23},"end":{"line":83,"column":29}},{"start":{"line":83,"column":33},"end":{"line":83,"column":44}}],"line":83},"5":{"loc":{"start":{"line":85,"column":11},"end":{"line":85,"column":73}},"type":"cond-expr","locations":[{"start":{"line":85,"column":40},"end":{"line":85,"column":44}},{"start":{"line":85,"column":47},"end":{"line":85,"column":73}}],"line":85},"6":{"loc":{"start":{"line":95,"column":17},"end":{"line":95,"column":89}},"type":"cond-expr","locations":[{"start":{"line":95,"column":53},"end":{"line":95,"column":66}},{"start":{"line":95,"column":69},"end":{"line":95,"column":89}}],"line":95}},"s":{"0":3,"1":1,"2":1,"3":1,"4":1,"5":1,"6":1,"7":0,"8":0,"9":1,"10":0,"11":0,"12":1,"13":0,"14":0,"15":1,"16":1,"17":0,"18":0,"19":1,"20":0,"21":0,"22":0,"23":1,"24":0,"25":0,"26":0,"27":1},"f":{"0":1,"1":0,"2":0,"3":0,"4":0,"5":0,"6":0,"7":0,"8":0,"9":0},"b":{"0":[0,0],"1":[0,0],"2":[0,0],"3":[0,1],"4":[0,0],"5":[0,0],"6":[0,0]},"_coverageSchema":"1a1c01bbd47fc00a2c39e90264f33305004495a9","hash":"28b95383421f5fa621478a4bc4db64e90cd2ded1"}
,"/Users/yuzhang/Desktop/JS/HR/Projects/FEC/atelier/client/src/components/questions/AnswersList.jsx": {"path":"/Users/yuzhang/Desktop/JS/HR/Projects/FEC/atelier/client/src/components/questions/AnswersList.jsx","statementMap":{"0":{"start":{"line":8,"column":20},"end":{"line":117,"column":1}},"1":{"start":{"line":15,"column":47},"end":{"line":15,"column":58}},"2":{"start":{"line":18,"column":21},"end":{"line":18,"column":23}},"3":{"start":{"line":20,"column":2},"end":{"line":30,"column":3}},"4":{"start":{"line":21,"column":4},"end":{"line":29,"column":8}},"5":{"start":{"line":22,"column":22},"end":{"line":22,"column":57}},"6":{"start":{"line":24,"column":8},"end":{"line":28,"column":9}},"7":{"start":{"line":25,"column":10},"end":{"line":25,"column":36}},"8":{"start":{"line":27,"column":10},"end":{"line":27,"column":33}},"9":{"start":{"line":33,"column":29},"end":{"line":39,"column":3}},"10":{"start":{"line":34,"column":4},"end":{"line":38,"column":5}},"11":{"start":{"line":35,"column":6},"end":{"line":35,"column":129}},"12":{"start":{"line":37,"column":6},"end":{"line":37,"column":26}},"13":{"start":{"line":41,"column":28},"end":{"line":52,"column":3}},"14":{"start":{"line":42,"column":4},"end":{"line":50,"column":5}},"15":{"start":{"line":43,"column":6},"end":{"line":43,"column":18}},"16":{"start":{"line":45,"column":6},"end":{"line":49,"column":7}},"17":{"start":{"line":98,"column":24},"end":{"line":112,"column":3}},"18":{"start":{"line":99,"column":23},"end":{"line":99,"column":59}},"19":{"start":{"line":100,"column":4},"end":{"line":111,"column":5}},"20":{"start":{"line":103,"column":10},"end":{"line":107,"column":11}},"21":{"start":{"line":114,"column":2},"end":{"line":116,"column":3}}},"fnMap":{"0":{"name":"(anonymous_0)","decl":{"start":{"line":8,"column":20},"end":{"line":8,"column":21}},"loc":{"start":{"line":8,"column":37},"end":{"line":117,"column":1}},"line":8},"1":{"name":"(anonymous_1)","decl":{"start":{"line":22,"column":12},"end":{"line":22,"column":13}},"loc":{"start":{"line":22,"column":22},"end":{"line":22,"column":57}},"line":22},"2":{"name":"(anonymous_2)","decl":{"start":{"line":23,"column":15},"end":{"line":23,"column":16}},"loc":{"start":{"line":23,"column":25},"end":{"line":29,"column":7}},"line":23},"3":{"name":"(anonymous_3)","decl":{"start":{"line":33,"column":29},"end":{"line":33,"column":30}},"loc":{"start":{"line":33,"column":35},"end":{"line":39,"column":3}},"line":33},"4":{"name":"(anonymous_4)","decl":{"start":{"line":41,"column":28},"end":{"line":41,"column":29}},"loc":{"start":{"line":41,"column":34},"end":{"line":52,"column":3}},"line":41},"5":{"name":"(anonymous_5)","decl":{"start":{"line":98,"column":24},"end":{"line":98,"column":25}},"loc":{"start":{"line":98,"column":30},"end":{"line":112,"column":3}},"line":98},"6":{"name":"(anonymous_6)","decl":{"start":{"line":102,"column":24},"end":{"line":102,"column":25}},"loc":{"start":{"line":102,"column":34},"end":{"line":108,"column":9}},"line":102}},"branchMap":{"0":{"loc":{"start":{"line":20,"column":2},"end":{"line":30,"column":3}},"type":"if","locations":[{"start":{"line":20,"column":2},"end":{"line":30,"column":3}},{"start":{},"end":{}}],"line":20},"1":{"loc":{"start":{"line":24,"column":8},"end":{"line":28,"column":9}},"type":"if","locations":[{"start":{"line":24,"column":8},"end":{"line":28,"column":9}},{"start":{"line":26,"column":15},"end":{"line":28,"column":9}}],"line":24},"2":{"loc":{"start":{"line":34,"column":4},"end":{"line":38,"column":5}},"type":"if","locations":[{"start":{"line":34,"column":4},"end":{"line":38,"column":5}},{"start":{"line":36,"column":11},"end":{"line":38,"column":5}}],"line":34},"3":{"loc":{"start":{"line":35,"column":6},"end":{"line":35,"column":129}},"type":"cond-expr","locations":[{"start":{"line":35,"column":50},"end":{"line":35,"column":88}},{"start":{"line":35,"column":91},"end":{"line":35,"column":129}}],"line":35},"4":{"loc":{"start":{"line":42,"column":4},"end":{"line":50,"column":5}},"type":"if","locations":[{"start":{"line":42,"column":4},"end":{"line":50,"column":5}},{"start":{"line":44,"column":11},"end":{"line":50,"column":5}}],"line":42},"5":{"loc":{"start":{"line":47,"column":11},"end":{"line":47,"column":85}},"type":"cond-expr","locations":[{"start":{"line":47,"column":49},"end":{"line":47,"column":63}},{"start":{"line":47,"column":66},"end":{"line":47,"column":85}}],"line":47}},"s":{"0":2,"1":1,"2":1,"3":1,"4":0,"5":0,"6":0,"7":0,"8":0,"9":1,"10":0,"11":0,"12":0,"13":1,"14":1,"15":1,"16":0,"17":1,"18":1,"19":1,"20":0,"21":1},"f":{"0":1,"1":0,"2":0,"3":0,"4":1,"5":1,"6":0},"b":{"0":[0,1],"1":[0,0],"2":[0,0],"3":[0,0],"4":[1,0],"5":[0,0]},"_coverageSchema":"1a1c01bbd47fc00a2c39e90264f33305004495a9","hash":"4639de126755e105adc7b22244ea6d490a302767"}
[...]
:0,"193":0,"194":0,"195":0,"196":0,"197":0,"198":0,"199":0,"200":0,"201":0,"202":0,"203":0,"204":0,"205":0,"206":0,"207":0,"208":0,"209":0,"210":0,"211":0,"212":0,"213":0,"214":0,"215":0,"216":0,"217":0,"218":0,"219":0,"220":0,"221":0,"222":0,"223":0,"224":0,"225":0,"226":0,"227":0,"228":0,"229":0,"230":0,"231":0,"232":0,"233":0,"234":0,"235":0,"236":0,"237":0,"238":0,"239":0,"240":0,"241":0,"242":0,"243":0,"244":0,"245":0,"246":0,"247":0,"248":0,"249":0,"250":0,"251":0,"252":0,"253":0,"254":0,"255":0,"256":0,"257":0,"258":0,"259":0,"260":0,"261":0,"262":0,"263":0,"264":0,"265":0,"266":0,"267":0,"268":0,"269":0,"270":0,"271":0,"272":0,"273":0,"274":0,"275":0,"276":0,"277":0,"278":0,"279":0,"280":0,"281":0,"282":0,"283":0,"284":0,"285":0,"286":0,"287":0,"288":0,"289":0,"290":0,"291":0,"292":0,"293":0,"294":0,"295":0,"296":0,"297":0,"298":0,"299":0,"300":0,"301":0,"302":0,"303":0,"304":0,"305":0,"306":0,"307":0,"308":0,"309":0,"310":0,"311":0,"312":0,"313":0,"314":0,"315":0,"316":0,"317":0,"318":0,"319":0,"320":0,"321":0,"322":0,"323":0,"324":0,"325":0,"326":0,"327":0,"328":0,"329":0,"330":0,"331":0,"332":0,"333":0,"334":0,"335":0,"336":0,"337":0,"338":0,"339":0,"340":0,"341":0,"342":0,"343":0,"344":0,"345":0,"346":0,"347":0,"348":0,"349":0,"350":0,"351":0,"352":0,"353":0,"354":0,"355":0,"356":0,"357":0,"358":0,"359":0,"360":0,"361":0,"362":0,"363":0,"364":0,"365":0,"366":0,"367":0,"368":0,"369":0,"370":0,"371":0,"372":0,"373":0,"374":0,"375":0,"376":0,"377":0,"378":0,"379":0,"380":0,"381":0,"382":0,"383":0,"384":0,"385":0,"386":0,"387":0,"388":0,"389":0,"390":0,"391":0,"392":0,"393":0,"394":0,"395":0,"396":0,"397":0,"398":0,"399":0,"400":0,"401":0,"402":0,"403":0,"404":0,"405":0,"406":0,"407":0,"408":0,"409":0,"410":0,"411":0,"412":0,"413":0,"414":0,"415":0,"416":0,"417":0,"418":0,"419":0,"420":0,"421":0,"422":0,"423":0,"424":0,"425":0,"426":0,"427":0,"428":0,"429":0,"430":0,"431":0,"432":0,"433":0,"434":0,"435":0,"436":0,"437":0,"438":0,"439":0,"440":0,"441":0,"442":0,"443":0,"444":0,"445":0,"446":0,"447":0,"448":0,"449":0,"450":0,"451":0,"452":0,"453":0,"454":0,"455":0,"456":0,"457":0,"458":0,"459":0,"460":0,"461":0,"462":0,"463":0,"464":0,"465":0,"466":0,"467":0,"468":0,"469":0,"470":0,"471":0,"472":0,"473":0,"474":0,"475":0,"476":0,"477":0,"478":0,"479":0,"480":0,"481":0,"482":0,"483":0,"484":0,"485":0,"486":0,"487":0,"488":0,"489":0,"490":0,"491":0,"492":0,"493":0,"494":0,"495":0,"496":0,"497":0,"498":0,"499":0,"500":0,"501":0,"502":0,"503":0,"504":0,"505":0,"506":0,"507":0,"508":0,"509":0,"510":0,"511":0,"512":0,"513":0,"514":0,"515":0,"516":0,"517":0,"518":0,"519":0,"520":0,"521":0,"522":0,"523":0,"524":0,"525":0,"526":0,"527":0,"528":0,"529":0,"530":0,"531":0,"532":0,"533":0,"534":0,"535":0},"f":{"0":0,"1":0,"2":0,"3":0,"4":0,"5":0,"6":0,"7":0,"8":0,"9":0,"10":0,"11":0,"12":0,"13":0,"14":0,"15":0,"16":0,"17":0,"18":0,"19":0,"20":0,"21":0,"22":0,"23":0,"24":0,"25":0,"26":0,"27":0,"28":0},"b":{"0":[0,0],"1":[0,0],"2":[0,0],"3":[0,0],"4":[0,0],"5":[0,0],"6":[0,0],"7":[0,0],"8":[0,0],"9":[0,0],"10":[0,0],"11":[0,0,0,0],"12":[0,0],"13":[0,0],"14":[0,0],"15":[0,0],"16":[0,0],"17":[0,0],"18":[0,0],"19":[0,0],"20":[0,0],"21":[0,0],"22":[0,0],"23":[0,0],"24":[0,0],"25":[0,0],"26":[0,0],"27":[0,0],"28":[0,0],"29":[0,0],"30":[0,0],"31":[0,0],"32":[0,0],"33":[0,0],"34":[0,0],"35":[0,0],"36":[0,0],"37":[0,0],"38":[0,0],"39":[0,0],"40":[0,0],"41":[0,0],"42":[0,0],"43":[0,0],"44":[0,0],"45":[0,0],"46":[0,0],"47":[0,0],"48":[0,0],"49":[0,0],"50":[0,0,0],"51":[0,0],"52":[0,0],"53":[0,0],"54":[0,0],"55":[0,0],"56":[0,0],"57":[0,0],"58":[0,0],"59":[0,0],"60":[0,0],"61":[0,0],"62":[0,0],"63":[0,0],"64":[0,0],"65":[0,0],"66":[0,0],"67":[0,0],"68":[0,0],"69":[0,0],"70":[0,0],"71":[0,0],"72":[0,0],"73":[0,0],"74":[0,0],"75":[0,0],"76":[0,0],"77":[0,0],"78":[0,0],"79":[0,0],"80":[0,0],"81":[0,0],"82":[0,0],"83":[0,0],"84":[0,0],"85":[0,0],"86":[0,0],"87":[0,0],"88":[0,0],"89":[0,0,0],"90":[0,0],"91":[0,0],"92":[0,0],"93":[0,0],"94":[0,0],"95":[0,0],"96":[0,0],"97":[0,0],"98":[0,0],"99":[0,0],"100":[0,0],"101":[0,0],"102":[0,0],"103":[0,0],"104":[0,0],"105":[0,0],"106":[0,0],"107":[0,0],"108":[0,0],"109":[0,0],"110":[0,0],"111":[0,0],"112":[0,0],"113":[0,0],"114":[0,0],"115":[0,0],"116":[0,0],"117":[0,0],"118":[0,0],"119":[0,0],"120":[0,0],"121":[0,0],"122":[0,0],"123":[0,0],"124":[0,0],"125":[0,0],"126":[0,0],"127":[0,0],"128":[0,0,0],"129":[0,0],"130":[0,0],"131":[0,0,0,0,0],"132":[0,0],"133":[0,0],"134":[0,0],"135":[0,0],"136":[0,0],"137":[0,0],"138":[0,0]}}
,"/Users/yuzhang/Desktop/JS/HR/Projects/FEC/atelier/coverage/lcov-report/sorter.js": {"path":"/Users/yuzhang/Desktop/JS/HR/Projects/FEC/atelier/coverage/lcov-report/sorter.js","statementMap":{"0":{"start":{"line":2,"column":17},"end":{"line":168,"column":4}},"1":{"start":{"line":5,"column":22},"end":{"line":8,"column":9}},"2":{"start":{"line":12,"column":8},"end":{"line":12,"column":59}},"3":{"start":{"line":16,"column":8},"end":{"line":16,"column":52}},"4":{"start":{"line":20,"column":8},"end":{"line":20,"column":49}},"5":{"start":{"line":24,"column":8},"end":{"line":24,"column":58}},"6":{"start":{"line":29,"column":23},"end":{"line":29,"column":62}},"7":{"start":{"line":31,"column":19},"end":{"line":31,"column":21}},"8":{"start":{"line":35,"column":8},"end":{"line":48,"column":9}},"9":{"start":{"line":36,"column":12},"end":{"line":36,"column":34}},"10":{"start":{"line":37,"column":12},"end":{"line":41,"column":14}},"11":{"start":{"line":42,"column":12},"end":{"line":42,"column":27}},"12":{"start":{"line":43,"column":12},"end":{"line":47,"column":13}},"13":{"start":{"line":44,"column":16},"end":{"line":44,"column":60}},"14":{"start":{"line":45,"column":16},"end":{"line":46,"column":71}},"15":{"start":{"line":49,"column":8},"end":{"line":49,"column":20}},"16":{"start":{"line":54,"column":24},"end":{"line":54,"column":55}},"17":{"start":{"line":57,"column":19},"end":{"line":57,"column":21}},"18":{"start":{"line":60,"column":8},"end":{"line":68,"column":9}},"19":{"start":{"line":61,"column":12},"end":{"line":61,"column":35}},"20":{"start":{"line":62,"column":12},"end":{"line":62,"column":26}},"21":{"start":{"line":63,"column":12},"end":{"line":63,"column":53}},"22":{"start":{"line":64,"column":12},"end":{"line":66,"column":13}},"23":{"start":{"line":65,"column":16},"end":{"line":65,"column":34}},"24":{"start":{"line":67,"column":12},"end":{"line":67,"column":32}},"25":{"start":{"line":69,"column":8},"end":{"line":69,"column":20}},"26":{"start":{"line":73,"column":19},"end":{"line":73,"column":56}},"27":{"start":{"line":76,"column":8},"end":{"line":78,"column":9}},"28":{"start":{"line":77,"column":12},"end":{"line":77,"column":48}},"29":{"start":{"line":82,"column":18},"end":{"line":82,"column":33}},"30":{"start":{"line":83,"column":21},"end":{"line":87,"column":13}},"31":{"start":{"line":84,"column":16},"end":{"line":84,"column":32}},"32":{"start":{"line":85,"column":16},"end":{"line":85,"column":32}},"33":{"start":{"line":86,"column":16},"end":{"line":86,"column":50}},"34":{"start":{"line":88,"column":26},"end":{"line":88,"column":32}},"35":{"start":{"line":89,"column":24},"end":{"line":89,"column":73}},"36":{"start":{"line":90,"column":23},"end":{"line":90,"column":55}},"37":{"start":{"line":91,"column":19},"end":{"line":91,"column":21}},"38":{"start":{"line":94,"column":8},"end":{"line":98,"column":9}},"39":{"start":{"line":95,"column":12},"end":{"line":97,"column":14}},"40":{"start":{"line":96,"column":16},"end":{"line":96,"column":41}},"41":{"start":{"line":100,"column":8},"end":{"line":103,"column":9}},"42":{"start":{"line":101,"column":12},"end":{"line":101,"column":35}},"43":{"start":{"line":102,"column":12},"end":{"line":102,"column":47}},"44":{"start":{"line":105,"column":8},"end":{"line":105,"column":31}},"45":{"start":{"line":107,"column":8},"end":{"line":109,"column":9}},"46":{"start":{"line":108,"column":12},"end":{"line":108,"column":43}},"47":{"start":{"line":113,"column":18},"end":{"line":113,"column":49}},"48":{"start":{"line":114,"column":18},"end":{"line":114,"column":31}},"49":{"start":{"line":116,"column":8},"end":{"line":116,"column":71}},"50":{"start":{"line":117,"column":8},"end":{"line":117,"column":28}},"51":{"start":{"line":121,"column":8},"end":{"line":123,"column":24}},"52":{"start":{"line":129,"column":24},"end":{"line":144,"column":13}},"53":{"start":{"line":130,"column":26},"end":{"line":130,"column":33}},"54":{"start":{"line":132,"column":16},"end":{"line":143,"column":18}},"55":{"start":{"line":133,"column":31},"end":{"line":133,"column":50}},"56":{"start":{"line":135,"column":20},"end":{"line":137,"column":21}},"57":{"start":{"line":136,"column":24},"end":{"line":136,"column":49}},"58":{"start":{"line":138,"column":20},"end":{"line":138,"column":41}},"59":{"start":{"line":139,"column":20},"end":{"line":139,"column":43}},"60":{"start":{"line":140,"column":20},"end":{"line":140,"column":42}},"61":{"start":{"line":141,"column":20},"end":{"line":141,"column":44}},"62":{"start":{"line":142,"column":20},"end":{"line":142,"column":40}},"63":{"start":{"line":145,"column":8},"end":{"line":156,"column":9}},"64":{"start":{"line":146,"column":12},"end":{"line":155,"column":13}},"65":{"start":{"line":149,"column":16},"end":{"line":149,"column":76}},"66":{"start":{"line":150,"column":16},"end":{"line":154,"column":17}},"67":{"start":{"line":151,"column":20},"end":{"line":151,"column":63}},"68":{"start":{"line":153,"column":20},"end":{"line":153,"column":60}},"69":{"start":{"line":159,"column":4},"end":{"line":167,"column":6}},"70":{"start":{"line":160,"column":8},"end":{"line":162,"column":9}},"71":{"start":{"line":161,"column":12},"end":{"line":161,"column":19}},"72":{"start":{"line":163,"column":8},"end":{"line":163,"column":29}},"73":{"start":{"line":164,"column":8},"end":{"line":164,"column":19}},"74":{"start":{"line":165,"column":8},"end":{"line":165,"column":28}},"75":{"start":{"line":166,"column":8},"end":{"line":166,"column":19}},"76":{"start":{"line":170,"column":0},"end":{"line":170,"column":44}}},"fnMap":{"0":{"name":"(anonymous_0)","decl":{"start":{"line":2,"column":18},"end":{"line":2,"column":19}},"loc":{"start":{"line":2,"column":29},"end":{"line":168,"column":1}},"line":2},"1":{"name":"getTable","decl":{"start":{"line":11,"column":13},"end":{"line":11,"column":21}},"loc":{"start":{"line":11,"column":24},"end":{"line":13,"column":5}},"line":11},"2":{"name":"getTableHeader","decl":{"start":{"line":15,"column":13},"end":{"line":15,"column":27}},"loc":{"start":{"line":15,"column":30},"end":{"line":17,"column":5}},"line":15},"3":{"name":"getTableBody","decl":{"start":{"line":19,"column":13},"end":{"line":19,"column":25}},"loc":{"start":{"line":19,"column":28},"end":{"line":21,"column":5}},"line":19},"4":{"name":"getNthColumn","decl":{"start":{"line":23,"column":13},"end":{"line":23,"column":25}},"loc":{"start":{"line":23,"column":29},"end":{"line":25,"column":5}},"line":23},"5":{"name":"loadColumns","decl":{"start":{"line":28,"column":13},"end":{"line":28,"column":24}},"loc":{"start":{"line":28,"column":27},"end":{"line":50,"column":5}},"line":28},"6":{"name":"loadRowData","decl":{"start":{"line":53,"column":13},"end":{"line":53,"column":24}},"loc":{"start":{"line":53,"column":35},"end":{"line":70,"column":5}},"line":53},"7":{"name":"loadData","decl":{"start":{"line":72,"column":13},"end":{"line":72,"column":21}},"loc":{"start":{"line":72,"column":24},"end":{"line":79,"column":5}},"line":72},"8":{"name":"sortByIndex","decl":{"start":{"line":81,"column":13},"end":{"line":81,"column":24}},"loc":{"start":{"line":81,"column":38},"end":{"line":110,"column":5}},"line":81},"9":{"name":"(anonymous_9)","decl":{"start":{"line":83,"column":21},"end":{"line":83,"column":22}},"loc":{"start":{"line":83,"column":36},"end":{"line":87,"column":13}},"line":83},"10":{"name":"(anonymous_10)","decl":{"start":{"line":95,"column":26},"end":{"line":95,"column":27}},"loc":{"start":{"line":95,"column":41},"end":{"line":97,"column":13}},"line":95},"11":{"name":"removeSortIndicators","decl":{"start":{"line":112,"column":13},"end":{"line":112,"column":33}},"loc":{"start":{"line":112,"column":36},"end":{"line":118,"column":5}},"line":112},"12":{"name":"addSortIndicators","decl":{"start":{"line":120,"column":13},"end":{"line":120,"column":30}},"loc":{"start":{"line":120,"column":33},"end":{"line":124,"column":5}},"line":120},"13":{"name":"enableUI","decl":{"start":{"line":126,"column":13},"end":{"line":126,"column":21}},"loc":{"start":{"line":126,"column":24},"end":{"line":157,"column":5}},"line":126},"14":{"name":"ithSorter","decl":{"start":{"line":129,"column":33},"end":{"line":129,"column":42}},"loc":{"start":{"line":129,"column":46},"end":{"line":144,"column":13}},"line":129},"15":{"name":"(anonymous_15)","decl":{"start":{"line":132,"column":23},"end":{"line":132,"column":24}},"loc":{"start":{"line":132,"column":34},"end":{"line":143,"column":17}},"line":132},"16":{"name":"(anonymous_16)","decl":{"start":{"line":159,"column":11},"end":{"line":159,"column":12}},"loc":{"start":{"line":159,"column":22},"end":{"line":167,"column":5}},"line":159}},"branchMap":{"0":{"loc":{"start":{"line":40,"column":22},"end":{"line":40,"column":67}},"type":"binary-expr","locations":[{"start":{"line":40,"column":22},"end":{"line":40,"column":55}},{"start":{"line":40,"column":59},"end":{"line":40,"column":67}}],"line":40},"1":{"loc":{"start":{"line":43,"column":12},"end":{"line":47,"column":13}},"type":"if","locations":[{"start":{"line":43,"column":12},"end":{"line":47,"column":13}},{"start":{},"end":{}}],"line":43},"2":{"loc":{"start":{"line":64,"column":12},"end":{"line":66,"column":13}},"type":"if","locations":[{"start":{"line":64,"column":12},"end":{"line":66,"column":13}},{"start":{},"end":{}}],"line":64},"3":{"loc":{"start":{"line":86,"column":23},"end":{"line":86,"column":49}},"type":"cond-expr","locations":[{"start":{"line":86,"column":31},"end":{"line":86,"column":33}},{"start":{"line":86,"column":36},"end":{"line":86,"column":49}}],"line":86},"4":{"loc":{"start":{"line":86,"column":36},"end":{"line":86,"column":49}},"type":"cond-expr","locations":[{"start":{"line":86,"column":44},"end":{"line":86,"column":45}},{"start":{"line":86,"column":48},"end":{"line":86,"column":49}}],"line":86},"5":{"loc":{"start":{"line":94,"column":8},"end":{"line":98,"column":9}},"type":"if","locations":[{"start":{"line":94,"column":8},"end":{"line":98,"column":9}},{"start":{},"end":{}}],"line":94},"6":{"loc":{"start":{"line":121,"column":53},"end":{"line":123,"column":23}},"type":"cond-expr","locations":[{"start":{"line":122,"column":14},"end":{"line":122,"column":28}},{"start":{"line":123,"column":14},"end":{"line":123,"column":23}}],"line":121},"7":{"loc":{"start":{"line":135,"column":20},"end":{"line":137,"column":21}},"type":"if","locations":[{"start":{"line":135,"column":20},"end":{"line":137,"column":21}},{"start":{},"end":{}}],"line":135},"8":{"loc":{"start":{"line":146,"column":12},"end":{"line":155,"column":13}},"type":"if","locations":[{"start":{"line":146,"column":12},"end":{"line":155,"column":13}},{"start":{},"end":{}}],"line":146},"9":{"loc":{"start":{"line":150,"column":16},"end":{"line":154,"column":17}},"type":"if","locations":[{"start":{"line":150,"column":16},"end":{"line":154,"column":17}},{"start":{"line":152,"column":23},"end":{"line":154,"column":17}}],"line":150},"10":{"loc":{"start":{"line":160,"column":8},"end":{"line":162,"column":9}},"type":"if","locations":[{"start":{"line":160,"column":8},"end":{"line":162,"column":9}},{"start":{},"end":{}}],"line":160}},"s":{"0":0,"1":0,"2":0,"3":0,"4":0,"5":0,"6":0,"7":0,"8":0,"9":0,"10":0,"11":0,"12":0,"13":0,"14":0,"15":0,"16":0,"17":0,"18":0,"19":0,"20":0,"21":0,"22":0,"23":0,"24":0,"25":0,"26":0,"27":0,"28":0,"29":0,"30":0,"31":0,"32":0,"33":0,"34":0,"35":0,"36":0,"37":0,"38":0,"39":0,"40":0,"41":0,"42":0,"43":0,"44":0,"45":0,"46":0,"47":0,"48":0,"49":0,"50":0,"51":0,"52":0,"53":0,"54":0,"55":0,"56":0,"57":0,"58":0,"59":0,"60":0,"61":0,"62":0,"63":0,"64":0,"65":0,"66":0,"67":0,"68":0,"69":0,"70":0,"71":0,"72":0,"73":0,"74":0,"75":0,"76":0},"f":{"0":0,"1":0,"2":0,"3":0,"4":0,"5":0,"6":0,"7":0,"8":0,"9":0,"10":0,"11":0,"12":0,"13":0,"14":0,"15":0,"16":0},"b":{"0":[0,0],"1":[0,0],"2":[0,0],"3":[0,0],"4":[0,0],"5":[0,0],"6":[0,0],"7":[0,0],"8":[0,0],"9":[0,0],"10":[0,0]}}
,"/Users/yuzhang/Desktop/JS/HR/Projects/FEC/atelier/server/apiMiddleware.js": {"path":"/Users/yuzhang/Desktop/JS/HR/Projects/FEC/atelier/server/apiMiddleware.js","statementMap":{"0":{"start":{"line":1,"column":14},"end":{"line":1,"column":30}},"1":{"start":{"line":2,"column":16},"end":{"line":2,"column":70}},"2":{"start":{"line":3,"column":16},"end":{"line":3,"column":57}},"3":{"start":{"line":5,"column":15},"end":{"line":17,"column":1}},"4":{"start":{"line":6,"column":2},"end":{"line":6,"column":49}},"5":{"start":{"line":6,"column":35},"end":{"line":6,"column":49}},"6":{"start":{"line":7,"column":14},"end":{"line":7,"column":51}},"7":{"start":{"line":9,"column":2},"end":{"line":16,"column":45}},"8":{"start":{"line":15,"column":22},"end":{"line":15,"column":45}},"9":{"start":{"line":16,"column":18},"end":{"line":16,"column":43}},"10":{"start":{"line":19,"column":0},"end":{"line":19,"column":24}}},"fnMap":{"0":{"name":"(anonymous_0)","decl":{"start":{"line":5,"column":15},"end":{"line":5,"column":16}},"loc":{"start":{"line":5,"column":35},"end":{"line":17,"column":1}},"line":5},"1":{"name":"(anonymous_1)","decl":{"start":{"line":15,"column":10},"end":{"line":15,"column":11}},"loc":{"start":{"line":15,"column":22},"end":{"line":15,"column":45}},"line":15},"2":{"name":"(anonymous_2)","decl":{"start":{"line":16,"column":11},"end":{"line":16,"column":12}},"loc":{"start":{"line":16,"column":18},"end":{"line":16,"column":43}},"line":16}},"branchMap":{"0":{"loc":{"start":{"line":6,"column":2},"end":{"line":6,"column":49}},"type":"if","locations":[{"start":{"line":6,"column":2},"end":{"line":6,"column":49}},{"start":{},"end":{}}],"line":6}},"s":{"0":0,"1":0,"2":0,"3":0,"4":0,"5":0,"6":0,"7":0,"8":0,"9":0,"10":0},"f":{"0":0,"1":0,"2":0},"b":{"0":[0,0]}}
,"/Users/yuzhang/Desktop/JS/HR/Projects/FEC/atelier/server/server.js": {"path":"/Users/yuzhang/Desktop/JS/HR/Projects/FEC/atelier/server/server.js","statementMap":{"0":{"start":{"line":1,"column":16},"end":{"line":1,"column":34}},"1":{"start":{"line":2,"column":12},"end":{"line":2,"column":21}},"2":{"start":{"line":3,"column":13},"end":{"line":3,"column":17}},"3":{"start":{"line":5,"column":22},"end":{"line":5,"column":48}},"4":{"start":{"line":8,"column":0},"end":{"line":8,"column":30}},"5":{"start":{"line":9,"column":0},"end":{"line":9,"column":24}},"6":{"start":{"line":10,"column":0},"end":{"line":10,"column":23}},"7":{"start":{"line":11,"column":0},"end":{"line":11,"column":40}},"8":{"start":{"line":12,"column":0},"end":{"line":12,"column":55}},"9":{"start":{"line":16,"column":0},"end":{"line":16,"column":77}},"10":{"start":{"line":16,"column":23},"end":{"line":16,"column":75}}},"fnMap":{"0":{"name":"(anonymous_0)","decl":{"start":{"line":16,"column":17},"end":{"line":16,"column":18}},"loc":{"start":{"line":16,"column":23},"end":{"line":16,"column":75}},"line":16}},"branchMap":{},"s":{"0":0,"1":0,"2":0,"3":0,"4":0,"5":0,"6":0,"7":0,"8":0,"9":0,"10":0},"f":{"0":0},"b":{}}
,"/Users/yuzhang/Desktop/JS/HR/Projects/FEC/atelier/test/src/TestStates/InitialReduxStates.js": {"path":"/Users/yuzhang/Desktop/JS/HR/Projects/FEC/atelier/test/src/TestStates/InitialReduxStates.js","statementMap":{"0":{"start":{"line":1,"column":32},"end":{"line":29,"column":1}},"1":{"start":{"line":32,"column":25},"end":{"line":102,"column":1}},"2":{"start":{"line":104,"column":24},"end":{"line":112,"column":1}},"3":{"start":{"line":114,"column":22},"end":{"line":121,"column":1}}},"fnMap":{},"branchMap":{},"s":{"0":4,"1":4,"2":4,"3":4},"f":{},"b":{},"_coverageSchema":"1a1c01bbd47fc00a2c39e90264f33305004495a9","hash":"5bb130826d15f3d54857f9c9f18e2756f84078dd"}
}
