{"/Users/chris/hackreactor/atelier/apiToken.js": {"path":"/Users/chris/hackreactor/atelier/apiToken.js","statementMap":{"0":{"start":{"line":1,"column":0},"end":{"line":1,"column":59}}},"fnMap":{},"branchMap":{},"s":{"0":0},"f":{},"b":{}}
,"/Users/chris/hackreactor/atelier/webpack.config.js": {"path":"/Users/chris/hackreactor/atelier/webpack.config.js","statementMap":{"0":{"start":{"line":1,"column":13},"end":{"line":1,"column":28}},"1":{"start":{"line":2,"column":26},"end":{"line":2,"column":56}},"2":{"start":{"line":4,"column":0},"end":{"line":38,"column":1}}},"fnMap":{},"branchMap":{},"s":{"0":0,"1":0,"2":0},"f":{},"b":{}}
,"/Users/chris/hackreactor/atelier/client/dist/bundle.js": {"path":"/Users/chris/hackreactor/atelier/client/dist/bundle.js","statementMap":{"0":{"start":{"line":9,"column":9},"end":{"line":1546,"column":1}},"1":{"start":{"line":10,"column":37},"end":{"line":1471,"column":11}},"2":{"start":{"line":19,"column":0},"end":{"line":19,"column":4944}},"3":{"start":{"line":30,"column":0},"end":{"line":30,"column":565}},"4":{"start":{"line":41,"column":0},"end":{"line":41,"column":16972}},"5":{"start":{"line":52,"column":0},"end":{"line":52,"column":1329}},"6":{"start":{"line":63,"column":0},"end":{"line":63,"column":64429}},"7":{"start":{"line":73,"column":0},"end":{"line":73,"column":182}},"8":{"start":{"line":84,"column":0},"end":{"line":84,"column":7896}},"9":{"start":{"line":95,"column":0},"end":{"line":95,"column":2389}},"10":{"start":{"line":106,"column":0},"end":{"line":106,"column":490}},"11":{"start":{"line":117,"column":0},"end":{"line":117,"column":2742}},"12":{"start":{"line":128,"column":0},"end":{"line":128,"column":195}},"13":{"start":{"line":139,"column":0},"end":{"line":139,"column":4850}},"14":{"start":{"line":150,"column":0},"end":{"line":150,"column":1568}},"15":{"start":{"line":161,"column":0},"end":{"line":161,"column":946}},"16":{"start":{"line":172,"column":0},"end":{"line":172,"column":799}},"17":{"start":{"line":183,"column":0},"end":{"line":183,"column":2611}},"18":{"start":{"line":194,"column":0},"end":{"line":194,"column":1265}},"19":{"start":{"line":205,"column":0},"end":{"line":205,"column":3438}},"20":{"start":{"line":216,"column":0},"end":{"line":216,"column":881}},"21":{"start":{"line":227,"column":0},"end":{"line":227,"column":865}},"22":{"start":{"line":238,"column":0},"end":{"line":238,"column":4120}},"23":{"start":{"line":248,"column":0},"end":{"line":248,"column":143}},"24":{"start":{"line":259,"column":0},"end":{"line":259,"column":352}},"25":{"start":{"line":270,"column":0},"end":{"line":270,"column":1858}},"26":{"start":{"line":281,"column":0},"end":{"line":281,"column":488}},"27":{"start":{"line":292,"column":0},"end":{"line":292,"column":1633}},"28":{"start":{"line":303,"column":0},"end":{"line":303,"column":681}},"29":{"start":{"line":314,"column":0},"end":{"line":314,"column":447}},"30":{"start":{"line":325,"column":0},"end":{"line":325,"column":2525}},"31":{"start":{"line":336,"column":0},"end":{"line":336,"column":524}},"32":{"start":{"line":347,"column":0},"end":{"line":347,"column":1595}},"33":{"start":{"line":358,"column":0},"end":{"line":358,"column":678}},"34":{"start":{"line":369,"column":0},"end":{"line":369,"column":2579}},"35":{"start":{"line":380,"column":0},"end":{"line":380,"column":9422}},"36":{"start":{"line":391,"column":0},"end":{"line":391,"column":2639}},"37":{"start":{"line":402,"column":0},"end":{"line":402,"column":4212}},"38":{"start":{"line":413,"column":0},"end":{"line":413,"column":3072}},"39":{"start":{"line":424,"column":0},"end":{"line":424,"column":5982}},"40":{"start":{"line":435,"column":0},"end":{"line":435,"column":1826}},"41":{"start":{"line":446,"column":0},"end":{"line":446,"column":926}},"42":{"start":{"line":457,"column":0},"end":{"line":457,"column":913}},"43":{"start":{"line":468,"column":0},"end":{"line":468,"column":903}},"44":{"start":{"line":479,"column":0},"end":{"line":479,"column":8789}},"45":{"start":{"line":490,"column":0},"end":{"line":490,"column":8892}},"46":{"start":{"line":501,"column":0},"end":{"line":501,"column":8459}},"47":{"start":{"line":512,"column":0},"end":{"line":512,"column":6179}},"48":{"start":{"line":523,"column":0},"end":{"line":523,"column":4797}},"49":{"start":{"line":534,"column":0},"end":{"line":534,"column":7151}},"50":{"start":{"line":545,"column":0},"end":{"line":545,"column":3350}},"51":{"start":{"line":556,"column":0},"end":{"line":556,"column":1505}},"52":{"start":{"line":567,"column":0},"end":{"line":567,"column":1101}},"53":{"start":{"line":578,"column":0},"end":{"line":578,"column":3711}},"54":{"start":{"line":589,"column":0},"end":{"line":589,"column":3467}},"55":{"start":{"line":600,"column":0},"end":{"line":600,"column":2306}},"56":{"start":{"line":611,"column":0},"end":{"line":611,"column":5459}},"57":{"start":{"line":622,"column":0},"end":{"line":622,"column":4297}},"58":{"start":{"line":633,"column":0},"end":{"line":633,"column":7747}},"59":{"start":{"line":644,"column":0},"end":{"line":644,"column":2069}},"60":{"start":{"line":655,"column":0},"end":{"line":655,"column":9019}},"61":{"start":{"line":666,"column":0},"end":{"line":666,"column":1483}},"62":{"start":{"line":677,"column":0},"end":{"line":677,"column":4033}},"63":{"start":{"line":688,"column":0},"end":{"line":688,"column":804}},"64":{"start":{"line":699,"column":0},"end":{"line":699,"column":1250}},"65":{"start":{"line":710,"column":0},"end":{"line":710,"column":2514}},"66":{"start":{"line":721,"column":0},"end":{"line":721,"column":466}},"67":{"start":{"line":732,"column":0},"end":{"line":732,"column":2552}},"68":{"start":{"line":743,"column":0},"end":{"line":743,"column":2590}},"69":{"start":{"line":754,"column":0},"end":{"line":754,"column":1858}},"70":{"start":{"line":765,"column":0},"end":{"line":765,"column":944}},"71":{"start":{"line":776,"column":0},"end":{"line":776,"column":9785}},"72":{"start":{"line":787,"column":0},"end":{"line":787,"column":2006}},"73":{"start":{"line":798,"column":0},"end":{"line":798,"column":1476}},"74":{"start":{"line":809,"column":0},"end":{"line":809,"column":2326}},"75":{"start":{"line":820,"column":0},"end":{"line":820,"column":3495}},"76":{"start":{"line":831,"column":0},"end":{"line":831,"column":1209}},"77":{"start":{"line":842,"column":0},"end":{"line":842,"column":3369}},"78":{"start":{"line":853,"column":0},"end":{"line":853,"column":3019}},"79":{"start":{"line":864,"column":0},"end":{"line":864,"column":19342}},"80":{"start":{"line":875,"column":0},"end":{"line":875,"column":2411}},"81":{"start":{"line":886,"column":0},"end":{"line":886,"column":3953}},"82":{"start":{"line":897,"column":0},"end":{"line":897,"column":22350}},"83":{"start":{"line":907,"column":0},"end":{"line":907,"column":731}},"84":{"start":{"line":918,"column":0},"end":{"line":918,"column":424}},"85":{"start":{"line":929,"column":0},"end":{"line":929,"column":921599}},"86":{"start":{"line":940,"column":0},"end":{"line":940,"column":1275}},"87":{"start":{"line":951,"column":0},"end":{"line":951,"column":7224}},"88":{"start":{"line":962,"column":0},"end":{"line":962,"column":254}},"89":{"start":{"line":973,"column":0},"end":{"line":973,"column":788}},"90":{"start":{"line":984,"column":0},"end":{"line":984,"column":3200}},"91":{"start":{"line":995,"column":0},"end":{"line":995,"column":23036}},"92":{"start":{"line":1006,"column":0},"end":{"line":1006,"column":7136}},"93":{"start":{"line":1017,"column":0},"end":{"line":1017,"column":2097}},"94":{"start":{"line":1028,"column":0},"end":{"line":1028,"column":1295}},"95":{"start":{"line":1039,"column":0},"end":{"line":1039,"column":2547}},"96":{"start":{"line":1050,"column":0},"end":{"line":1050,"column":4993}},"97":{"start":{"line":1061,"column":0},"end":{"line":1061,"column":1316}},"98":{"start":{"line":1072,"column":0},"end":{"line":1072,"column":3513}},"99":{"start":{"line":1083,"column":0},"end":{"line":1083,"column":3194}},"100":{"start":{"line":1094,"column":0},"end":{"line":1094,"column":2191}},"101":{"start":{"line":1105,"column":0},"end":{"line":1105,"column":1503}},"102":{"start":{"line":1116,"column":0},"end":{"line":1116,"column":7175}},"103":{"start":{"line":1127,"column":0},"end":{"line":1127,"column":2119}},"104":{"start":{"line":1138,"column":0},"end":{"line":1138,"column":2511}},"105":{"start":{"line":1149,"column":0},"end":{"line":1149,"column":3502}},"106":{"start":{"line":1160,"column":0},"end":{"line":1160,"column":793}},"107":{"start":{"line":1171,"column":0},"end":{"line":1171,"column":788}},"108":{"start":{"line":1182,"column":0},"end":{"line":1182,"column":800}},"109":{"start":{"line":1193,"column":0},"end":{"line":1193,"column":585}},"110":{"start":{"line":1204,"column":0},"end":{"line":1204,"column":984}},"111":{"start":{"line":1215,"column":0},"end":{"line":1215,"column":1383}},"112":{"start":{"line":1226,"column":0},"end":{"line":1226,"column":979}},"113":{"start":{"line":1237,"column":0},"end":{"line":1237,"column":969}},"114":{"start":{"line":1248,"column":0},"end":{"line":1248,"column":74664}},"115":{"start":{"line":1259,"column":0},"end":{"line":1259,"column":242}},"116":{"start":{"line":1270,"column":0},"end":{"line":1270,"column":857}},"117":{"start":{"line":1281,"column":0},"end":{"line":1281,"column":27405}},"118":{"start":{"line":1292,"column":0},"end":{"line":1292,"column":4658}},"119":{"start":{"line":1303,"column":0},"end":{"line":1303,"column":9419}},"120":{"start":{"line":1314,"column":0},"end":{"line":1314,"column":18278}},"121":{"start":{"line":1325,"column":0},"end":{"line":1325,"column":258}},"122":{"start":{"line":1336,"column":0},"end":{"line":1336,"column":276}},"123":{"start":{"line":1346,"column":0},"end":{"line":1346,"column":1123}},"124":{"start":{"line":1357,"column":0},"end":{"line":1357,"column":31077}},"125":{"start":{"line":1368,"column":0},"end":{"line":1368,"column":198218}},"126":{"start":{"line":1379,"column":0},"end":{"line":1379,"column":27986}},"127":{"start":{"line":1390,"column":0},"end":{"line":1390,"column":14356}},"128":{"start":{"line":1401,"column":0},"end":{"line":1401,"column":9370}},"129":{"start":{"line":1412,"column":0},"end":{"line":1412,"column":3597}},"130":{"start":{"line":1423,"column":0},"end":{"line":1423,"column":25830}},"131":{"start":{"line":1434,"column":0},"end":{"line":1434,"column":597}},"132":{"start":{"line":1445,"column":0},"end":{"line":1445,"column":714}},"133":{"start":{"line":1456,"column":0},"end":{"line":1456,"column":1610}},"134":{"start":{"line":1467,"column":0},"end":{"line":1467,"column":706}},"135":{"start":{"line":1474,"column":41},"end":{"line":1474,"column":43}},"136":{"start":{"line":1479,"column":30},"end":{"line":1479,"column":64}},"137":{"start":{"line":1480,"column":11},"end":{"line":1482,"column":12}},"138":{"start":{"line":1481,"column":12},"end":{"line":1481,"column":40}},"139":{"start":{"line":1484,"column":24},"end":{"line":1488,"column":12}},"140":{"start":{"line":1491,"column":11},"end":{"line":1491,"column":86}},"141":{"start":{"line":1494,"column":11},"end":{"line":1494,"column":33}},"142":{"start":{"line":1499,"column":10},"end":{"line":1508,"column":15}},"143":{"start":{"line":1501,"column":11},"end":{"line":1507,"column":13}},"144":{"start":{"line":1502,"column":25},"end":{"line":1504,"column":27}},"145":{"start":{"line":1503,"column":20},"end":{"line":1503,"column":37}},"146":{"start":{"line":1504,"column":20},"end":{"line":1504,"column":26}},"147":{"start":{"line":1505,"column":12},"end":{"line":1505,"column":57}},"148":{"start":{"line":1506,"column":12},"end":{"line":1506,"column":26}},"149":{"start":{"line":1511,"column":10},"end":{"line":1520,"column":15}},"150":{"start":{"line":1513,"column":11},"end":{"line":1519,"column":13}},"151":{"start":{"line":1514,"column":12},"end":{"line":1518,"column":13}},"152":{"start":{"line":1515,"column":13},"end":{"line":1517,"column":14}},"153":{"start":{"line":1516,"column":14},"end":{"line":1516,"column":94}},"154":{"start":{"line":1523,"column":10},"end":{"line":1525,"column":15}},"155":{"start":{"line":1524,"column":11},"end":{"line":1524,"column":99}},"156":{"start":{"line":1524,"column":51},"end":{"line":1524,"column":98}},"157":{"start":{"line":1528,"column":10},"end":{"line":1536,"column":15}},"158":{"start":{"line":1530,"column":11},"end":{"line":1535,"column":13}},"159":{"start":{"line":1531,"column":12},"end":{"line":1533,"column":13}},"160":{"start":{"line":1532,"column":13},"end":{"line":1532,"column":85}},"161":{"start":{"line":1534,"column":12},"end":{"line":1534,"column":74}},"162":{"start":{"line":1543,"column":36},"end":{"line":1543,"column":80}}},"fnMap":{"0":{"name":"(anonymous_0)","decl":{"start":{"line":9,"column":10},"end":{"line":9,"column":11}},"loc":{"start":{"line":9,"column":16},"end":{"line":1545,"column":10}},"line":9},"1":{"name":"(anonymous_1)","decl":{"start":{"line":16,"column":7},"end":{"line":16,"column":8}},"loc":{"start":{"line":16,"column":78},"end":{"line":21,"column":7}},"line":16},"2":{"name":"(anonymous_2)","decl":{"start":{"line":27,"column":7},"end":{"line":27,"column":8}},"loc":{"start":{"line":27,"column":78},"end":{"line":32,"column":7}},"line":27},"3":{"name":"(anonymous_3)","decl":{"start":{"line":38,"column":7},"end":{"line":38,"column":8}},"loc":{"start":{"line":38,"column":78},"end":{"line":43,"column":7}},"line":38},"4":{"name":"(anonymous_4)","decl":{"start":{"line":49,"column":7},"end":{"line":49,"column":8}},"loc":{"start":{"line":49,"column":78},"end":{"line":54,"column":7}},"line":49},"5":{"name":"(anonymous_5)","decl":{"start":{"line":60,"column":7},"end":{"line":60,"column":8}},"loc":{"start":{"line":60,"column":78},"end":{"line":65,"column":7}},"line":60},"6":{"name":"(anonymous_6)","decl":{"start":{"line":71,"column":7},"end":{"line":71,"column":8}},"loc":{"start":{"line":71,"column":66},"end":{"line":75,"column":7}},"line":71},"7":{"name":"(anonymous_7)","decl":{"start":{"line":81,"column":7},"end":{"line":81,"column":8}},"loc":{"start":{"line":81,"column":66},"end":{"line":86,"column":7}},"line":81},"8":{"name":"(anonymous_8)","decl":{"start":{"line":92,"column":7},"end":{"line":92,"column":8}},"loc":{"start":{"line":92,"column":66},"end":{"line":97,"column":7}},"line":92},"9":{"name":"(anonymous_9)","decl":{"start":{"line":103,"column":7},"end":{"line":103,"column":8}},"loc":{"start":{"line":103,"column":19},"end":{"line":108,"column":7}},"line":103},"10":{"name":"(anonymous_10)","decl":{"start":{"line":114,"column":7},"end":{"line":114,"column":8}},"loc":{"start":{"line":114,"column":66},"end":{"line":119,"column":7}},"line":114},"11":{"name":"(anonymous_11)","decl":{"start":{"line":125,"column":7},"end":{"line":125,"column":8}},"loc":{"start":{"line":125,"column":19},"end":{"line":130,"column":7}},"line":125},"12":{"name":"(anonymous_12)","decl":{"start":{"line":136,"column":7},"end":{"line":136,"column":8}},"loc":{"start":{"line":136,"column":66},"end":{"line":141,"column":7}},"line":136},"13":{"name":"(anonymous_13)","decl":{"start":{"line":147,"column":7},"end":{"line":147,"column":8}},"loc":{"start":{"line":147,"column":66},"end":{"line":152,"column":7}},"line":147},"14":{"name":"(anonymous_14)","decl":{"start":{"line":158,"column":7},"end":{"line":158,"column":8}},"loc":{"start":{"line":158,"column":66},"end":{"line":163,"column":7}},"line":158},"15":{"name":"(anonymous_15)","decl":{"start":{"line":169,"column":7},"end":{"line":169,"column":8}},"loc":{"start":{"line":169,"column":66},"end":{"line":174,"column":7}},"line":169},"16":{"name":"(anonymous_16)","decl":{"start":{"line":180,"column":7},"end":{"line":180,"column":8}},"loc":{"start":{"line":180,"column":66},"end":{"line":185,"column":7}},"line":180},"17":{"name":"(anonymous_17)","decl":{"start":{"line":191,"column":7},"end":{"line":191,"column":8}},"loc":{"start":{"line":191,"column":19},"end":{"line":196,"column":7}},"line":191},"18":{"name":"(anonymous_18)","decl":{"start":{"line":202,"column":7},"end":{"line":202,"column":8}},"loc":{"start":{"line":202,"column":66},"end":{"line":207,"column":7}},"line":202},"19":{"name":"(anonymous_19)","decl":{"start":{"line":213,"column":7},"end":{"line":213,"column":8}},"loc":{"start":{"line":213,"column":66},"end":{"line":218,"column":7}},"line":213},"20":{"name":"(anonymous_20)","decl":{"start":{"line":224,"column":7},"end":{"line":224,"column":8}},"loc":{"start":{"line":224,"column":66},"end":{"line":229,"column":7}},"line":224},"21":{"name":"(anonymous_21)","decl":{"start":{"line":235,"column":7},"end":{"line":235,"column":8}},"loc":{"start":{"line":235,"column":66},"end":{"line":240,"column":7}},"line":235},"22":{"name":"(anonymous_22)","decl":{"start":{"line":246,"column":7},"end":{"line":246,"column":8}},"loc":{"start":{"line":246,"column":19},"end":{"line":250,"column":7}},"line":246},"23":{"name":"(anonymous_23)","decl":{"start":{"line":256,"column":7},"end":{"line":256,"column":8}},"loc":{"start":{"line":256,"column":19},"end":{"line":261,"column":7}},"line":256},"24":{"name":"(anonymous_24)","decl":{"start":{"line":267,"column":7},"end":{"line":267,"column":8}},"loc":{"start":{"line":267,"column":66},"end":{"line":272,"column":7}},"line":267},"25":{"name":"(anonymous_25)","decl":{"start":{"line":278,"column":7},"end":{"line":278,"column":8}},"loc":{"start":{"line":278,"column":19},"end":{"line":283,"column":7}},"line":278},"26":{"name":"(anonymous_26)","decl":{"start":{"line":289,"column":7},"end":{"line":289,"column":8}},"loc":{"start":{"line":289,"column":66},"end":{"line":294,"column":7}},"line":289},"27":{"name":"(anonymous_27)","decl":{"start":{"line":300,"column":7},"end":{"line":300,"column":8}},"loc":{"start":{"line":300,"column":19},"end":{"line":305,"column":7}},"line":300},"28":{"name":"(anonymous_28)","decl":{"start":{"line":311,"column":7},"end":{"line":311,"column":8}},"loc":{"start":{"line":311,"column":19},"end":{"line":316,"column":7}},"line":311},"29":{"name":"(anonymous_29)","decl":{"start":{"line":322,"column":7},"end":{"line":322,"column":8}},"loc":{"start":{"line":322,"column":66},"end":{"line":327,"column":7}},"line":322},"30":{"name":"(anonymous_30)","decl":{"start":{"line":333,"column":7},"end":{"line":333,"column":8}},"loc":{"start":{"line":333,"column":66},"end":{"line":338,"column":7}},"line":333},"31":{"name":"(anonymous_31)","decl":{"start":{"line":344,"column":7},"end":{"line":344,"column":8}},"loc":{"start":{"line":344,"column":66},"end":{"line":349,"column":7}},"line":344},"32":{"name":"(anonymous_32)","decl":{"start":{"line":355,"column":7},"end":{"line":355,"column":8}},"loc":{"start":{"line":355,"column":19},"end":{"line":360,"column":7}},"line":355},"33":{"name":"(anonymous_33)","decl":{"start":{"line":366,"column":7},"end":{"line":366,"column":8}},"loc":{"start":{"line":366,"column":66},"end":{"line":371,"column":7}},"line":366},"34":{"name":"(anonymous_34)","decl":{"start":{"line":377,"column":7},"end":{"line":377,"column":8}},"loc":{"start":{"line":377,"column":66},"end":{"line":382,"column":7}},"line":377},"35":{"name":"(anonymous_35)","decl":{"start":{"line":388,"column":7},"end":{"line":388,"column":8}},"loc":{"start":{"line":388,"column":78},"end":{"line":393,"column":7}},"line":388},"36":{"name":"(anonymous_36)","decl":{"start":{"line":399,"column":7},"end":{"line":399,"column":8}},"loc":{"start":{"line":399,"column":78},"end":{"line":404,"column":7}},"line":399},"37":{"name":"(anonymous_37)","decl":{"start":{"line":410,"column":7},"end":{"line":410,"column":8}},"loc":{"start":{"line":410,"column":78},"end":{"line":415,"column":7}},"line":410},"38":{"name":"(anonymous_38)","decl":{"start":{"line":421,"column":7},"end":{"line":421,"column":8}},"loc":{"start":{"line":421,"column":78},"end":{"line":426,"column":7}},"line":421},"39":{"name":"(anonymous_39)","decl":{"start":{"line":432,"column":7},"end":{"line":432,"column":8}},"loc":{"start":{"line":432,"column":78},"end":{"line":437,"column":7}},"line":432},"40":{"name":"(anonymous_40)","decl":{"start":{"line":443,"column":7},"end":{"line":443,"column":8}},"loc":{"start":{"line":443,"column":78},"end":{"line":448,"column":7}},"line":443},"41":{"name":"(anonymous_41)","decl":{"start":{"line":454,"column":7},"end":{"line":454,"column":8}},"loc":{"start":{"line":454,"column":78},"end":{"line":459,"column":7}},"line":454},"42":{"name":"(anonymous_42)","decl":{"start":{"line":465,"column":7},"end":{"line":465,"column":8}},"loc":{"start":{"line":465,"column":78},"end":{"line":470,"column":7}},"line":465},"43":{"name":"(anonymous_43)","decl":{"start":{"line":476,"column":7},"end":{"line":476,"column":8}},"loc":{"start":{"line":476,"column":78},"end":{"line":481,"column":7}},"line":476},"44":{"name":"(anonymous_44)","decl":{"start":{"line":487,"column":7},"end":{"line":487,"column":8}},"loc":{"start":{"line":487,"column":78},"end":{"line":492,"column":7}},"line":487},"45":{"name":"(anonymous_45)","decl":{"start":{"line":498,"column":7},"end":{"line":498,"column":8}},"loc":{"start":{"line":498,"column":78},"end":{"line":503,"column":7}},"line":498},"46":{"name":"(anonymous_46)","decl":{"start":{"line":509,"column":7},"end":{"line":509,"column":8}},"loc":{"start":{"line":509,"column":78},"end":{"line":514,"column":7}},"line":509},"47":{"name":"(anonymous_47)","decl":{"start":{"line":520,"column":7},"end":{"line":520,"column":8}},"loc":{"start":{"line":520,"column":78},"end":{"line":525,"column":7}},"line":520},"48":{"name":"(anonymous_48)","decl":{"start":{"line":531,"column":7},"end":{"line":531,"column":8}},"loc":{"start":{"line":531,"column":78},"end":{"line":536,"column":7}},"line":531},"49":{"name":"(anonymous_49)","decl":{"start":{"line":542,"column":7},"end":{"line":542,"column":8}},"loc":{"start":{"line":542,"column":78},"end":{"line":547,"column":7}},"line":542},"50":{"name":"(anonymous_50)","decl":{"start":{"line":553,"column":7},"end":{"line":553,"column":8}},"loc":{"start":{"line":553,"column":78},"end":{"line":558,"column":7}},"line":553},"51":{"name":"(anonymous_51)","decl":{"start":{"line":564,"column":7},"end":{"line":564,"column":8}},"loc":{"start":{"line":564,"column":78},"end":{"line":569,"column":7}},"line":564},"52":{"name":"(anonymous_52)","decl":{"start":{"line":575,"column":7},"end":{"line":575,"column":8}},"loc":{"start":{"line":575,"column":78},"end":{"line":580,"column":7}},"line":575},"53":{"name":"(anonymous_53)","decl":{"start":{"line":586,"column":7},"end":{"line":586,"column":8}},"loc":{"start":{"line":586,"column":78},"end":{"line":591,"column":7}},"line":586},"54":{"name":"(anonymous_54)","decl":{"start":{"line":597,"column":7},"end":{"line":597,"column":8}},"loc":{"start":{"line":597,"column":78},"end":{"line":602,"column":7}},"line":597},"55":{"name":"(anonymous_55)","decl":{"start":{"line":608,"column":7},"end":{"line":608,"column":8}},"loc":{"start":{"line":608,"column":78},"end":{"line":613,"column":7}},"line":608},"56":{"name":"(anonymous_56)","decl":{"start":{"line":619,"column":7},"end":{"line":619,"column":8}},"loc":{"start":{"line":619,"column":78},"end":{"line":624,"column":7}},"line":619},"57":{"name":"(anonymous_57)","decl":{"start":{"line":630,"column":7},"end":{"line":630,"column":8}},"loc":{"start":{"line":630,"column":78},"end":{"line":635,"column":7}},"line":630},"58":{"name":"(anonymous_58)","decl":{"start":{"line":641,"column":7},"end":{"line":641,"column":8}},"loc":{"start":{"line":641,"column":78},"end":{"line":646,"column":7}},"line":641},"59":{"name":"(anonymous_59)","decl":{"start":{"line":652,"column":7},"end":{"line":652,"column":8}},"loc":{"start":{"line":652,"column":78},"end":{"line":657,"column":7}},"line":652},"60":{"name":"(anonymous_60)","decl":{"start":{"line":663,"column":7},"end":{"line":663,"column":8}},"loc":{"start":{"line":663,"column":78},"end":{"line":668,"column":7}},"line":663},"61":{"name":"(anonymous_61)","decl":{"start":{"line":674,"column":7},"end":{"line":674,"column":8}},"loc":{"start":{"line":674,"column":78},"end":{"line":679,"column":7}},"line":674},"62":{"name":"(anonymous_62)","decl":{"start":{"line":685,"column":7},"end":{"line":685,"column":8}},"loc":{"start":{"line":685,"column":78},"end":{"line":690,"column":7}},"line":685},"63":{"name":"(anonymous_63)","decl":{"start":{"line":696,"column":7},"end":{"line":696,"column":8}},"loc":{"start":{"line":696,"column":78},"end":{"line":701,"column":7}},"line":696},"64":{"name":"(anonymous_64)","decl":{"start":{"line":707,"column":7},"end":{"line":707,"column":8}},"loc":{"start":{"line":707,"column":78},"end":{"line":712,"column":7}},"line":707},"65":{"name":"(anonymous_65)","decl":{"start":{"line":718,"column":7},"end":{"line":718,"column":8}},"loc":{"start":{"line":718,"column":78},"end":{"line":723,"column":7}},"line":718},"66":{"name":"(anonymous_66)","decl":{"start":{"line":729,"column":7},"end":{"line":729,"column":8}},"loc":{"start":{"line":729,"column":78},"end":{"line":734,"column":7}},"line":729},"67":{"name":"(anonymous_67)","decl":{"start":{"line":740,"column":7},"end":{"line":740,"column":8}},"loc":{"start":{"line":740,"column":78},"end":{"line":745,"column":7}},"line":740},"68":{"name":"(anonymous_68)","decl":{"start":{"line":751,"column":7},"end":{"line":751,"column":8}},"loc":{"start":{"line":751,"column":78},"end":{"line":756,"column":7}},"line":751},"69":{"name":"(anonymous_69)","decl":{"start":{"line":762,"column":7},"end":{"line":762,"column":8}},"loc":{"start":{"line":762,"column":78},"end":{"line":767,"column":7}},"line":762},"70":{"name":"(anonymous_70)","decl":{"start":{"line":773,"column":7},"end":{"line":773,"column":8}},"loc":{"start":{"line":773,"column":78},"end":{"line":778,"column":7}},"line":773},"71":{"name":"(anonymous_71)","decl":{"start":{"line":784,"column":7},"end":{"line":784,"column":8}},"loc":{"start":{"line":784,"column":78},"end":{"line":789,"column":7}},"line":784},"72":{"name":"(anonymous_72)","decl":{"start":{"line":795,"column":7},"end":{"line":795,"column":8}},"loc":{"start":{"line":795,"column":78},"end":{"line":800,"column":7}},"line":795},"73":{"name":"(anonymous_73)","decl":{"start":{"line":806,"column":7},"end":{"line":806,"column":8}},"loc":{"start":{"line":806,"column":78},"end":{"line":811,"column":7}},"line":806},"74":{"name":"(anonymous_74)","decl":{"start":{"line":817,"column":7},"end":{"line":817,"column":8}},"loc":{"start":{"line":817,"column":78},"end":{"line":822,"column":7}},"line":817},"75":{"name":"(anonymous_75)","decl":{"start":{"line":828,"column":7},"end":{"line":828,"column":8}},"loc":{"start":{"line":828,"column":78},"end":{"line":833,"column":7}},"line":828},"76":{"name":"(anonymous_76)","decl":{"start":{"line":839,"column":7},"end":{"line":839,"column":8}},"loc":{"start":{"line":839,"column":78},"end":{"line":844,"column":7}},"line":839},"77":{"name":"(anonymous_77)","decl":{"start":{"line":850,"column":7},"end":{"line":850,"column":8}},"loc":{"start":{"line":850,"column":66},"end":{"line":855,"column":7}},"line":850},"78":{"name":"(anonymous_78)","decl":{"start":{"line":861,"column":7},"end":{"line":861,"column":8}},"loc":{"start":{"line":861,"column":78},"end":{"line":866,"column":7}},"line":861},"79":{"name":"(anonymous_79)","decl":{"start":{"line":872,"column":7},"end":{"line":872,"column":8}},"loc":{"start":{"line":872,"column":19},"end":{"line":877,"column":7}},"line":872},"80":{"name":"(anonymous_80)","decl":{"start":{"line":883,"column":7},"end":{"line":883,"column":8}},"loc":{"start":{"line":883,"column":66},"end":{"line":888,"column":7}},"line":883},"81":{"name":"(anonymous_81)","decl":{"start":{"line":894,"column":7},"end":{"line":894,"column":8}},"loc":{"start":{"line":894,"column":66},"end":{"line":899,"column":7}},"line":894},"82":{"name":"(anonymous_82)","decl":{"start":{"line":905,"column":7},"end":{"line":905,"column":8}},"loc":{"start":{"line":905,"column":66},"end":{"line":909,"column":7}},"line":905},"83":{"name":"(anonymous_83)","decl":{"start":{"line":915,"column":7},"end":{"line":915,"column":8}},"loc":{"start":{"line":915,"column":19},"end":{"line":920,"column":7}},"line":915},"84":{"name":"(anonymous_84)","decl":{"start":{"line":926,"column":7},"end":{"line":926,"column":8}},"loc":{"start":{"line":926,"column":66},"end":{"line":931,"column":7}},"line":926},"85":{"name":"(anonymous_85)","decl":{"start":{"line":937,"column":7},"end":{"line":937,"column":8}},"loc":{"start":{"line":937,"column":66},"end":{"line":942,"column":7}},"line":937},"86":{"name":"(anonymous_86)","decl":{"start":{"line":948,"column":7},"end":{"line":948,"column":8}},"loc":{"start":{"line":948,"column":45},"end":{"line":953,"column":7}},"line":948},"87":{"name":"(anonymous_87)","decl":{"start":{"line":959,"column":7},"end":{"line":959,"column":8}},"loc":{"start":{"line":959,"column":66},"end":{"line":964,"column":7}},"line":959},"88":{"name":"(anonymous_88)","decl":{"start":{"line":970,"column":7},"end":{"line":970,"column":8}},"loc":{"start":{"line":970,"column":78},"end":{"line":975,"column":7}},"line":970},"89":{"name":"(anonymous_89)","decl":{"start":{"line":981,"column":7},"end":{"line":981,"column":8}},"loc":{"start":{"line":981,"column":78},"end":{"line":986,"column":7}},"line":981},"90":{"name":"(anonymous_90)","decl":{"start":{"line":992,"column":7},"end":{"line":992,"column":8}},"loc":{"start":{"line":992,"column":78},"end":{"line":997,"column":7}},"line":992},"91":{"name":"(anonymous_91)","decl":{"start":{"line":1003,"column":7},"end":{"line":1003,"column":8}},"loc":{"start":{"line":1003,"column":78},"end":{"line":1008,"column":7}},"line":1003},"92":{"name":"(anonymous_92)","decl":{"start":{"line":1014,"column":7},"end":{"line":1014,"column":8}},"loc":{"start":{"line":1014,"column":78},"end":{"line":1019,"column":7}},"line":1014},"93":{"name":"(anonymous_93)","decl":{"start":{"line":1025,"column":7},"end":{"line":1025,"column":8}},"loc":{"start":{"line":1025,"column":78},"end":{"line":1030,"column":7}},"line":1025},"94":{"name":"(anonymous_94)","decl":{"start":{"line":1036,"column":7},"end":{"line":1036,"column":8}},"loc":{"start":{"line":1036,"column":78},"end":{"line":1041,"column":7}},"line":1036},"95":{"name":"(anonymous_95)","decl":{"start":{"line":1047,"column":7},"end":{"line":1047,"column":8}},"loc":{"start":{"line":1047,"column":78},"end":{"line":1052,"column":7}},"line":1047},"96":{"name":"(anonymous_96)","decl":{"start":{"line":1058,"column":7},"end":{"line":1058,"column":8}},"loc":{"start":{"line":1058,"column":78},"end":{"line":1063,"column":7}},"line":1058},"97":{"name":"(anonymous_97)","decl":{"start":{"line":1069,"column":7},"end":{"line":1069,"column":8}},"loc":{"start":{"line":1069,"column":78},"end":{"line":1074,"column":7}},"line":1069},"98":{"name":"(anonymous_98)","decl":{"start":{"line":1080,"column":7},"end":{"line":1080,"column":8}},"loc":{"start":{"line":1080,"column":78},"end":{"line":1085,"column":7}},"line":1080},"99":{"name":"(anonymous_99)","decl":{"start":{"line":1091,"column":7},"end":{"line":1091,"column":8}},"loc":{"start":{"line":1091,"column":78},"end":{"line":1096,"column":7}},"line":1091},"100":{"name":"(anonymous_100)","decl":{"start":{"line":1102,"column":7},"end":{"line":1102,"column":8}},"loc":{"start":{"line":1102,"column":78},"end":{"line":1107,"column":7}},"line":1102},"101":{"name":"(anonymous_101)","decl":{"start":{"line":1113,"column":7},"end":{"line":1113,"column":8}},"loc":{"start":{"line":1113,"column":78},"end":{"line":1118,"column":7}},"line":1113},"102":{"name":"(anonymous_102)","decl":{"start":{"line":1124,"column":7},"end":{"line":1124,"column":8}},"loc":{"start":{"line":1124,"column":78},"end":{"line":1129,"column":7}},"line":1124},"103":{"name":"(anonymous_103)","decl":{"start":{"line":1135,"column":7},"end":{"line":1135,"column":8}},"loc":{"start":{"line":1135,"column":78},"end":{"line":1140,"column":7}},"line":1135},"104":{"name":"(anonymous_104)","decl":{"start":{"line":1146,"column":7},"end":{"line":1146,"column":8}},"loc":{"start":{"line":1146,"column":78},"end":{"line":1151,"column":7}},"line":1146},"105":{"name":"(anonymous_105)","decl":{"start":{"line":1157,"column":7},"end":{"line":1157,"column":8}},"loc":{"start":{"line":1157,"column":78},"end":{"line":1162,"column":7}},"line":1157},"106":{"name":"(anonymous_106)","decl":{"start":{"line":1168,"column":7},"end":{"line":1168,"column":8}},"loc":{"start":{"line":1168,"column":78},"end":{"line":1173,"column":7}},"line":1168},"107":{"name":"(anonymous_107)","decl":{"start":{"line":1179,"column":7},"end":{"line":1179,"column":8}},"loc":{"start":{"line":1179,"column":78},"end":{"line":1184,"column":7}},"line":1179},"108":{"name":"(anonymous_108)","decl":{"start":{"line":1190,"column":7},"end":{"line":1190,"column":8}},"loc":{"start":{"line":1190,"column":78},"end":{"line":1195,"column":7}},"line":1190},"109":{"name":"(anonymous_109)","decl":{"start":{"line":1201,"column":7},"end":{"line":1201,"column":8}},"loc":{"start":{"line":1201,"column":78},"end":{"line":1206,"column":7}},"line":1201},"110":{"name":"(anonymous_110)","decl":{"start":{"line":1212,"column":7},"end":{"line":1212,"column":8}},"loc":{"start":{"line":1212,"column":78},"end":{"line":1217,"column":7}},"line":1212},"111":{"name":"(anonymous_111)","decl":{"start":{"line":1223,"column":7},"end":{"line":1223,"column":8}},"loc":{"start":{"line":1223,"column":78},"end":{"line":1228,"column":7}},"line":1223},"112":{"name":"(anonymous_112)","decl":{"start":{"line":1234,"column":7},"end":{"line":1234,"column":8}},"loc":{"start":{"line":1234,"column":78},"end":{"line":1239,"column":7}},"line":1234},"113":{"name":"(anonymous_113)","decl":{"start":{"line":1245,"column":7},"end":{"line":1245,"column":8}},"loc":{"start":{"line":1245,"column":66},"end":{"line":1250,"column":7}},"line":1245},"114":{"name":"(anonymous_114)","decl":{"start":{"line":1256,"column":7},"end":{"line":1256,"column":8}},"loc":{"start":{"line":1256,"column":66},"end":{"line":1261,"column":7}},"line":1256},"115":{"name":"(anonymous_115)","decl":{"start":{"line":1267,"column":7},"end":{"line":1267,"column":8}},"loc":{"start":{"line":1267,"column":78},"end":{"line":1272,"column":7}},"line":1267},"116":{"name":"(anonymous_116)","decl":{"start":{"line":1278,"column":7},"end":{"line":1278,"column":8}},"loc":{"start":{"line":1278,"column":78},"end":{"line":1283,"column":7}},"line":1278},"117":{"name":"(anonymous_117)","decl":{"start":{"line":1289,"column":7},"end":{"line":1289,"column":8}},"loc":{"start":{"line":1289,"column":78},"end":{"line":1294,"column":7}},"line":1289},"118":{"name":"(anonymous_118)","decl":{"start":{"line":1300,"column":7},"end":{"line":1300,"column":8}},"loc":{"start":{"line":1300,"column":45},"end":{"line":1305,"column":7}},"line":1300},"119":{"name":"(anonymous_119)","decl":{"start":{"line":1311,"column":7},"end":{"line":1311,"column":8}},"loc":{"start":{"line":1311,"column":45},"end":{"line":1316,"column":7}},"line":1311},"120":{"name":"(anonymous_120)","decl":{"start":{"line":1322,"column":7},"end":{"line":1322,"column":8}},"loc":{"start":{"line":1322,"column":66},"end":{"line":1327,"column":7}},"line":1322},"121":{"name":"(anonymous_121)","decl":{"start":{"line":1333,"column":7},"end":{"line":1333,"column":8}},"loc":{"start":{"line":1333,"column":66},"end":{"line":1338,"column":7}},"line":1333},"122":{"name":"(anonymous_122)","decl":{"start":{"line":1344,"column":7},"end":{"line":1344,"column":8}},"loc":{"start":{"line":1344,"column":19},"end":{"line":1348,"column":7}},"line":1344},"123":{"name":"(anonymous_123)","decl":{"start":{"line":1354,"column":7},"end":{"line":1354,"column":8}},"loc":{"start":{"line":1354,"column":78},"end":{"line":1359,"column":7}},"line":1354},"124":{"name":"(anonymous_124)","decl":{"start":{"line":1365,"column":7},"end":{"line":1365,"column":8}},"loc":{"start":{"line":1365,"column":78},"end":{"line":1370,"column":7}},"line":1365},"125":{"name":"(anonymous_125)","decl":{"start":{"line":1376,"column":7},"end":{"line":1376,"column":8}},"loc":{"start":{"line":1376,"column":78},"end":{"line":1381,"column":7}},"line":1376},"126":{"name":"(anonymous_126)","decl":{"start":{"line":1387,"column":7},"end":{"line":1387,"column":8}},"loc":{"start":{"line":1387,"column":78},"end":{"line":1392,"column":7}},"line":1387},"127":{"name":"(anonymous_127)","decl":{"start":{"line":1398,"column":7},"end":{"line":1398,"column":8}},"loc":{"start":{"line":1398,"column":78},"end":{"line":1403,"column":7}},"line":1398},"128":{"name":"(anonymous_128)","decl":{"start":{"line":1409,"column":7},"end":{"line":1409,"column":8}},"loc":{"start":{"line":1409,"column":78},"end":{"line":1414,"column":7}},"line":1409},"129":{"name":"(anonymous_129)","decl":{"start":{"line":1420,"column":7},"end":{"line":1420,"column":8}},"loc":{"start":{"line":1420,"column":78},"end":{"line":1425,"column":7}},"line":1420},"130":{"name":"(anonymous_130)","decl":{"start":{"line":1431,"column":7},"end":{"line":1431,"column":8}},"loc":{"start":{"line":1431,"column":90},"end":{"line":1436,"column":7}},"line":1431},"131":{"name":"(anonymous_131)","decl":{"start":{"line":1442,"column":7},"end":{"line":1442,"column":8}},"loc":{"start":{"line":1442,"column":90},"end":{"line":1447,"column":7}},"line":1442},"132":{"name":"(anonymous_132)","decl":{"start":{"line":1453,"column":7},"end":{"line":1453,"column":8}},"loc":{"start":{"line":1453,"column":90},"end":{"line":1458,"column":7}},"line":1453},"133":{"name":"(anonymous_133)","decl":{"start":{"line":1464,"column":7},"end":{"line":1464,"column":8}},"loc":{"start":{"line":1464,"column":90},"end":{"line":1469,"column":7}},"line":1464},"134":{"name":"__webpack_require__","decl":{"start":{"line":1477,"column":19},"end":{"line":1477,"column":38}},"loc":{"start":{"line":1477,"column":49},"end":{"line":1495,"column":11}},"line":1477},"135":{"name":"(anonymous_135)","decl":{"start":{"line":1499,"column":11},"end":{"line":1499,"column":12}},"loc":{"start":{"line":1499,"column":17},"end":{"line":1508,"column":11}},"line":1499},"136":{"name":"(anonymous_136)","decl":{"start":{"line":1501,"column":35},"end":{"line":1501,"column":36}},"loc":{"start":{"line":1501,"column":47},"end":{"line":1507,"column":12}},"line":1501},"137":{"name":"(anonymous_137)","decl":{"start":{"line":1503,"column":13},"end":{"line":1503,"column":14}},"loc":{"start":{"line":1503,"column":20},"end":{"line":1503,"column":37}},"line":1503},"138":{"name":"(anonymous_138)","decl":{"start":{"line":1504,"column":13},"end":{"line":1504,"column":14}},"loc":{"start":{"line":1504,"column":20},"end":{"line":1504,"column":26}},"line":1504},"139":{"name":"(anonymous_139)","decl":{"start":{"line":1511,"column":11},"end":{"line":1511,"column":12}},"loc":{"start":{"line":1511,"column":17},"end":{"line":1520,"column":11}},"line":1511},"140":{"name":"(anonymous_140)","decl":{"start":{"line":1513,"column":35},"end":{"line":1513,"column":36}},"loc":{"start":{"line":1513,"column":60},"end":{"line":1519,"column":12}},"line":1513},"141":{"name":"(anonymous_141)","decl":{"start":{"line":1523,"column":11},"end":{"line":1523,"column":12}},"loc":{"start":{"line":1523,"column":17},"end":{"line":1525,"column":11}},"line":1523},"142":{"name":"(anonymous_142)","decl":{"start":{"line":1524,"column":35},"end":{"line":1524,"column":36}},"loc":{"start":{"line":1524,"column":51},"end":{"line":1524,"column":98}},"line":1524},"143":{"name":"(anonymous_143)","decl":{"start":{"line":1528,"column":11},"end":{"line":1528,"column":12}},"loc":{"start":{"line":1528,"column":17},"end":{"line":1536,"column":11}},"line":1528},"144":{"name":"(anonymous_144)","decl":{"start":{"line":1530,"column":35},"end":{"line":1530,"column":36}},"loc":{"start":{"line":1530,"column":48},"end":{"line":1535,"column":12}},"line":1530}},"branchMap":{"0":{"loc":{"start":{"line":1480,"column":11},"end":{"line":1482,"column":12}},"type":"if","locations":[{"start":{"line":1480,"column":11},"end":{"line":1482,"column":12}},{"start":{},"end":{}}],"line":1480},"1":{"loc":{"start":{"line":1502,"column":25},"end":{"line":1504,"column":27}},"type":"cond-expr","locations":[{"start":{"line":1503,"column":13},"end":{"line":1503,"column":38}},{"start":{"line":1504,"column":13},"end":{"line":1504,"column":27}}],"line":1502},"2":{"loc":{"start":{"line":1502,"column":25},"end":{"line":1502,"column":52}},"type":"binary-expr","locations":[{"start":{"line":1502,"column":25},"end":{"line":1502,"column":31}},{"start":{"line":1502,"column":35},"end":{"line":1502,"column":52}}],"line":1502},"3":{"loc":{"start":{"line":1515,"column":13},"end":{"line":1517,"column":14}},"type":"if","locations":[{"start":{"line":1515,"column":13},"end":{"line":1517,"column":14}},{"start":{},"end":{}}],"line":1515},"4":{"loc":{"start":{"line":1515,"column":16},"end":{"line":1515,"column":94}},"type":"binary-expr","locations":[{"start":{"line":1515,"column":16},"end":{"line":1515,"column":54}},{"start":{"line":1515,"column":58},"end":{"line":1515,"column":94}}],"line":1515},"5":{"loc":{"start":{"line":1531,"column":12},"end":{"line":1533,"column":13}},"type":"if","locations":[{"start":{"line":1531,"column":12},"end":{"line":1533,"column":13}},{"start":{},"end":{}}],"line":1531},"6":{"loc":{"start":{"line":1531,"column":15},"end":{"line":1531,"column":66}},"type":"binary-expr","locations":[{"start":{"line":1531,"column":15},"end":{"line":1531,"column":44}},{"start":{"line":1531,"column":48},"end":{"line":1531,"column":66}}],"line":1531}},"s":{"0":0,"1":0,"2":0,"3":0,"4":0,"5":0,"6":0,"7":0,"8":0,"9":0,"10":0,"11":0,"12":0,"13":0,"14":0,"15":0,"16":0,"17":0,"18":0,"19":0,"20":0,"21":0,"22":0,"23":0,"24":0,"25":0,"26":0,"27":0,"28":0,"29":0,"30":0,"31":0,"32":0,"33":0,"34":0,"35":0,"36":0,"37":0,"38":0,"39":0,"40":0,"41":0,"42":0,"43":0,"44":0,"45":0,"46":0,"47":0,"48":0,"49":0,"50":0,"51":0,"52":0,"53":0,"54":0,"55":0,"56":0,"57":0,"58":0,"59":0,"60":0,"61":0,"62":0,"63":0,"64":0,"65":0,"66":0,"67":0,"68":0,"69":0,"70":0,"71":0,"72":0,"73":0,"74":0,"75":0,"76":0,"77":0,"78":0,"79":0,"80":0,"81":0,"82":0,"83":0,"84":0,"85":0,"86":0,"87":0,"88":0,"89":0,"90":0,"91":0,"92":0,"93":0,"94":0,"95":0,"96":0,"97":0,"98":0,"99":0,"100":0,"101":0,"102":0,"103":0,"104":0,"105":0,"106":0,"107":0,"108":0,"109":0,"110":0,"111":0,"112":0,"113":0,"114":0,"115":0,"116":0,"117":0,"118":0,"119":0,"120":0,"121":0,"122":0,"123":0,"124":0,"125":0,"126":0,"127":0,"128":0,"129":0,"130":0,"131":0,"132":0,"133":0,"134":0,"135":0,"136":0,"137":0,"138":0,"139":0,"140":0,"141":0,"142":0,"143":0,"144":0,"145":0,"146":0,"147":0,"148":0,"149":0,"150":0,"151":0,"152":0,"153":0,"154":0,"155":0,"156":0,"157":0,"158":0,"159":0,"160":0,"161":0,"162":0},"f":{"0":0,"1":0,"2":0,"3":0,"4":0,"5":0,"6":0,"7":0,"8":0,"9":0,"10":0,"11":0,"12":0,"13":0,"14":0,"15":0,"16":0,"17":0,"18":0,"19":0,"20":0,"21":0,"22":0,"23":0,"24":0,"25":0,"26":0,"27":0,"28":0,"29":0,"30":0,"31":0,"32":0,"33":0,"34":0,"35":0,"36":0,"37":0,"38":0,"39":0,"40":0,"41":0,"42":0,"43":0,"44":0,"45":0,"46":0,"47":0,"48":0,"49":0,"50":0,"51":0,"52":0,"53":0,"54":0,"55":0,"56":0,"57":0,"58":0,"59":0,"60":0,"61":0,"62":0,"63":0,"64":0,"65":0,"66":0,"67":0,"68":0,"69":0,"70":0,"71":0,"72":0,"73":0,"74":0,"75":0,"76":0,"77":0,"78":0,"79":0,"80":0,"81":0,"82":0,"83":0,"84":0,"85":0,"86":0,"87":0,"88":0,"89":0,"90":0,"91":0,"92":0,"93":0,"94":0,"95":0,"96":0,"97":0,"98":0,"99":0,"100":0,"101":0,"102":0,"103":0,"104":0,"105":0,"106":0,"107":0,"108":0,"109":0,"110":0,"111":0,"112":0,"113":0,"114":0,"115":0,"116":0,"117":0,"118":0,"119":0,"120":0,"121":0,"122":0,"123":0,"124":0,"125":0,"126":0,"127":0,"128":0,"129":0,"130":0,"131":0,"132":0,"133":0,"134":0,"135":0,"136":0,"137":0,"138":0,"139":0,"140":0,"141":0,"142":0,"143":0,"144":0},"b":{"0":[0,0],"1":[0,0],"2":[0,0],"3":[0,0],"4":[0,0],"5":[0,0],"6":[0,0]}}
,"/Users/chris/hackreactor/atelier/client/src/index.js": {"path":"/Users/chris/hackreactor/atelier/client/src/index.js","statementMap":{"0":{"start":{"line":10,"column":0},"end":{"line":17,"column":2}}},"fnMap":{},"branchMap":{},"s":{"0":0},"f":{},"b":{}}
,"/Users/chris/hackreactor/atelier/client/src/components/App.jsx": {"path":"/Users/chris/hackreactor/atelier/client/src/components/App.jsx","statementMap":{"0":{"start":{"line":10,"column":12},"end":{"line":22,"column":1}},"1":{"start":{"line":11,"column":2},"end":{"line":21,"column":4}}},"fnMap":{"0":{"name":"(anonymous_0)","decl":{"start":{"line":10,"column":12},"end":{"line":10,"column":13}},"loc":{"start":{"line":10,"column":18},"end":{"line":22,"column":1}},"line":10}},"branchMap":{},"s":{"0":0,"1":0},"f":{"0":0},"b":{}}
,"/Users/chris/hackreactor/atelier/client/src/components/overview/ButtonPanel.jsx": {"path":"/Users/chris/hackreactor/atelier/client/src/components/overview/ButtonPanel.jsx","statementMap":{"0":{"start":{"line":6,"column":23},"end":{"line":12,"column":1}},"1":{"start":{"line":7,"column":2},"end":{"line":7,"column":25}},"2":{"start":{"line":7,"column":16},"end":{"line":7,"column":25}},"3":{"start":{"line":9,"column":2},"end":{"line":9,"column":44}},"4":{"start":{"line":9,"column":35},"end":{"line":9,"column":44}},"5":{"start":{"line":10,"column":19},"end":{"line":10,"column":64}},"6":{"start":{"line":11,"column":2},"end":{"line":11,"column":39}},"7":{"start":{"line":14,"column":20},"end":{"line":54,"column":1}},"8":{"start":{"line":15,"column":26},"end":{"line":15,"column":45}},"9":{"start":{"line":16,"column":34},"end":{"line":16,"column":45}},"10":{"start":{"line":19,"column":2},"end":{"line":22,"column":21}},"11":{"start":{"line":20,"column":4},"end":{"line":20,"column":23}},"12":{"start":{"line":21,"column":4},"end":{"line":21,"column":19}},"13":{"start":{"line":24,"column":2},"end":{"line":53,"column":4}}},"fnMap":{"0":{"name":"(anonymous_0)","decl":{"start":{"line":6,"column":23},"end":{"line":6,"column":24}},"loc":{"start":{"line":6,"column":50},"end":{"line":12,"column":1}},"line":6},"1":{"name":"(anonymous_1)","decl":{"start":{"line":14,"column":20},"end":{"line":14,"column":21}},"loc":{"start":{"line":14,"column":42},"end":{"line":54,"column":1}},"line":14},"2":{"name":"(anonymous_2)","decl":{"start":{"line":19,"column":12},"end":{"line":19,"column":13}},"loc":{"start":{"line":19,"column":18},"end":{"line":22,"column":3}},"line":19}},"branchMap":{"0":{"loc":{"start":{"line":7,"column":2},"end":{"line":7,"column":25}},"type":"if","locations":[{"start":{"line":7,"column":2},"end":{"line":7,"column":25}},{"start":{},"end":{}}],"line":7},"1":{"loc":{"start":{"line":9,"column":2},"end":{"line":9,"column":44}},"type":"if","locations":[{"start":{"line":9,"column":2},"end":{"line":9,"column":44}},{"start":{},"end":{}}],"line":9},"2":{"loc":{"start":{"line":11,"column":9},"end":{"line":11,"column":38}},"type":"cond-expr","locations":[{"start":{"line":11,"column":25},"end":{"line":11,"column":27}},{"start":{"line":11,"column":30},"end":{"line":11,"column":38}}],"line":11}},"s":{"0":0,"1":0,"2":0,"3":0,"4":0,"5":0,"6":0,"7":0,"8":0,"9":0,"10":0,"11":0,"12":0,"13":0},"f":{"0":0,"1":0,"2":0},"b":{"0":[0,0],"1":[0,0],"2":[0,0]}}
,"/Users/chris/hackreactor/atelier/client/src/components/overview/HeaderPanel.jsx": {"path":"/Users/chris/hackreactor/atelier/client/src/components/overview/HeaderPanel.jsx","statementMap":{"0":{"start":{"line":6,"column":20},"end":{"line":22,"column":1}},"1":{"start":{"line":7,"column":17},"end":{"line":7,"column":49}},"2":{"start":{"line":9,"column":2},"end":{"line":21,"column":4}},"3":{"start":{"line":24,"column":17},"end":{"line":36,"column":1}},"4":{"start":{"line":25,"column":2},"end":{"line":25,"column":33}},"5":{"start":{"line":25,"column":21},"end":{"line":25,"column":33}},"6":{"start":{"line":26,"column":2},"end":{"line":27,"column":54}},"7":{"start":{"line":27,"column":4},"end":{"line":27,"column":54}},"8":{"start":{"line":28,"column":2},"end":{"line":35,"column":4}}},"fnMap":{"0":{"name":"(anonymous_0)","decl":{"start":{"line":6,"column":20},"end":{"line":6,"column":21}},"loc":{"start":{"line":6,"column":51},"end":{"line":22,"column":1}},"line":6},"1":{"name":"(anonymous_1)","decl":{"start":{"line":24,"column":17},"end":{"line":24,"column":18}},"loc":{"start":{"line":24,"column":39},"end":{"line":36,"column":1}},"line":24}},"branchMap":{"0":{"loc":{"start":{"line":25,"column":2},"end":{"line":25,"column":33}},"type":"if","locations":[{"start":{"line":25,"column":2},"end":{"line":25,"column":33}},{"start":{},"end":{}}],"line":25},"1":{"loc":{"start":{"line":26,"column":2},"end":{"line":27,"column":54}},"type":"if","locations":[{"start":{"line":26,"column":2},"end":{"line":27,"column":54}},{"start":{},"end":{}}],"line":26}},"s":{"0":0,"1":0,"2":0,"3":0,"4":0,"5":0,"6":0,"7":0,"8":0},"f":{"0":0,"1":0},"b":{"0":[0,0],"1":[0,0]}}
,"/Users/chris/hackreactor/atelier/client/src/components/overview/OverView.jsx": {"path":"/Users/chris/hackreactor/atelier/client/src/components/overview/OverView.jsx","statementMap":{"0":{"start":{"line":10,"column":17},"end":{"line":47,"column":1}},"1":{"start":{"line":11,"column":19},"end":{"line":11,"column":32}},"2":{"start":{"line":13,"column":2},"end":{"line":16,"column":9}},"3":{"start":{"line":14,"column":4},"end":{"line":14,"column":28}},"4":{"start":{"line":15,"column":4},"end":{"line":15,"column":27}},"5":{"start":{"line":18,"column":18},"end":{"line":18,"column":44}},"6":{"start":{"line":19,"column":17},"end":{"line":19,"column":42}},"7":{"start":{"line":20,"column":44},"end":{"line":20,"column":63}},"8":{"start":{"line":21,"column":23},"end":{"line":21,"column":69}},"9":{"start":{"line":23,"column":2},"end":{"line":46,"column":4}}},"fnMap":{"0":{"name":"(anonymous_0)","decl":{"start":{"line":10,"column":17},"end":{"line":10,"column":18}},"loc":{"start":{"line":10,"column":23},"end":{"line":47,"column":1}},"line":10},"1":{"name":"(anonymous_1)","decl":{"start":{"line":13,"column":12},"end":{"line":13,"column":13}},"loc":{"start":{"line":13,"column":18},"end":{"line":16,"column":3}},"line":13}},"branchMap":{},"s":{"0":0,"1":0,"2":0,"3":0,"4":0,"5":0,"6":0,"7":0,"8":0,"9":0},"f":{"0":0,"1":0},"b":{}}
,"/Users/chris/hackreactor/atelier/client/src/components/overview/StylePanel.jsx": {"path":"/Users/chris/hackreactor/atelier/client/src/components/overview/StylePanel.jsx","statementMap":{"0":{"start":{"line":4,"column":19},"end":{"line":30,"column":1}},"1":{"start":{"line":6,"column":2},"end":{"line":29,"column":4}},"2":{"start":{"line":21,"column":10},"end":{"line":25,"column":12}},"3":{"start":{"line":24,"column":27},"end":{"line":24,"column":59}}},"fnMap":{"0":{"name":"(anonymous_0)","decl":{"start":{"line":4,"column":19},"end":{"line":4,"column":20}},"loc":{"start":{"line":4,"column":67},"end":{"line":30,"column":1}},"line":4},"1":{"name":"(anonymous_1)","decl":{"start":{"line":20,"column":20},"end":{"line":20,"column":21}},"loc":{"start":{"line":21,"column":10},"end":{"line":25,"column":12}},"line":21},"2":{"name":"(anonymous_2)","decl":{"start":{"line":24,"column":21},"end":{"line":24,"column":22}},"loc":{"start":{"line":24,"column":27},"end":{"line":24,"column":59}},"line":24}},"branchMap":{},"s":{"0":0,"1":0,"2":0,"3":0},"f":{"0":0,"1":0,"2":0},"b":{}}
,"/Users/chris/hackreactor/atelier/client/src/components/overview/styles/Avatar.styled.js": {"path":"/Users/chris/hackreactor/atelier/client/src/components/overview/styles/Avatar.styled.js","statementMap":{"0":{"start":{"line":3,"column":15},"end":{"line":9,"column":1}},"1":{"start":{"line":7,"column":39},"end":{"line":7,"column":42}}},"fnMap":{"0":{"name":"(anonymous_0)","decl":{"start":{"line":7,"column":26},"end":{"line":7,"column":27}},"loc":{"start":{"line":7,"column":39},"end":{"line":7,"column":42}},"line":7}},"branchMap":{},"s":{"0":0,"1":0},"f":{"0":0},"b":{}}
,"/Users/chris/hackreactor/atelier/client/src/components/overview/styles/Gallery.styled.js": {"path":"/Users/chris/hackreactor/atelier/client/src/components/overview/styles/Gallery.styled.js","statementMap":{"0":{"start":{"line":3,"column":16},"end":{"line":8,"column":1}},"1":{"start":{"line":4,"column":39},"end":{"line":4,"column":42}}},"fnMap":{"0":{"name":"(anonymous_0)","decl":{"start":{"line":4,"column":26},"end":{"line":4,"column":27}},"loc":{"start":{"line":4,"column":39},"end":{"line":4,"column":42}},"line":4}},"branchMap":{},"s":{"0":0,"1":0},"f":{"0":0},"b":{}}
,"/Users/chris/hackreactor/atelier/client/src/components/overview/styles/Select.styled.js": {"path":"/Users/chris/hackreactor/atelier/client/src/components/overview/styles/Select.styled.js","statementMap":{"0":{"start":{"line":4,"column":15},"end":{"line":10,"column":1}}},"fnMap":{},"branchMap":{},"s":{"0":0},"f":{},"b":{}}
,"/Users/chris/hackreactor/atelier/client/src/components/questions/AddAnswer.jsx": {"path":"/Users/chris/hackreactor/atelier/client/src/components/questions/AddAnswer.jsx","statementMap":{"0":{"start":{"line":12,"column":18},"end":{"line":118,"column":1}},"1":{"start":{"line":14,"column":19},"end":{"line":14,"column":32}},"2":{"start":{"line":16,"column":2},"end":{"line":16,"column":47}},"3":{"start":{"line":16,"column":18},"end":{"line":16,"column":41}},"4":{"start":{"line":18,"column":18},"end":{"line":18,"column":44}},"5":{"start":{"line":20,"column":38},"end":{"line":20,"column":50}},"6":{"start":{"line":21,"column":34},"end":{"line":21,"column":46}},"7":{"start":{"line":22,"column":28},"end":{"line":22,"column":40}},"8":{"start":{"line":25,"column":36},"end":{"line":25,"column":51}},"9":{"start":{"line":27,"column":21},"end":{"line":29,"column":3}},"10":{"start":{"line":28,"column":4},"end":{"line":28,"column":24}},"11":{"start":{"line":32,"column":23},"end":{"line":50,"column":3}},"12":{"start":{"line":34,"column":4},"end":{"line":34,"column":22}},"13":{"start":{"line":36,"column":22},"end":{"line":42,"column":5}},"14":{"start":{"line":44,"column":4},"end":{"line":44,"column":52}},"15":{"start":{"line":47,"column":4},"end":{"line":47,"column":17}},"16":{"start":{"line":55,"column":4},"end":{"line":108,"column":10}},"17":{"start":{"line":70,"column":29},"end":{"line":70,"column":58}},"18":{"start":{"line":81,"column":29},"end":{"line":81,"column":56}},"19":{"start":{"line":95,"column":29},"end":{"line":95,"column":53}},"20":{"start":{"line":112,"column":2},"end":{"line":117,"column":3}},"21":{"start":{"line":114,"column":24},"end":{"line":114,"column":42}}},"fnMap":{"0":{"name":"(anonymous_0)","decl":{"start":{"line":12,"column":18},"end":{"line":12,"column":19}},"loc":{"start":{"line":12,"column":36},"end":{"line":118,"column":1}},"line":12},"1":{"name":"(anonymous_1)","decl":{"start":{"line":16,"column":12},"end":{"line":16,"column":13}},"loc":{"start":{"line":16,"column":18},"end":{"line":16,"column":41}},"line":16},"2":{"name":"(anonymous_2)","decl":{"start":{"line":27,"column":21},"end":{"line":27,"column":22}},"loc":{"start":{"line":27,"column":27},"end":{"line":29,"column":3}},"line":27},"3":{"name":"(anonymous_3)","decl":{"start":{"line":32,"column":23},"end":{"line":32,"column":24}},"loc":{"start":{"line":32,"column":28},"end":{"line":50,"column":3}},"line":32},"4":{"name":"(anonymous_4)","decl":{"start":{"line":70,"column":24},"end":{"line":70,"column":25}},"loc":{"start":{"line":70,"column":29},"end":{"line":70,"column":58}},"line":70},"5":{"name":"(anonymous_5)","decl":{"start":{"line":81,"column":24},"end":{"line":81,"column":25}},"loc":{"start":{"line":81,"column":29},"end":{"line":81,"column":56}},"line":81},"6":{"name":"(anonymous_6)","decl":{"start":{"line":95,"column":24},"end":{"line":95,"column":25}},"loc":{"start":{"line":95,"column":29},"end":{"line":95,"column":53}},"line":95},"7":{"name":"(anonymous_7)","decl":{"start":{"line":114,"column":18},"end":{"line":114,"column":19}},"loc":{"start":{"line":114,"column":24},"end":{"line":114,"column":42}},"line":114}},"branchMap":{"0":{"loc":{"start":{"line":115,"column":7},"end":{"line":115,"column":83}},"type":"binary-expr","locations":[{"start":{"line":115,"column":7},"end":{"line":115,"column":16}},{"start":{"line":115,"column":20},"end":{"line":115,"column":83}}],"line":115}},"s":{"0":0,"1":0,"2":0,"3":0,"4":0,"5":0,"6":0,"7":0,"8":0,"9":0,"10":0,"11":0,"12":0,"13":0,"14":0,"15":0,"16":0,"17":0,"18":0,"19":0,"20":0,"21":0},"f":{"0":0,"1":0,"2":0,"3":0,"4":0,"5":0,"6":0,"7":0},"b":{"0":[0,0]}}
,"/Users/chris/hackreactor/atelier/client/src/components/questions/AddQuestion.jsx": {"path":"/Users/chris/hackreactor/atelier/client/src/components/questions/AddQuestion.jsx","statementMap":{"0":{"start":{"line":12,"column":20},"end":{"line":122,"column":1}},"1":{"start":{"line":14,"column":19},"end":{"line":14,"column":32}},"2":{"start":{"line":16,"column":2},"end":{"line":16,"column":47}},"3":{"start":{"line":16,"column":18},"end":{"line":16,"column":41}},"4":{"start":{"line":18,"column":18},"end":{"line":18,"column":44}},"5":{"start":{"line":20,"column":42},"end":{"line":20,"column":54}},"6":{"start":{"line":21,"column":34},"end":{"line":21,"column":46}},"7":{"start":{"line":22,"column":28},"end":{"line":22,"column":40}},"8":{"start":{"line":25,"column":36},"end":{"line":25,"column":51}},"9":{"start":{"line":28,"column":21},"end":{"line":30,"column":3}},"10":{"start":{"line":29,"column":4},"end":{"line":29,"column":24}},"11":{"start":{"line":33,"column":25},"end":{"line":53,"column":3}},"12":{"start":{"line":35,"column":4},"end":{"line":35,"column":22}},"13":{"start":{"line":38,"column":24},"end":{"line":45,"column":5}},"14":{"start":{"line":47,"column":4},"end":{"line":47,"column":56}},"15":{"start":{"line":49,"column":4},"end":{"line":49,"column":17}},"16":{"start":{"line":58,"column":4},"end":{"line":112,"column":10}},"17":{"start":{"line":73,"column":29},"end":{"line":73,"column":60}},"18":{"start":{"line":84,"column":29},"end":{"line":84,"column":56}},"19":{"start":{"line":98,"column":29},"end":{"line":98,"column":53}},"20":{"start":{"line":116,"column":2},"end":{"line":121,"column":3}},"21":{"start":{"line":118,"column":29},"end":{"line":118,"column":47}}},"fnMap":{"0":{"name":"(anonymous_0)","decl":{"start":{"line":12,"column":20},"end":{"line":12,"column":21}},"loc":{"start":{"line":12,"column":26},"end":{"line":122,"column":1}},"line":12},"1":{"name":"(anonymous_1)","decl":{"start":{"line":16,"column":12},"end":{"line":16,"column":13}},"loc":{"start":{"line":16,"column":18},"end":{"line":16,"column":41}},"line":16},"2":{"name":"(anonymous_2)","decl":{"start":{"line":28,"column":21},"end":{"line":28,"column":22}},"loc":{"start":{"line":28,"column":27},"end":{"line":30,"column":3}},"line":28},"3":{"name":"(anonymous_3)","decl":{"start":{"line":33,"column":25},"end":{"line":33,"column":26}},"loc":{"start":{"line":33,"column":30},"end":{"line":53,"column":3}},"line":33},"4":{"name":"(anonymous_4)","decl":{"start":{"line":73,"column":24},"end":{"line":73,"column":25}},"loc":{"start":{"line":73,"column":29},"end":{"line":73,"column":60}},"line":73},"5":{"name":"(anonymous_5)","decl":{"start":{"line":84,"column":24},"end":{"line":84,"column":25}},"loc":{"start":{"line":84,"column":29},"end":{"line":84,"column":56}},"line":84},"6":{"name":"(anonymous_6)","decl":{"start":{"line":98,"column":24},"end":{"line":98,"column":25}},"loc":{"start":{"line":98,"column":29},"end":{"line":98,"column":53}},"line":98},"7":{"name":"(anonymous_7)","decl":{"start":{"line":118,"column":23},"end":{"line":118,"column":24}},"loc":{"start":{"line":118,"column":29},"end":{"line":118,"column":47}},"line":118}},"branchMap":{"0":{"loc":{"start":{"line":119,"column":7},"end":{"line":119,"column":83}},"type":"binary-expr","locations":[{"start":{"line":119,"column":7},"end":{"line":119,"column":16}},{"start":{"line":119,"column":20},"end":{"line":119,"column":83}}],"line":119}},"s":{"0":0,"1":0,"2":0,"3":0,"4":0,"5":0,"6":0,"7":0,"8":0,"9":0,"10":0,"11":0,"12":0,"13":0,"14":0,"15":0,"16":0,"17":0,"18":0,"19":0,"20":0,"21":0},"f":{"0":0,"1":0,"2":0,"3":0,"4":0,"5":0,"6":0,"7":0},"b":{"0":[0,0]}}
,"/Users/chris/hackreactor/atelier/client/src/components/questions/AnswerDetails.jsx": {"path":"/Users/chris/hackreactor/atelier/client/src/components/questions/AnswerDetails.jsx","statementMap":{"0":{"start":{"line":7,"column":22},"end":{"line":120,"column":1}},"1":{"start":{"line":9,"column":36},"end":{"line":9,"column":51}},"2":{"start":{"line":10,"column":36},"end":{"line":10,"column":50}},"3":{"start":{"line":11,"column":36},"end":{"line":11,"column":51}},"4":{"start":{"line":12,"column":30},"end":{"line":12,"column":45}},"5":{"start":{"line":13,"column":34},"end":{"line":13,"column":48}},"6":{"start":{"line":15,"column":34},"end":{"line":20,"column":3}},"7":{"start":{"line":16,"column":4},"end":{"line":16,"column":57}},"8":{"start":{"line":17,"column":4},"end":{"line":17,"column":69}},"9":{"start":{"line":22,"column":23},"end":{"line":27,"column":3}},"10":{"start":{"line":23,"column":4},"end":{"line":23,"column":48}},"11":{"start":{"line":24,"column":4},"end":{"line":24,"column":67}},"12":{"start":{"line":30,"column":21},"end":{"line":35,"column":3}},"13":{"start":{"line":32,"column":4},"end":{"line":32,"column":24}},"14":{"start":{"line":34,"column":4},"end":{"line":34,"column":24}},"15":{"start":{"line":52,"column":4},"end":{"line":59,"column":10}},"16":{"start":{"line":62,"column":28},"end":{"line":67,"column":3}},"17":{"start":{"line":63,"column":4},"end":{"line":63,"column":23}},"18":{"start":{"line":65,"column":4},"end":{"line":65,"column":21}},"19":{"start":{"line":70,"column":22},"end":{"line":91,"column":3}},"20":{"start":{"line":71,"column":4},"end":{"line":90,"column":5}},"21":{"start":{"line":75,"column":12},"end":{"line":86,"column":13}},"22":{"start":{"line":81,"column":37},"end":{"line":81,"column":59}},"23":{"start":{"line":95,"column":2},"end":{"line":118,"column":3}},"24":{"start":{"line":112,"column":26},"end":{"line":112,"column":60}},"25":{"start":{"line":114,"column":26},"end":{"line":114,"column":49}}},"fnMap":{"0":{"name":"(anonymous_0)","decl":{"start":{"line":7,"column":22},"end":{"line":7,"column":23}},"loc":{"start":{"line":7,"column":38},"end":{"line":120,"column":1}},"line":7},"1":{"name":"(anonymous_1)","decl":{"start":{"line":15,"column":34},"end":{"line":15,"column":35}},"loc":{"start":{"line":15,"column":42},"end":{"line":20,"column":3}},"line":15},"2":{"name":"(anonymous_2)","decl":{"start":{"line":22,"column":23},"end":{"line":22,"column":24}},"loc":{"start":{"line":22,"column":31},"end":{"line":27,"column":3}},"line":22},"3":{"name":"(anonymous_3)","decl":{"start":{"line":30,"column":21},"end":{"line":30,"column":22}},"loc":{"start":{"line":30,"column":26},"end":{"line":35,"column":3}},"line":30},"4":{"name":"(anonymous_4)","decl":{"start":{"line":62,"column":28},"end":{"line":62,"column":29}},"loc":{"start":{"line":62,"column":37},"end":{"line":67,"column":3}},"line":62},"5":{"name":"(anonymous_5)","decl":{"start":{"line":70,"column":22},"end":{"line":70,"column":23}},"loc":{"start":{"line":70,"column":34},"end":{"line":91,"column":3}},"line":70},"6":{"name":"(anonymous_6)","decl":{"start":{"line":74,"column":22},"end":{"line":74,"column":23}},"loc":{"start":{"line":74,"column":29},"end":{"line":87,"column":11}},"line":74},"7":{"name":"(anonymous_7)","decl":{"start":{"line":81,"column":31},"end":{"line":81,"column":32}},"loc":{"start":{"line":81,"column":37},"end":{"line":81,"column":59}},"line":81},"8":{"name":"(anonymous_8)","decl":{"start":{"line":112,"column":20},"end":{"line":112,"column":21}},"loc":{"start":{"line":112,"column":26},"end":{"line":112,"column":60}},"line":112},"9":{"name":"(anonymous_9)","decl":{"start":{"line":114,"column":20},"end":{"line":114,"column":21}},"loc":{"start":{"line":114,"column":26},"end":{"line":114,"column":49}},"line":114}},"branchMap":{"0":{"loc":{"start":{"line":16,"column":4},"end":{"line":16,"column":56}},"type":"cond-expr","locations":[{"start":{"line":16,"column":16},"end":{"line":16,"column":35}},{"start":{"line":16,"column":38},"end":{"line":16,"column":56}}],"line":16},"1":{"loc":{"start":{"line":23,"column":4},"end":{"line":23,"column":47}},"type":"cond-expr","locations":[{"start":{"line":23,"column":13},"end":{"line":23,"column":29}},{"start":{"line":23,"column":32},"end":{"line":23,"column":47}}],"line":23},"2":{"loc":{"start":{"line":83,"column":19},"end":{"line":83,"column":93}},"type":"binary-expr","locations":[{"start":{"line":83,"column":19},"end":{"line":83,"column":28}},{"start":{"line":83,"column":32},"end":{"line":83,"column":93}}],"line":83},"3":{"loc":{"start":{"line":99,"column":9},"end":{"line":99,"column":71}},"type":"cond-expr","locations":[{"start":{"line":99,"column":38},"end":{"line":99,"column":42}},{"start":{"line":99,"column":45},"end":{"line":99,"column":71}}],"line":99},"4":{"loc":{"start":{"line":109,"column":15},"end":{"line":109,"column":87}},"type":"cond-expr","locations":[{"start":{"line":109,"column":51},"end":{"line":109,"column":64}},{"start":{"line":109,"column":67},"end":{"line":109,"column":87}}],"line":109}},"s":{"0":0,"1":0,"2":0,"3":0,"4":0,"5":0,"6":0,"7":0,"8":0,"9":0,"10":0,"11":0,"12":0,"13":0,"14":0,"15":0,"16":0,"17":0,"18":0,"19":0,"20":0,"21":0,"22":0,"23":0,"24":0,"25":0},"f":{"0":0,"1":0,"2":0,"3":0,"4":0,"5":0,"6":0,"7":0,"8":0,"9":0},"b":{"0":[0,0],"1":[0,0],"2":[0,0],"3":[0,0],"4":[0,0]}}
,"/Users/chris/hackreactor/atelier/client/src/components/questions/AnswersList.jsx": {"path":"/Users/chris/hackreactor/atelier/client/src/components/questions/AnswersList.jsx","statementMap":{"0":{"start":{"line":8,"column":20},"end":{"line":124,"column":1}},"1":{"start":{"line":17,"column":47},"end":{"line":17,"column":58}},"2":{"start":{"line":20,"column":21},"end":{"line":20,"column":23}},"3":{"start":{"line":22,"column":2},"end":{"line":30,"column":6}},"4":{"start":{"line":23,"column":20},"end":{"line":23,"column":55}},"5":{"start":{"line":25,"column":6},"end":{"line":29,"column":7}},"6":{"start":{"line":26,"column":8},"end":{"line":26,"column":34}},"7":{"start":{"line":28,"column":8},"end":{"line":28,"column":31}},"8":{"start":{"line":34,"column":29},"end":{"line":40,"column":3}},"9":{"start":{"line":35,"column":4},"end":{"line":39,"column":5}},"10":{"start":{"line":36,"column":6},"end":{"line":36,"column":129}},"11":{"start":{"line":38,"column":6},"end":{"line":38,"column":26}},"12":{"start":{"line":42,"column":28},"end":{"line":53,"column":3}},"13":{"start":{"line":43,"column":4},"end":{"line":51,"column":5}},"14":{"start":{"line":44,"column":6},"end":{"line":44,"column":18}},"15":{"start":{"line":46,"column":6},"end":{"line":50,"column":7}},"16":{"start":{"line":99,"column":24},"end":{"line":113,"column":3}},"17":{"start":{"line":100,"column":23},"end":{"line":100,"column":59}},"18":{"start":{"line":101,"column":4},"end":{"line":112,"column":5}},"19":{"start":{"line":104,"column":10},"end":{"line":108,"column":11}},"20":{"start":{"line":116,"column":2},"end":{"line":121,"column":3}}},"fnMap":{"0":{"name":"(anonymous_0)","decl":{"start":{"line":8,"column":20},"end":{"line":8,"column":21}},"loc":{"start":{"line":8,"column":37},"end":{"line":124,"column":1}},"line":8},"1":{"name":"(anonymous_1)","decl":{"start":{"line":23,"column":10},"end":{"line":23,"column":11}},"loc":{"start":{"line":23,"column":20},"end":{"line":23,"column":55}},"line":23},"2":{"name":"(anonymous_2)","decl":{"start":{"line":24,"column":13},"end":{"line":24,"column":14}},"loc":{"start":{"line":24,"column":23},"end":{"line":30,"column":5}},"line":24},"3":{"name":"(anonymous_3)","decl":{"start":{"line":34,"column":29},"end":{"line":34,"column":30}},"loc":{"start":{"line":34,"column":35},"end":{"line":40,"column":3}},"line":34},"4":{"name":"(anonymous_4)","decl":{"start":{"line":42,"column":28},"end":{"line":42,"column":29}},"loc":{"start":{"line":42,"column":34},"end":{"line":53,"column":3}},"line":42},"5":{"name":"(anonymous_5)","decl":{"start":{"line":99,"column":24},"end":{"line":99,"column":25}},"loc":{"start":{"line":99,"column":30},"end":{"line":113,"column":3}},"line":99},"6":{"name":"(anonymous_6)","decl":{"start":{"line":103,"column":24},"end":{"line":103,"column":25}},"loc":{"start":{"line":103,"column":34},"end":{"line":109,"column":9}},"line":103}},"branchMap":{"0":{"loc":{"start":{"line":25,"column":6},"end":{"line":29,"column":7}},"type":"if","locations":[{"start":{"line":25,"column":6},"end":{"line":29,"column":7}},{"start":{"line":27,"column":13},"end":{"line":29,"column":7}}],"line":25},"1":{"loc":{"start":{"line":35,"column":4},"end":{"line":39,"column":5}},"type":"if","locations":[{"start":{"line":35,"column":4},"end":{"line":39,"column":5}},{"start":{"line":37,"column":11},"end":{"line":39,"column":5}}],"line":35},"2":{"loc":{"start":{"line":36,"column":6},"end":{"line":36,"column":129}},"type":"cond-expr","locations":[{"start":{"line":36,"column":50},"end":{"line":36,"column":88}},{"start":{"line":36,"column":91},"end":{"line":36,"column":129}}],"line":36},"3":{"loc":{"start":{"line":43,"column":4},"end":{"line":51,"column":5}},"type":"if","locations":[{"start":{"line":43,"column":4},"end":{"line":51,"column":5}},{"start":{"line":45,"column":11},"end":{"line":51,"column":5}}],"line":43},"4":{"loc":{"start":{"line":48,"column":11},"end":{"line":48,"column":85}},"type":"cond-expr","locations":[{"start":{"line":48,"column":49},"end":{"line":48,"column":63}},{"start":{"line":48,"column":66},"end":{"line":48,"column":85}}],"line":48}},"s":{"0":0,"1":0,"2":0,"3":0,"4":0,"5":0,"6":0,"7":0,"8":0,"9":0,"10":0,"11":0,"12":0,"13":0,"14":0,"15":0,"16":0,"17":0,"18":0,"19":0,"20":0},"f":{"0":0,"1":0,"2":0,"3":0,"4":0,"5":0,"6":0},"b":{"0":[0,0],"1":[0,0],"2":[0,0],"3":[0,0],"4":[0,0]}}
,"/Users/chris/hackreactor/atelier/client/src/components/questions/QuestionDetails.jsx": {"path":"/Users/chris/hackreactor/atelier/client/src/components/questions/QuestionDetails.jsx","statementMap":{"0":{"start":{"line":9,"column":25},"end":{"line":57,"column":1}},"1":{"start":{"line":11,"column":36},"end":{"line":11,"column":51}},"2":{"start":{"line":13,"column":36},"end":{"line":21,"column":3}},"3":{"start":{"line":15,"column":4},"end":{"line":15,"column":56}},"4":{"start":{"line":16,"column":4},"end":{"line":16,"column":69}},"5":{"start":{"line":26,"column":2},"end":{"line":56,"column":4}},"6":{"start":{"line":48,"column":28},"end":{"line":48,"column":75}}},"fnMap":{"0":{"name":"(anonymous_0)","decl":{"start":{"line":9,"column":25},"end":{"line":9,"column":26}},"loc":{"start":{"line":9,"column":43},"end":{"line":57,"column":1}},"line":9},"1":{"name":"(anonymous_1)","decl":{"start":{"line":13,"column":36},"end":{"line":13,"column":37}},"loc":{"start":{"line":13,"column":44},"end":{"line":21,"column":3}},"line":13},"2":{"name":"(anonymous_2)","decl":{"start":{"line":48,"column":22},"end":{"line":48,"column":23}},"loc":{"start":{"line":48,"column":28},"end":{"line":48,"column":75}},"line":48}},"branchMap":{"0":{"loc":{"start":{"line":15,"column":4},"end":{"line":15,"column":55}},"type":"cond-expr","locations":[{"start":{"line":15,"column":15},"end":{"line":15,"column":34}},{"start":{"line":15,"column":37},"end":{"line":15,"column":55}}],"line":15},"1":{"loc":{"start":{"line":53,"column":7},"end":{"line":53,"column":139}},"type":"cond-expr","locations":[{"start":{"line":53,"column":52},"end":{"line":53,"column":94}},{"start":{"line":53,"column":97},"end":{"line":53,"column":139}}],"line":53}},"s":{"0":0,"1":0,"2":0,"3":0,"4":0,"5":0,"6":0},"f":{"0":0,"1":0,"2":0},"b":{"0":[0,0],"1":[0,0]}}
,"/Users/chris/hackreactor/atelier/client/src/components/questions/Questions.jsx": {"path":"/Users/chris/hackreactor/atelier/client/src/components/questions/Questions.jsx","statementMap":{"0":{"start":{"line":13,"column":18},"end":{"line":120,"column":1}},"1":{"start":{"line":15,"column":19},"end":{"line":15,"column":32}},"2":{"start":{"line":17,"column":2},"end":{"line":17,"column":49}},"3":{"start":{"line":17,"column":18},"end":{"line":17,"column":43}},"4":{"start":{"line":19,"column":38},"end":{"line":19,"column":50}},"5":{"start":{"line":23,"column":20},"end":{"line":23,"column":60}},"6":{"start":{"line":25,"column":52},"end":{"line":25,"column":63}},"7":{"start":{"line":34,"column":26},"end":{"line":40,"column":3}},"8":{"start":{"line":35,"column":4},"end":{"line":39,"column":5}},"9":{"start":{"line":36,"column":6},"end":{"line":36,"column":140}},"10":{"start":{"line":38,"column":6},"end":{"line":38,"column":29}},"11":{"start":{"line":57,"column":24},"end":{"line":73,"column":3}},"12":{"start":{"line":59,"column":26},"end":{"line":59,"column":63}},"13":{"start":{"line":61,"column":4},"end":{"line":71,"column":5}},"14":{"start":{"line":64,"column":10},"end":{"line":68,"column":11}},"15":{"start":{"line":79,"column":2},"end":{"line":119,"column":4}},"16":{"start":{"line":96,"column":23},"end":{"line":96,"column":52}}},"fnMap":{"0":{"name":"(anonymous_0)","decl":{"start":{"line":13,"column":18},"end":{"line":13,"column":19}},"loc":{"start":{"line":13,"column":24},"end":{"line":120,"column":1}},"line":13},"1":{"name":"(anonymous_1)","decl":{"start":{"line":17,"column":12},"end":{"line":17,"column":13}},"loc":{"start":{"line":17,"column":18},"end":{"line":17,"column":43}},"line":17},"2":{"name":"(anonymous_2)","decl":{"start":{"line":34,"column":26},"end":{"line":34,"column":27}},"loc":{"start":{"line":34,"column":32},"end":{"line":40,"column":3}},"line":34},"3":{"name":"(anonymous_3)","decl":{"start":{"line":57,"column":24},"end":{"line":57,"column":25}},"loc":{"start":{"line":57,"column":30},"end":{"line":73,"column":3}},"line":57},"4":{"name":"(anonymous_4)","decl":{"start":{"line":63,"column":27},"end":{"line":63,"column":28}},"loc":{"start":{"line":63,"column":39},"end":{"line":69,"column":9}},"line":63},"5":{"name":"(anonymous_5)","decl":{"start":{"line":96,"column":18},"end":{"line":96,"column":19}},"loc":{"start":{"line":96,"column":23},"end":{"line":96,"column":52}},"line":96}},"branchMap":{"0":{"loc":{"start":{"line":35,"column":4},"end":{"line":39,"column":5}},"type":"if","locations":[{"start":{"line":35,"column":4},"end":{"line":39,"column":5}},{"start":{"line":37,"column":11},"end":{"line":39,"column":5}}],"line":35},"1":{"loc":{"start":{"line":36,"column":6},"end":{"line":36,"column":140}},"type":"cond-expr","locations":[{"start":{"line":36,"column":51},"end":{"line":36,"column":94}},{"start":{"line":36,"column":97},"end":{"line":36,"column":140}}],"line":36},"2":{"loc":{"start":{"line":113,"column":11},"end":{"line":113,"column":89}},"type":"cond-expr","locations":[{"start":{"line":113,"column":50},"end":{"line":113,"column":66}},{"start":{"line":113,"column":69},"end":{"line":113,"column":89}}],"line":113}},"s":{"0":0,"1":0,"2":0,"3":0,"4":0,"5":0,"6":0,"7":0,"8":0,"9":0,"10":0,"11":0,"12":0,"13":0,"14":0,"15":0,"16":0},"f":{"0":0,"1":0,"2":0,"3":0,"4":0,"5":0},"b":{"0":[0,0],"1":[0,0],"2":[0,0]}}
,"/Users/chris/hackreactor/atelier/client/src/components/ratings/ProductBreakdown.jsx": {"path":"/Users/chris/hackreactor/atelier/client/src/components/ratings/ProductBreakdown.jsx","statementMap":{"0":{"start":{"line":9,"column":25},"end":{"line":54,"column":1}},"1":{"start":{"line":12,"column":27},"end":{"line":12,"column":57}},"2":{"start":{"line":14,"column":26},"end":{"line":14,"column":89}},"3":{"start":{"line":16,"column":41},"end":{"line":31,"column":3}},"4":{"start":{"line":17,"column":4},"end":{"line":30,"column":5}},"5":{"start":{"line":19,"column":8},"end":{"line":19,"column":46}},"6":{"start":{"line":21,"column":8},"end":{"line":21,"column":44}},"7":{"start":{"line":23,"column":8},"end":{"line":23,"column":45}},"8":{"start":{"line":25,"column":8},"end":{"line":25,"column":36}},"9":{"start":{"line":27,"column":8},"end":{"line":27,"column":47}},"10":{"start":{"line":29,"column":8},"end":{"line":29,"column":38}},"11":{"start":{"line":33,"column":36},"end":{"line":46,"column":11}},"12":{"start":{"line":34,"column":37},"end":{"line":34,"column":72}},"13":{"start":{"line":35,"column":6},"end":{"line":45,"column":7}},"14":{"start":{"line":48,"column":2},"end":{"line":52,"column":4}}},"fnMap":{"0":{"name":"(anonymous_0)","decl":{"start":{"line":9,"column":25},"end":{"line":9,"column":26}},"loc":{"start":{"line":9,"column":31},"end":{"line":54,"column":1}},"line":9},"1":{"name":"(anonymous_1)","decl":{"start":{"line":16,"column":41},"end":{"line":16,"column":42}},"loc":{"start":{"line":16,"column":61},"end":{"line":31,"column":3}},"line":16},"2":{"name":"(anonymous_2)","decl":{"start":{"line":33,"column":88},"end":{"line":33,"column":89}},"loc":{"start":{"line":33,"column":95},"end":{"line":46,"column":3}},"line":33}},"branchMap":{"0":{"loc":{"start":{"line":14,"column":26},"end":{"line":14,"column":89}},"type":"cond-expr","locations":[{"start":{"line":14,"column":45},"end":{"line":14,"column":77}},{"start":{"line":14,"column":80},"end":{"line":14,"column":89}}],"line":14},"1":{"loc":{"start":{"line":17,"column":4},"end":{"line":30,"column":5}},"type":"switch","locations":[{"start":{"line":18,"column":6},"end":{"line":19,"column":46}},{"start":{"line":20,"column":6},"end":{"line":21,"column":44}},{"start":{"line":22,"column":6},"end":{"line":23,"column":45}},{"start":{"line":24,"column":6},"end":{"line":25,"column":36}},{"start":{"line":26,"column":6},"end":{"line":27,"column":47}},{"start":{"line":28,"column":6},"end":{"line":29,"column":38}}],"line":17},"2":{"loc":{"start":{"line":33,"column":36},"end":{"line":46,"column":11}},"type":"cond-expr","locations":[{"start":{"line":33,"column":54},"end":{"line":46,"column":4}},{"start":{"line":46,"column":7},"end":{"line":46,"column":11}}],"line":33}},"s":{"0":1,"1":1,"2":1,"3":1,"4":0,"5":0,"6":0,"7":0,"8":0,"9":0,"10":0,"11":1,"12":0,"13":0,"14":1},"f":{"0":1,"1":0,"2":0},"b":{"0":[0,1],"1":[0,0,0,0,0,0],"2":[0,1]},"_coverageSchema":"1a1c01bbd47fc00a2c39e90264f33305004495a9","hash":"5f3a01dfb386c1c0bc6ca816e9671d5ab94f2363"}
,"/Users/chris/hackreactor/atelier/client/src/components/ratings/ProductBreakdownFactors.jsx": {"path":"/Users/chris/hackreactor/atelier/client/src/components/ratings/ProductBreakdownFactors.jsx","statementMap":{"0":{"start":{"line":4,"column":32},"end":{"line":28,"column":1}},"1":{"start":{"line":5,"column":33},"end":{"line":5,"column":38}},"2":{"start":{"line":7,"column":20},"end":{"line":7,"column":52}},"3":{"start":{"line":9,"column":26},"end":{"line":14,"column":3}},"4":{"start":{"line":16,"column":27},"end":{"line":21,"column":3}},"5":{"start":{"line":23,"column":2},"end":{"line":27,"column":4}}},"fnMap":{"0":{"name":"(anonymous_0)","decl":{"start":{"line":4,"column":32},"end":{"line":4,"column":33}},"loc":{"start":{"line":4,"column":43},"end":{"line":28,"column":1}},"line":4}},"branchMap":{},"s":{"0":2,"1":2,"2":2,"3":2,"4":2,"5":2},"f":{"0":2},"b":{},"_coverageSchema":"1a1c01bbd47fc00a2c39e90264f33305004495a9","hash":"8315003fcc2007569e050e8f84d28559e6d6f660"}
,"/Users/chris/hackreactor/atelier/client/src/components/ratings/ProgressBar.jsx": {"path":"/Users/chris/hackreactor/atelier/client/src/components/ratings/ProgressBar.jsx","statementMap":{"0":{"start":{"line":3,"column":20},"end":{"line":25,"column":1}},"1":{"start":{"line":4,"column":29},"end":{"line":4,"column":34}},"2":{"start":{"line":6,"column":26},"end":{"line":11,"column":3}},"3":{"start":{"line":13,"column":23},"end":{"line":17,"column":3}},"4":{"start":{"line":19,"column":2},"end":{"line":24,"column":4}}},"fnMap":{"0":{"name":"(anonymous_0)","decl":{"start":{"line":3,"column":20},"end":{"line":3,"column":21}},"loc":{"start":{"line":3,"column":31},"end":{"line":25,"column":1}},"line":3}},"branchMap":{},"s":{"0":1,"1":0,"2":0,"3":0,"4":0},"f":{"0":0},"b":{},"_coverageSchema":"1a1c01bbd47fc00a2c39e90264f33305004495a9","hash":"485f83f170ce667b89224d4a516c6f6a7d2a4943"}
[...]
,"/Users/chris/hackreactor/atelier/client/src/store/selectors.js": {"path":"/Users/chris/hackreactor/atelier/client/src/store/selectors.js","statementMap":{"0":{"start":{"line":3,"column":29},"end":{"line":3,"column":51}},"1":{"start":{"line":3,"column":38},"end":{"line":3,"column":51}},"2":{"start":{"line":4,"column":37},"end":{"line":4,"column":67}},"3":{"start":{"line":4,"column":46},"end":{"line":4,"column":67}},"4":{"start":{"line":5,"column":28},"end":{"line":5,"column":49}},"5":{"start":{"line":5,"column":37},"end":{"line":5,"column":49}},"6":{"start":{"line":6,"column":29},"end":{"line":6,"column":51}},"7":{"start":{"line":6,"column":38},"end":{"line":6,"column":51}},"8":{"start":{"line":7,"column":33},"end":{"line":7,"column":59}},"9":{"start":{"line":7,"column":42},"end":{"line":7,"column":59}},"10":{"start":{"line":9,"column":31},"end":{"line":12,"column":1}},"11":{"start":{"line":9,"column":45},"end":{"line":12,"column":1}},"12":{"start":{"line":10,"column":2},"end":{"line":10,"column":46}},"13":{"start":{"line":10,"column":29},"end":{"line":10,"column":46}},"14":{"start":{"line":11,"column":2},"end":{"line":11,"column":97}},"15":{"start":{"line":11,"column":31},"end":{"line":11,"column":95}},"16":{"start":{"line":14,"column":35},"end":{"line":17,"column":1}},"17":{"start":{"line":15,"column":15},"end":{"line":15,"column":39}},"18":{"start":{"line":16,"column":2},"end":{"line":16,"column":40}},"19":{"start":{"line":19,"column":34},"end":{"line":23,"column":1}},"20":{"start":{"line":19,"column":45},"end":{"line":23,"column":1}},"21":{"start":{"line":20,"column":17},"end":{"line":20,"column":36}},"22":{"start":{"line":21,"column":2},"end":{"line":21,"column":47}},"23":{"start":{"line":21,"column":16},"end":{"line":21,"column":47}},"24":{"start":{"line":22,"column":2},"end":{"line":22,"column":58}},"25":{"start":{"line":22,"column":30},"end":{"line":22,"column":56}},"26":{"start":{"line":25,"column":47},"end":{"line":28,"column":1}},"27":{"start":{"line":26,"column":27},"end":{"line":26,"column":51}},"28":{"start":{"line":27,"column":2},"end":{"line":27,"column":55}},"29":{"start":{"line":30,"column":33},"end":{"line":30,"column":59}},"30":{"start":{"line":30,"column":42},"end":{"line":30,"column":59}},"31":{"start":{"line":32,"column":37},"end":{"line":35,"column":1}},"32":{"start":{"line":33,"column":27},"end":{"line":33,"column":51}},"33":{"start":{"line":34,"column":2},"end":{"line":34,"column":52}},"34":{"start":{"line":37,"column":38},"end":{"line":37,"column":90}},"35":{"start":{"line":37,"column":47},"end":{"line":37,"column":90}}},"fnMap":{"0":{"name":"(anonymous_0)","decl":{"start":{"line":3,"column":29},"end":{"line":3,"column":30}},"loc":{"start":{"line":3,"column":38},"end":{"line":3,"column":51}},"line":3},"1":{"name":"(anonymous_1)","decl":{"start":{"line":4,"column":37},"end":{"line":4,"column":38}},"loc":{"start":{"line":4,"column":46},"end":{"line":4,"column":67}},"line":4},"2":{"name":"(anonymous_2)","decl":{"start":{"line":5,"column":28},"end":{"line":5,"column":29}},"loc":{"start":{"line":5,"column":37},"end":{"line":5,"column":49}},"line":5},"3":{"name":"(anonymous_3)","decl":{"start":{"line":6,"column":29},"end":{"line":6,"column":30}},"loc":{"start":{"line":6,"column":38},"end":{"line":6,"column":51}},"line":6},"4":{"name":"(anonymous_4)","decl":{"start":{"line":7,"column":33},"end":{"line":7,"column":34}},"loc":{"start":{"line":7,"column":42},"end":{"line":7,"column":59}},"line":7},"5":{"name":"(anonymous_5)","decl":{"start":{"line":9,"column":31},"end":{"line":9,"column":32}},"loc":{"start":{"line":9,"column":45},"end":{"line":12,"column":1}},"line":9},"6":{"name":"(anonymous_6)","decl":{"start":{"line":9,"column":45},"end":{"line":9,"column":46}},"loc":{"start":{"line":9,"column":64},"end":{"line":12,"column":1}},"line":9},"7":{"name":"(anonymous_7)","decl":{"start":{"line":11,"column":26},"end":{"line":11,"column":27}},"loc":{"start":{"line":11,"column":31},"end":{"line":11,"column":95}},"line":11},"8":{"name":"(anonymous_8)","decl":{"start":{"line":14,"column":35},"end":{"line":14,"column":36}},"loc":{"start":{"line":14,"column":44},"end":{"line":17,"column":1}},"line":14},"9":{"name":"(anonymous_9)","decl":{"start":{"line":19,"column":34},"end":{"line":19,"column":35}},"loc":{"start":{"line":19,"column":45},"end":{"line":23,"column":1}},"line":19},"10":{"name":"(anonymous_10)","decl":{"start":{"line":19,"column":45},"end":{"line":19,"column":46}},"loc":{"start":{"line":19,"column":54},"end":{"line":23,"column":1}},"line":19},"11":{"name":"(anonymous_11)","decl":{"start":{"line":22,"column":21},"end":{"line":22,"column":22}},"loc":{"start":{"line":22,"column":30},"end":{"line":22,"column":56}},"line":22},"12":{"name":"(anonymous_12)","decl":{"start":{"line":25,"column":47},"end":{"line":25,"column":48}},"loc":{"start":{"line":25,"column":56},"end":{"line":28,"column":1}},"line":25},"13":{"name":"(anonymous_13)","decl":{"start":{"line":30,"column":33},"end":{"line":30,"column":34}},"loc":{"start":{"line":30,"column":42},"end":{"line":30,"column":59}},"line":30},"14":{"name":"(anonymous_14)","decl":{"start":{"line":32,"column":37},"end":{"line":32,"column":38}},"loc":{"start":{"line":32,"column":46},"end":{"line":35,"column":1}},"line":32},"15":{"name":"(anonymous_15)","decl":{"start":{"line":37,"column":38},"end":{"line":37,"column":39}},"loc":{"start":{"line":37,"column":47},"end":{"line":37,"column":90}},"line":37}},"branchMap":{"0":{"loc":{"start":{"line":10,"column":2},"end":{"line":10,"column":46}},"type":"if","locations":[{"start":{"line":10,"column":2},"end":{"line":10,"column":46}},{"start":{},"end":{}}],"line":10},"1":{"loc":{"start":{"line":21,"column":2},"end":{"line":21,"column":47}},"type":"if","locations":[{"start":{"line":21,"column":2},"end":{"line":21,"column":47}},{"start":{},"end":{}}],"line":21}},"s":{"0":1,"1":0,"2":1,"3":0,"4":1,"5":0,"6":1,"7":0,"8":1,"9":1,"10":1,"11":0,"12":0,"13":0,"14":0,"15":0,"16":1,"17":0,"18":0,"19":1,"20":0,"21":0,"22":0,"23":0,"24":0,"25":0,"26":1,"27":0,"28":0,"29":1,"30":0,"31":1,"32":0,"33":0,"34":1,"35":0},"f":{"0":0,"1":0,"2":0,"3":0,"4":1,"5":0,"6":0,"7":0,"8":0,"9":0,"10":0,"11":0,"12":0,"13":0,"14":0,"15":0},"b":{"0":[0,0],"1":[0,0]},"_coverageSchema":"1a1c01bbd47fc00a2c39e90264f33305004495a9","hash":"14ed2c50de0d66ddadc8e3cf9fae16e0f0a6cbe3"}
,"/Users/chris/hackreactor/atelier/client/src/store/store.js": {"path":"/Users/chris/hackreactor/atelier/client/src/store/store.js","statementMap":{"0":{"start":{"line":5,"column":14},"end":{"line":9,"column":2}},"1":{"start":{"line":8,"column":4},"end":{"line":8,"column":48}}},"fnMap":{"0":{"name":"(anonymous_0)","decl":{"start":{"line":7,"column":14},"end":{"line":7,"column":15}},"loc":{"start":{"line":8,"column":4},"end":{"line":8,"column":48}},"line":8}},"branchMap":{},"s":{"0":0,"1":0},"f":{"0":0},"b":{}}
,"/Users/chris/hackreactor/atelier/client/src/store/middleware/apiMiddleware.js": {"path":"/Users/chris/hackreactor/atelier/client/src/store/middleware/apiMiddleware.js","statementMap":{"0":{"start":{"line":4,"column":22},"end":{"line":14,"column":1}},"1":{"start":{"line":4,"column":40},"end":{"line":14,"column":1}},"2":{"start":{"line":4,"column":48},"end":{"line":14,"column":1}},"3":{"start":{"line":5,"column":2},"end":{"line":5,"column":69}},"4":{"start":{"line":5,"column":49},"end":{"line":5,"column":69}},"5":{"start":{"line":7,"column":43},"end":{"line":7,"column":57}},"6":{"start":{"line":9,"column":2},"end":{"line":13,"column":48}},"7":{"start":{"line":11,"column":6},"end":{"line":11,"column":75}},"8":{"start":{"line":11,"column":21},"end":{"line":11,"column":75}},"9":{"start":{"line":13,"column":18},"end":{"line":13,"column":46}}},"fnMap":{"0":{"name":"(anonymous_0)","decl":{"start":{"line":4,"column":22},"end":{"line":4,"column":23}},"loc":{"start":{"line":4,"column":40},"end":{"line":14,"column":1}},"line":4},"1":{"name":"(anonymous_1)","decl":{"start":{"line":4,"column":40},"end":{"line":4,"column":41}},"loc":{"start":{"line":4,"column":48},"end":{"line":14,"column":1}},"line":4},"2":{"name":"(anonymous_2)","decl":{"start":{"line":4,"column":48},"end":{"line":4,"column":49}},"loc":{"start":{"line":4,"column":58},"end":{"line":14,"column":1}},"line":4},"3":{"name":"(anonymous_3)","decl":{"start":{"line":10,"column":10},"end":{"line":10,"column":11}},"loc":{"start":{"line":10,"column":22},"end":{"line":12,"column":5}},"line":10},"4":{"name":"(anonymous_4)","decl":{"start":{"line":13,"column":11},"end":{"line":13,"column":12}},"loc":{"start":{"line":13,"column":18},"end":{"line":13,"column":46}},"line":13}},"branchMap":{"0":{"loc":{"start":{"line":5,"column":2},"end":{"line":5,"column":69}},"type":"if","locations":[{"start":{"line":5,"column":2},"end":{"line":5,"column":69}},{"start":{},"end":{}}],"line":5},"1":{"loc":{"start":{"line":11,"column":6},"end":{"line":11,"column":75}},"type":"if","locations":[{"start":{"line":11,"column":6},"end":{"line":11,"column":75}},{"start":{},"end":{}}],"line":11}},"s":{"0":0,"1":0,"2":0,"3":0,"4":0,"5":0,"6":0,"7":0,"8":0,"9":0},"f":{"0":0,"1":0,"2":0,"3":0,"4":0},"b":{"0":[0,0],"1":[0,0]}}
,"/Users/chris/hackreactor/atelier/client/src/utils/utils.js": {"path":"/Users/chris/hackreactor/atelier/client/src/utils/utils.js","statementMap":{"0":{"start":{"line":2,"column":32},"end":{"line":10,"column":1}},"1":{"start":{"line":3,"column":12},"end":{"line":3,"column":13}},"2":{"start":{"line":4,"column":14},"end":{"line":4,"column":15}},"3":{"start":{"line":5,"column":2},"end":{"line":8,"column":3}},"4":{"start":{"line":6,"column":4},"end":{"line":6,"column":46}},"5":{"start":{"line":7,"column":4},"end":{"line":7,"column":39}},"6":{"start":{"line":9,"column":2},"end":{"line":9,"column":39}},"7":{"start":{"line":13,"column":31},"end":{"line":19,"column":1}},"8":{"start":{"line":14,"column":23},"end":{"line":14,"column":62}},"9":{"start":{"line":14,"column":44},"end":{"line":14,"column":61}},"10":{"start":{"line":17,"column":2},"end":{"line":17,"column":38}},"11":{"start":{"line":17,"column":21},"end":{"line":17,"column":38}},"12":{"start":{"line":18,"column":2},"end":{"line":18,"column":22}},"13":{"start":{"line":22,"column":28},"end":{"line":22,"column":74}},"14":{"start":{"line":22,"column":34},"end":{"line":22,"column":74}},"15":{"start":{"line":26,"column":32},"end":{"line":35,"column":1}},"16":{"start":{"line":27,"column":25},"end":{"line":27,"column":26}},"17":{"start":{"line":28,"column":2},"end":{"line":32,"column":3}},"18":{"start":{"line":29,"column":4},"end":{"line":31,"column":7}},"19":{"start":{"line":30,"column":6},"end":{"line":30,"column":42}},"20":{"start":{"line":34,"column":2},"end":{"line":34,"column":26}},"21":{"start":{"line":38,"column":43},"end":{"line":49,"column":1}},"22":{"start":{"line":39,"column":14},"end":{"line":39,"column":15}},"23":{"start":{"line":40,"column":23},"end":{"line":40,"column":115}},"24":{"start":{"line":42,"column":2},"end":{"line":46,"column":3}},"25":{"start":{"line":43,"column":4},"end":{"line":45,"column":6}},"26":{"start":{"line":44,"column":6},"end":{"line":44,"column":31}},"27":{"start":{"line":48,"column":2},"end":{"line":48,"column":52}},"28":{"start":{"line":52,"column":40},"end":{"line":75,"column":1}},"29":{"start":{"line":53,"column":14},"end":{"line":53,"column":15}},"30":{"start":{"line":55,"column":2},"end":{"line":74,"column":3}},"31":{"start":{"line":56,"column":4},"end":{"line":58,"column":6}},"32":{"start":{"line":57,"column":6},"end":{"line":57,"column":31}},"33":{"start":{"line":60,"column":25},"end":{"line":66,"column":5}},"34":{"start":{"line":68,"column":4},"end":{"line":70,"column":6}},"35":{"start":{"line":69,"column":6},"end":{"line":69,"column":70}},"36":{"start":{"line":73,"column":4},"end":{"line":73,"column":26}}},"fnMap":{"0":{"name":"(anonymous_0)","decl":{"start":{"line":2,"column":32},"end":{"line":2,"column":33}},"loc":{"start":{"line":2,"column":43},"end":{"line":10,"column":1}},"line":2},"1":{"name":"(anonymous_1)","decl":{"start":{"line":13,"column":31},"end":{"line":13,"column":32}},"loc":{"start":{"line":13,"column":41},"end":{"line":19,"column":1}},"line":13},"2":{"name":"(anonymous_2)","decl":{"start":{"line":14,"column":35},"end":{"line":14,"column":36}},"loc":{"start":{"line":14,"column":44},"end":{"line":14,"column":61}},"line":14},"3":{"name":"(anonymous_3)","decl":{"start":{"line":22,"column":28},"end":{"line":22,"column":29}},"loc":{"start":{"line":22,"column":34},"end":{"line":22,"column":74}},"line":22},"4":{"name":"(anonymous_4)","decl":{"start":{"line":26,"column":32},"end":{"line":26,"column":33}},"loc":{"start":{"line":26,"column":61},"end":{"line":35,"column":1}},"line":26},"5":{"name":"(anonymous_5)","decl":{"start":{"line":29,"column":47},"end":{"line":29,"column":48}},"loc":{"start":{"line":29,"column":58},"end":{"line":31,"column":5}},"line":29},"6":{"name":"(anonymous_6)","decl":{"start":{"line":38,"column":43},"end":{"line":38,"column":44}},"loc":{"start":{"line":38,"column":65},"end":{"line":49,"column":1}},"line":38},"7":{"name":"(anonymous_7)","decl":{"start":{"line":43,"column":56},"end":{"line":43,"column":57}},"loc":{"start":{"line":43,"column":67},"end":{"line":45,"column":5}},"line":43},"8":{"name":"(anonymous_8)","decl":{"start":{"line":52,"column":40},"end":{"line":52,"column":41}},"loc":{"start":{"line":52,"column":62},"end":{"line":75,"column":1}},"line":52},"9":{"name":"(anonymous_9)","decl":{"start":{"line":56,"column":52},"end":{"line":56,"column":53}},"loc":{"start":{"line":56,"column":63},"end":{"line":58,"column":5}},"line":56},"10":{"name":"(anonymous_10)","decl":{"start":{"line":68,"column":51},"end":{"line":68,"column":52}},"loc":{"start":{"line":68,"column":58},"end":{"line":70,"column":5}},"line":68}},"branchMap":{"0":{"loc":{"start":{"line":9,"column":9},"end":{"line":9,"column":38}},"type":"cond-expr","locations":[{"start":{"line":9,"column":23},"end":{"line":9,"column":24}},{"start":{"line":9,"column":27},"end":{"line":9,"column":38}}],"line":9},"1":{"loc":{"start":{"line":17,"column":2},"end":{"line":17,"column":38}},"type":"if","locations":[{"start":{"line":17,"column":2},"end":{"line":17,"column":38}},{"start":{},"end":{}}],"line":17},"2":{"loc":{"start":{"line":26,"column":33},"end":{"line":26,"column":56}},"type":"default-arg","locations":[{"start":{"line":26,"column":55},"end":{"line":26,"column":56}}],"line":26},"3":{"loc":{"start":{"line":28,"column":2},"end":{"line":32,"column":3}},"type":"if","locations":[{"start":{"line":28,"column":2},"end":{"line":32,"column":3}},{"start":{},"end":{}}],"line":28},"4":{"loc":{"start":{"line":40,"column":23},"end":{"line":40,"column":115}},"type":"cond-expr","locations":[{"start":{"line":40,"column":68},"end":{"line":40,"column":111}},{"start":{"line":40,"column":114},"end":{"line":40,"column":115}}],"line":40},"5":{"loc":{"start":{"line":42,"column":2},"end":{"line":46,"column":3}},"type":"if","locations":[{"start":{"line":42,"column":2},"end":{"line":46,"column":3}},{"start":{},"end":{}}],"line":42},"6":{"loc":{"start":{"line":48,"column":9},"end":{"line":48,"column":51}},"type":"cond-expr","locations":[{"start":{"line":48,"column":21},"end":{"line":48,"column":47}},{"start":{"line":48,"column":50},"end":{"line":48,"column":51}}],"line":48},"7":{"loc":{"start":{"line":55,"column":2},"end":{"line":74,"column":3}},"type":"if","locations":[{"start":{"line":55,"column":2},"end":{"line":74,"column":3}},{"start":{},"end":{}}],"line":55}},"s":{"0":1,"1":0,"2":0,"3":0,"4":0,"5":0,"6":0,"7":1,"8":0,"9":0,"10":0,"11":0,"12":0,"13":1,"14":0,"15":1,"16":0,"17":0,"18":0,"19":0,"20":0,"21":1,"22":0,"23":0,"24":0,"25":0,"26":0,"27":0,"28":1,"29":0,"30":0,"31":0,"32":0,"33":0,"34":0,"35":0,"36":0},"f":{"0":0,"1":0,"2":0,"3":0,"4":0,"5":0,"6":0,"7":0,"8":0,"9":0,"10":0},"b":{"0":[0,0],"1":[0,0],"2":[0],"3":[0,0],"4":[0,0],"5":[0,0],"6":[0,0],"7":[0,0]},"_coverageSchema":"1a1c01bbd47fc00a2c39e90264f33305004495a9","hash":"42637068c5a65ea5f9468abb298f2dccb8dedbb7"}
,"/Users/chris/hackreactor/atelier/server/apiMiddleware.js": {"path":"/Users/chris/hackreactor/atelier/server/apiMiddleware.js","statementMap":{"0":{"start":{"line":1,"column":14},"end":{"line":1,"column":30}},"1":{"start":{"line":2,"column":16},"end":{"line":2,"column":70}},"2":{"start":{"line":3,"column":16},"end":{"line":3,"column":57}},"3":{"start":{"line":5,"column":15},"end":{"line":17,"column":1}},"4":{"start":{"line":6,"column":2},"end":{"line":6,"column":49}},"5":{"start":{"line":6,"column":35},"end":{"line":6,"column":49}},"6":{"start":{"line":7,"column":14},"end":{"line":7,"column":51}},"7":{"start":{"line":9,"column":2},"end":{"line":16,"column":45}},"8":{"start":{"line":15,"column":22},"end":{"line":15,"column":45}},"9":{"start":{"line":16,"column":18},"end":{"line":16,"column":43}},"10":{"start":{"line":19,"column":0},"end":{"line":19,"column":24}}},"fnMap":{"0":{"name":"(anonymous_0)","decl":{"start":{"line":5,"column":15},"end":{"line":5,"column":16}},"loc":{"start":{"line":5,"column":35},"end":{"line":17,"column":1}},"line":5},"1":{"name":"(anonymous_1)","decl":{"start":{"line":15,"column":10},"end":{"line":15,"column":11}},"loc":{"start":{"line":15,"column":22},"end":{"line":15,"column":45}},"line":15},"2":{"name":"(anonymous_2)","decl":{"start":{"line":16,"column":11},"end":{"line":16,"column":12}},"loc":{"start":{"line":16,"column":18},"end":{"line":16,"column":43}},"line":16}},"branchMap":{"0":{"loc":{"start":{"line":6,"column":2},"end":{"line":6,"column":49}},"type":"if","locations":[{"start":{"line":6,"column":2},"end":{"line":6,"column":49}},{"start":{},"end":{}}],"line":6}},"s":{"0":0,"1":0,"2":0,"3":0,"4":0,"5":0,"6":0,"7":0,"8":0,"9":0,"10":0},"f":{"0":0,"1":0,"2":0},"b":{"0":[0,0]}}
,"/Users/chris/hackreactor/atelier/server/server.js": {"path":"/Users/chris/hackreactor/atelier/server/server.js","statementMap":{"0":{"start":{"line":1,"column":16},"end":{"line":1,"column":34}},"1":{"start":{"line":2,"column":12},"end":{"line":2,"column":21}},"2":{"start":{"line":3,"column":13},"end":{"line":3,"column":17}},"3":{"start":{"line":5,"column":22},"end":{"line":5,"column":48}},"4":{"start":{"line":8,"column":0},"end":{"line":8,"column":30}},"5":{"start":{"line":9,"column":0},"end":{"line":9,"column":24}},"6":{"start":{"line":10,"column":0},"end":{"line":10,"column":23}},"7":{"start":{"line":11,"column":0},"end":{"line":11,"column":45}},"8":{"start":{"line":13,"column":0},"end":{"line":13,"column":71}},"9":{"start":{"line":13,"column":41},"end":{"line":13,"column":70}},"10":{"start":{"line":15,"column":0},"end":{"line":15,"column":77}},"11":{"start":{"line":15,"column":23},"end":{"line":15,"column":75}}},"fnMap":{"0":{"name":"(anonymous_0)","decl":{"start":{"line":13,"column":21},"end":{"line":13,"column":22}},"loc":{"start":{"line":13,"column":41},"end":{"line":13,"column":70}},"line":13},"1":{"name":"(anonymous_1)","decl":{"start":{"line":15,"column":17},"end":{"line":15,"column":18}},"loc":{"start":{"line":15,"column":23},"end":{"line":15,"column":75}},"line":15}},"branchMap":{},"s":{"0":0,"1":0,"2":0,"3":0,"4":0,"5":0,"6":0,"7":0,"8":0,"9":0,"10":0,"11":0},"f":{"0":0,"1":0},"b":{}}
,"/Users/chris/hackreactor/atelier/test/src/components/ratings/TestStates/InitialReduxStates.js": {"path":"/Users/chris/hackreactor/atelier/test/src/components/ratings/TestStates/InitialReduxStates.js","statementMap":{"0":{"start":{"line":1,"column":32},"end":{"line":29,"column":1}}},"fnMap":{},"branchMap":{},"s":{"0":1},"f":{},"b":{},"_coverageSchema":"1a1c01bbd47fc00a2c39e90264f33305004495a9","hash":"259fde85cc207a50721d8ed305cf23878ec2a413"}
}
