TN:
SF:apiToken.js
FNF:0
FNH:0
DA:1,0
LF:1
LH:0
BRF:0
BRH:0
end_of_record
TN:
SF:webpack.config.js
FNF:0
FNH:0
DA:1,0
DA:2,0
DA:4,0
LF:3
LH:0
BRF:0
BRH:0
end_of_record
TN:
SF:client/dist/bundle.js
FN:9,(anonymous_0)
FN:16,(anonymous_1)
FN:27,(anonymous_2)
FN:38,(anonymous_3)
FN:49,(anonymous_4)
FN:60,(anonymous_5)
FN:71,(anonymous_6)
FN:81,(anonymous_7)
FN:92,(anonymous_8)
FN:103,(anonymous_9)
FN:114,(anonymous_10)
FN:125,(anonymous_11)
FN:136,(anonymous_12)
FN:147,(anonymous_13)
FN:158,(anonymous_14)
FN:169,(anonymous_15)
FN:180,(anonymous_16)
FN:191,(anonymous_17)
FN:202,(anonymous_18)
FN:213,(anonymous_19)
FN:224,(anonymous_20)
FN:235,(anonymous_21)
FN:246,(anonymous_22)
FN:256,(anonymous_23)
FN:267,(anonymous_24)
FN:278,(anonymous_25)
FN:289,(anonymous_26)
FN:300,(anonymous_27)
FN:311,(anonymous_28)
FN:322,(anonymous_29)
FN:333,(anonymous_30)
FN:344,(anonymous_31)
FN:355,(anonymous_32)
FN:366,(anonymous_33)
FN:377,(anonymous_34)
FN:388,(anonymous_35)
FN:399,(anonymous_36)
FN:410,(anonymous_37)
FN:421,(anonymous_38)
FN:432,(anonymous_39)
FN:443,(anonymous_40)
FN:454,(anonymous_41)
FN:465,(anonymous_42)
FN:476,(anonymous_43)
FN:487,(anonymous_44)
FN:498,(anonymous_45)
FN:509,(anonymous_46)
FN:520,(anonymous_47)
FN:531,(anonymous_48)
FN:542,(anonymous_49)
FN:553,(anonymous_50)
FN:564,(anonymous_51)
FN:575,(anonymous_52)
FN:586,(anonymous_53)
FN:597,(anonymous_54)
FN:608,(anonymous_55)
FN:619,(anonymous_56)
FN:630,(anonymous_57)
FN:641,(anonymous_58)
FN:652,(anonymous_59)
FN:663,(anonymous_60)
FN:674,(anonymous_61)
FN:685,(anonymous_62)
FN:696,(anonymous_63)
FN:707,(anonymous_64)
FN:718,(anonymous_65)
FN:729,(anonymous_66)
FN:740,(anonymous_67)
FN:751,(anonymous_68)
FN:762,(anonymous_69)
FN:773,(anonymous_70)
FN:784,(anonymous_71)
FN:795,(anonymous_72)
FN:806,(anonymous_73)
FN:817,(anonymous_74)
FN:828,(anonymous_75)
FN:839,(anonymous_76)
FN:850,(anonymous_77)
FN:861,(anonymous_78)
FN:872,(anonymous_79)
FN:883,(anonymous_80)
FN:894,(anonymous_81)
FN:905,(anonymous_82)
FN:915,(anonymous_83)
FN:926,(anonymous_84)
FN:937,(anonymous_85)
FN:948,(anonymous_86)
FN:959,(anonymous_87)
FN:970,(anonymous_88)
FN:981,(anonymous_89)
FN:992,(anonymous_90)
FN:1003,(anonymous_91)
FN:1014,(anonymous_92)
FN:1025,(anonymous_93)
FN:1036,(anonymous_94)
FN:1047,(anonymous_95)
FN:1058,(anonymous_96)
FN:1069,(anonymous_97)
FN:1080,(anonymous_98)
FN:1091,(anonymous_99)
FN:1102,(anonymous_100)
FN:1113,(anonymous_101)
FN:1124,(anonymous_102)
FN:1135,(anonymous_103)
FN:1146,(anonymous_104)
FN:1157,(anonymous_105)
FN:1168,(anonymous_106)
FN:1179,(anonymous_107)
FN:1190,(anonymous_108)
FN:1201,(anonymous_109)
FN:1212,(anonymous_110)
FN:1223,(anonymous_111)
FN:1234,(anonymous_112)
FN:1245,(anonymous_113)
FN:1256,(anonymous_114)
FN:1267,(anonymous_115)
FN:1278,(anonymous_116)
FN:1289,(anonymous_117)
FN:1300,(anonymous_118)
FN:1311,(anonymous_119)
FN:1322,(anonymous_120)
FN:1333,(anonymous_121)
FN:1344,(anonymous_122)
FN:1354,(anonymous_123)
FN:1365,(anonymous_124)
FN:1376,(anonymous_125)
FN:1387,(anonymous_126)
FN:1398,(anonymous_127)
FN:1409,(anonymous_128)
FN:1420,(anonymous_129)
FN:1431,(anonymous_130)
FN:1442,(anonymous_131)
FN:1453,(anonymous_132)
FN:1464,(anonymous_133)
FN:1477,__webpack_require__
FN:1499,(anonymous_135)
FN:1501,(anonymous_136)
FN:1503,(anonymous_137)
FN:1504,(anonymous_138)
FN:1511,(anonymous_139)
FN:1513,(anonymous_140)
FN:1523,(anonymous_141)
FN:1524,(anonymous_142)
FN:1528,(anonymous_143)
FN:1530,(anonymous_144)
FNF:145
FNH:0
FNDA:0,(anonymous_0)
FNDA:0,(anonymous_1)
FNDA:0,(anonymous_2)
FNDA:0,(anonymous_3)
FNDA:0,(anonymous_4)
FNDA:0,(anonymous_5)
FNDA:0,(anonymous_6)
FNDA:0,(anonymous_7)
FNDA:0,(anonymous_8)
FNDA:0,(anonymous_9)
FNDA:0,(anonymous_10)
FNDA:0,(anonymous_11)
FNDA:0,(anonymous_12)
FNDA:0,(anonymous_13)
FNDA:0,(anonymous_14)
FNDA:0,(anonymous_15)
FNDA:0,(anonymous_16)
FNDA:0,(anonymous_17)
FNDA:0,(anonymous_18)
FNDA:0,(anonymous_19)
FNDA:0,(anonymous_20)
FNDA:0,(anonymous_21)
FNDA:0,(anonymous_22)
FNDA:0,(anonymous_23)
FNDA:0,(anonymous_24)
FNDA:0,(anonymous_25)
FNDA:0,(anonymous_26)
FNDA:0,(anonymous_27)
FNDA:0,(anonymous_28)
FNDA:0,(anonymous_29)
FNDA:0,(anonymous_30)
FNDA:0,(anonymous_31)
FNDA:0,(anonymous_32)
FNDA:0,(anonymous_33)
FNDA:0,(anonymous_34)
FNDA:0,(anonymous_35)
FNDA:0,(anonymous_36)
FNDA:0,(anonymous_37)
FNDA:0,(anonymous_38)
FNDA:0,(anonymous_39)
FNDA:0,(anonymous_40)
FNDA:0,(anonymous_41)
FNDA:0,(anonymous_42)
FNDA:0,(anonymous_43)
FNDA:0,(anonymous_44)
FNDA:0,(anonymous_45)
FNDA:0,(anonymous_46)
FNDA:0,(anonymous_47)
FNDA:0,(anonymous_48)
FNDA:0,(anonymous_49)
FNDA:0,(anonymous_50)
FNDA:0,(anonymous_51)
FNDA:0,(anonymous_52)
FNDA:0,(anonymous_53)
FNDA:0,(anonymous_54)
FNDA:0,(anonymous_55)
FNDA:0,(anonymous_56)
FNDA:0,(anonymous_57)
FNDA:0,(anonymous_58)
FNDA:0,(anonymous_59)
FNDA:0,(anonymous_60)
FNDA:0,(anonymous_61)
FNDA:0,(anonymous_62)
FNDA:0,(anonymous_63)
FNDA:0,(anonymous_64)
FNDA:0,(anonymous_65)
FNDA:0,(anonymous_66)
FNDA:0,(anonymous_67)
FNDA:0,(anonymous_68)
FNDA:0,(anonymous_69)
FNDA:0,(anonymous_70)
FNDA:0,(anonymous_71)
FNDA:0,(anonymous_72)
FNDA:0,(anonymous_73)
FNDA:0,(anonymous_74)
FNDA:0,(anonymous_75)
FNDA:0,(anonymous_76)
FNDA:0,(anonymous_77)
FNDA:0,(anonymous_78)
FNDA:0,(anonymous_79)
FNDA:0,(anonymous_80)
FNDA:0,(anonymous_81)
FNDA:0,(anonymous_82)
FNDA:0,(anonymous_83)
FNDA:0,(anonymous_84)
FNDA:0,(anonymous_85)
FNDA:0,(anonymous_86)
FNDA:0,(anonymous_87)
FNDA:0,(anonymous_88)
FNDA:0,(anonymous_89)
FNDA:0,(anonymous_90)
FNDA:0,(anonymous_91)
FNDA:0,(anonymous_92)
FNDA:0,(anonymous_93)
FNDA:0,(anonymous_94)
FNDA:0,(anonymous_95)
FNDA:0,(anonymous_96)
FNDA:0,(anonymous_97)
FNDA:0,(anonymous_98)
FNDA:0,(anonymous_99)
FNDA:0,(anonymous_100)
FNDA:0,(anonymous_101)
FNDA:0,(anonymous_102)
FNDA:0,(anonymous_103)
FNDA:0,(anonymous_104)
FNDA:0,(anonymous_105)
FNDA:0,(anonymous_106)
FNDA:0,(anonymous_107)
FNDA:0,(anonymous_108)
FNDA:0,(anonymous_109)
FNDA:0,(anonymous_110)
FNDA:0,(anonymous_111)
FNDA:0,(anonymous_112)
FNDA:0,(anonymous_113)
FNDA:0,(anonymous_114)
FNDA:0,(anonymous_115)
FNDA:0,(anonymous_116)
FNDA:0,(anonymous_117)
FNDA:0,(anonymous_118)
FNDA:0,(anonymous_119)
FNDA:0,(anonymous_120)
FNDA:0,(anonymous_121)
FNDA:0,(anonymous_122)
FNDA:0,(anonymous_123)
FNDA:0,(anonymous_124)
FNDA:0,(anonymous_125)
FNDA:0,(anonymous_126)
FNDA:0,(anonymous_127)
FNDA:0,(anonymous_128)
FNDA:0,(anonymous_129)
FNDA:0,(anonymous_130)
FNDA:0,(anonymous_131)
FNDA:0,(anonymous_132)
FNDA:0,(anonymous_133)
FNDA:0,__webpack_require__
FNDA:0,(anonymous_135)
FNDA:0,(anonymous_136)
FNDA:0,(anonymous_137)
FNDA:0,(anonymous_138)
FNDA:0,(anonymous_139)
FNDA:0,(anonymous_140)
FNDA:0,(anonymous_141)
FNDA:0,(anonymous_142)
FNDA:0,(anonymous_143)
FNDA:0,(anonymous_144)
DA:9,0
DA:10,0
DA:19,0
DA:30,0
DA:41,0
DA:52,0
DA:63,0
DA:73,0
DA:84,0
DA:95,0
DA:106,0
DA:117,0
DA:128,0
DA:139,0
DA:150,0
DA:161,0
DA:172,0
DA:183,0
DA:194,0
DA:205,0
DA:216,0
DA:227,0
DA:238,0
DA:248,0
DA:259,0
DA:270,0
DA:281,0
DA:292,0
DA:303,0
DA:314,0
DA:325,0
DA:336,0
DA:347,0
DA:358,0
DA:369,0
DA:380,0
DA:391,0
DA:402,0
DA:413,0
DA:424,0
DA:435,0
DA:446,0
DA:457,0
DA:468,0
DA:479,0
DA:490,0
DA:501,0
DA:512,0
DA:523,0
DA:534,0
DA:545,0
DA:556,0
DA:567,0
DA:578,0
DA:589,0
DA:600,0
DA:611,0
DA:622,0
DA:633,0
DA:644,0
DA:655,0
DA:666,0
DA:677,0
DA:688,0
DA:699,0
DA:710,0
DA:721,0
DA:732,0
DA:743,0
DA:754,0
DA:765,0
DA:776,0
DA:787,0
DA:798,0
DA:809,0
DA:820,0
DA:831,0
DA:842,0
DA:853,0
DA:864,0
DA:875,0
DA:886,0
DA:897,0
DA:907,0
DA:918,0
DA:929,0
DA:940,0
DA:951,0
DA:962,0
DA:973,0
DA:984,0
DA:995,0
DA:1006,0
DA:1017,0
DA:1028,0
DA:1039,0
DA:1050,0
DA:1061,0
DA:1072,0
DA:1083,0
DA:1094,0
DA:1105,0
DA:1116,0
DA:1127,0
DA:1138,0
DA:1149,0
DA:1160,0
DA:1171,0
DA:1182,0
DA:1193,0
DA:1204,0
DA:1215,0
DA:1226,0
DA:1237,0
DA:1248,0
DA:1259,0
DA:1270,0
DA:1281,0
DA:1292,0
DA:1303,0
DA:1314,0
DA:1325,0
DA:1336,0
DA:1346,0
DA:1357,0
DA:1368,0
DA:1379,0
DA:1390,0
DA:1401,0
DA:1412,0
DA:1423,0
DA:1434,0
DA:1445,0
DA:1456,0
DA:1467,0
DA:1474,0
DA:1479,0
DA:1480,0
DA:1481,0
DA:1484,0
DA:1491,0
DA:1494,0
DA:1499,0
DA:1501,0
DA:1502,0
DA:1503,0
DA:1504,0
DA:1505,0
DA:1506,0
DA:1511,0
DA:1513,0
DA:1514,0
DA:1515,0
DA:1516,0
DA:1523,0
DA:1524,0
DA:1528,0
DA:1530,0
DA:1531,0
DA:1532,0
DA:1534,0
DA:1543,0
LF:162
LH:0
BRDA:1480,0,0,0
BRDA:1480,0,1,0
BRDA:1502,1,0,0
BRDA:1502,1,1,0
BRDA:1502,2,0,0
BRDA:1502,2,1,0
BRDA:1515,3,0,0
BRDA:1515,3,1,0
BRDA:1515,4,0,0
BRDA:1515,4,1,0
BRDA:1531,5,0,0
BRDA:1531,5,1,0
BRDA:1531,6,0,0
BRDA:1531,6,1,0
BRF:14
BRH:0
end_of_record
TN:
SF:client/src/index.js
FNF:0
FNH:0
DA:10,0
LF:1
LH:0
BRF:0
BRH:0
end_of_record
TN:
SF:client/src/components/App.jsx
FN:10,(anonymous_0)
FNF:1
FNH:0
FNDA:0,(anonymous_0)
DA:10,0
DA:11,0
LF:2
LH:0
BRF:0
BRH:0
end_of_record
TN:
SF:client/src/components/overview/ButtonPanel.jsx
FN:6,(anonymous_0)
FN:14,(anonymous_1)
FN:19,(anonymous_2)
FNF:3
FNH:0
FNDA:0,(anonymous_0)
FNDA:0,(anonymous_1)
FNDA:0,(anonymous_2)
DA:6,0
DA:7,0
DA:9,0
DA:10,0
DA:11,0
DA:14,0
DA:15,0
DA:16,0
DA:19,0
DA:20,0
DA:21,0
DA:24,0
LF:12
LH:0
BRDA:7,0,0,0
BRDA:7,0,1,0
BRDA:9,1,0,0
BRDA:9,1,1,0
BRDA:11,2,0,0
BRDA:11,2,1,0
BRF:6
BRH:0
end_of_record
TN:
SF:client/src/components/overview/HeaderPanel.jsx
FN:6,(anonymous_0)
FN:24,(anonymous_1)
FNF:2
FNH:0
FNDA:0,(anonymous_0)
FNDA:0,(anonymous_1)
DA:6,0
DA:7,0
DA:9,0
DA:24,0
DA:25,0
DA:26,0
DA:27,0
DA:28,0
LF:8
LH:0
BRDA:25,0,0,0
BRDA:25,0,1,0
BRDA:26,1,0,0
BRDA:26,1,1,0
BRF:4
BRH:0
end_of_record
TN:
SF:client/src/components/overview/OverView.jsx
FN:10,(anonymous_0)
FN:13,(anonymous_1)
FNF:2
FNH:0
FNDA:0,(anonymous_0)
FNDA:0,(anonymous_1)
DA:10,0
DA:11,0
DA:13,0
DA:14,0
DA:15,0
DA:18,0
DA:19,0
DA:20,0
DA:21,0
DA:23,0
LF:10
LH:0
BRF:0
BRH:0
end_of_record
TN:
SF:client/src/components/overview/StylePanel.jsx
FN:4,(anonymous_0)
FN:20,(anonymous_1)
FN:24,(anonymous_2)
FNF:3
FNH:0
FNDA:0,(anonymous_0)
FNDA:0,(anonymous_1)
FNDA:0,(anonymous_2)
DA:4,0
DA:6,0
DA:21,0
DA:24,0
LF:4
LH:0
BRF:0
BRH:0
end_of_record
TN:
SF:client/src/components/overview/styles/Avatar.styled.js
FN:7,(anonymous_0)
FNF:1
FNH:0
FNDA:0,(anonymous_0)
DA:3,0
DA:7,0
LF:2
LH:0
BRF:0
BRH:0
end_of_record
TN:
SF:client/src/components/overview/styles/Gallery.styled.js
FN:4,(anonymous_0)
FNF:1
FNH:0
FNDA:0,(anonymous_0)
DA:3,0
DA:4,0
LF:2
LH:0
BRF:0
BRH:0
end_of_record
TN:
SF:client/src/components/overview/styles/Select.styled.js
FNF:0
FNH:0
DA:4,0
LF:1
LH:0
BRF:0
BRH:0
end_of_record
TN:
SF:client/src/components/questions/AddAnswer.jsx
FN:12,(anonymous_0)
FN:16,(anonymous_1)
FN:27,(anonymous_2)
FN:32,(anonymous_3)
FN:70,(anonymous_4)
FN:81,(anonymous_5)
FN:95,(anonymous_6)
FN:114,(anonymous_7)
FNF:8
FNH:0
FNDA:0,(anonymous_0)
FNDA:0,(anonymous_1)
FNDA:0,(anonymous_2)
FNDA:0,(anonymous_3)
FNDA:0,(anonymous_4)
FNDA:0,(anonymous_5)
FNDA:0,(anonymous_6)
FNDA:0,(anonymous_7)
DA:12,0
DA:14,0
DA:16,0
DA:18,0
DA:20,0
DA:21,0
DA:22,0
DA:25,0
DA:27,0
DA:28,0
DA:32,0
DA:34,0
DA:36,0
DA:44,0
DA:47,0
DA:55,0
DA:70,0
DA:81,0
DA:95,0
DA:112,0
DA:114,0
LF:21
LH:0
BRDA:115,0,0,0
BRDA:115,0,1,0
BRF:2
BRH:0
end_of_record
TN:
SF:client/src/components/questions/AddQuestion.jsx
FN:12,(anonymous_0)
FN:16,(anonymous_1)
FN:28,(anonymous_2)
FN:33,(anonymous_3)
FN:73,(anonymous_4)
FN:84,(anonymous_5)
FN:98,(anonymous_6)
FN:118,(anonymous_7)
FNF:8
FNH:0
FNDA:0,(anonymous_0)
FNDA:0,(anonymous_1)
FNDA:0,(anonymous_2)
FNDA:0,(anonymous_3)
FNDA:0,(anonymous_4)
FNDA:0,(anonymous_5)
FNDA:0,(anonymous_6)
FNDA:0,(anonymous_7)
DA:12,0
DA:14,0
DA:16,0
DA:18,0
DA:20,0
DA:21,0
DA:22,0
DA:25,0
DA:28,0
DA:29,0
DA:33,0
DA:35,0
DA:38,0
DA:47,0
DA:49,0
DA:58,0
DA:73,0
DA:84,0
DA:98,0
DA:116,0
DA:118,0
LF:21
LH:0
BRDA:119,0,0,0
BRDA:119,0,1,0
BRF:2
BRH:0
end_of_record
TN:
SF:client/src/components/questions/AnswerDetails.jsx
FN:7,(anonymous_0)
FN:15,(anonymous_1)
FN:22,(anonymous_2)
FN:30,(anonymous_3)
FN:62,(anonymous_4)
FN:70,(anonymous_5)
FN:74,(anonymous_6)
FN:81,(anonymous_7)
FN:112,(anonymous_8)
FN:114,(anonymous_9)
FNF:10
FNH:0
FNDA:0,(anonymous_0)
FNDA:0,(anonymous_1)
FNDA:0,(anonymous_2)
FNDA:0,(anonymous_3)
FNDA:0,(anonymous_4)
FNDA:0,(anonymous_5)
FNDA:0,(anonymous_6)
FNDA:0,(anonymous_7)
FNDA:0,(anonymous_8)
FNDA:0,(anonymous_9)
DA:7,0
DA:9,0
DA:10,0
DA:11,0
DA:12,0
DA:13,0
DA:15,0
DA:16,0
DA:17,0
DA:22,0
DA:23,0
DA:24,0
DA:30,0
DA:32,0
DA:34,0
DA:52,0
DA:62,0
DA:63,0
DA:65,0
DA:70,0
DA:71,0
DA:75,0
DA:81,0
DA:95,0
DA:112,0
DA:114,0
LF:26
LH:0
BRDA:16,0,0,0
BRDA:16,0,1,0
BRDA:23,1,0,0
BRDA:23,1,1,0
BRDA:83,2,0,0
BRDA:83,2,1,0
BRDA:99,3,0,0
BRDA:99,3,1,0
BRDA:109,4,0,0
BRDA:109,4,1,0
BRF:10
BRH:0
end_of_record
TN:
SF:client/src/components/questions/AnswersList.jsx
FN:8,(anonymous_0)
FN:23,(anonymous_1)
FN:24,(anonymous_2)
FN:34,(anonymous_3)
FN:42,(anonymous_4)
FN:99,(anonymous_5)
FN:103,(anonymous_6)
FNF:7
FNH:0
FNDA:0,(anonymous_0)
FNDA:0,(anonymous_1)
FNDA:0,(anonymous_2)
FNDA:0,(anonymous_3)
FNDA:0,(anonymous_4)
FNDA:0,(anonymous_5)
FNDA:0,(anonymous_6)
DA:8,0
DA:17,0
DA:20,0
DA:22,0
DA:23,0
DA:25,0
DA:26,0
DA:28,0
DA:34,0
DA:35,0
DA:36,0
DA:38,0
DA:42,0
DA:43,0
DA:44,0
DA:46,0
DA:99,0
DA:100,0
DA:101,0
DA:104,0
DA:116,0
LF:21
LH:0
BRDA:25,0,0,0
BRDA:25,0,1,0
BRDA:35,1,0,0
BRDA:35,1,1,0
BRDA:36,2,0,0
BRDA:36,2,1,0
BRDA:43,3,0,0
BRDA:43,3,1,0
BRDA:48,4,0,0
BRDA:48,4,1,0
BRF:10
BRH:0
end_of_record
TN:
SF:client/src/components/questions/QuestionDetails.jsx
FN:9,(anonymous_0)
FN:13,(anonymous_1)
FN:48,(anonymous_2)
FNF:3
FNH:0
FNDA:0,(anonymous_0)
FNDA:0,(anonymous_1)
FNDA:0,(anonymous_2)
DA:9,0
DA:11,0
DA:13,0
DA:15,0
DA:16,0
DA:26,0
DA:48,0
LF:7
LH:0
BRDA:15,0,0,0
BRDA:15,0,1,0
BRDA:53,1,0,0
BRDA:53,1,1,0
BRF:4
BRH:0
end_of_record
TN:
SF:client/src/components/questions/Questions.jsx
FN:13,(anonymous_0)
FN:17,(anonymous_1)
FN:34,(anonymous_2)
FN:57,(anonymous_3)
FN:63,(anonymous_4)
FN:96,(anonymous_5)
FNF:6
FNH:0
FNDA:0,(anonymous_0)
FNDA:0,(anonymous_1)
FNDA:0,(anonymous_2)
FNDA:0,(anonymous_3)
FNDA:0,(anonymous_4)
FNDA:0,(anonymous_5)
DA:13,0
DA:15,0
DA:17,0
DA:19,0
DA:23,0
DA:25,0
DA:34,0
DA:35,0
DA:36,0
DA:38,0
DA:57,0
DA:59,0
DA:61,0
DA:64,0
DA:79,0
DA:96,0
LF:16
LH:0
BRDA:35,0,0,0
BRDA:35,0,1,0
BRDA:36,1,0,0
BRDA:36,1,1,0
BRDA:113,2,0,0
BRDA:113,2,1,0
BRF:6
BRH:0
end_of_record
TN:
SF:client/src/components/ratings/ProductBreakdown.jsx
FN:9,(anonymous_0)
FN:16,(anonymous_1)
FN:33,(anonymous_2)
FNF:3
FNH:1
FNDA:1,(anonymous_0)
FNDA:0,(anonymous_1)
FNDA:0,(anonymous_2)
DA:9,1
DA:12,1
DA:14,1
DA:16,1
DA:17,0
DA:19,0
DA:21,0
DA:23,0
DA:25,0
DA:27,0
DA:29,0
DA:33,1
DA:34,0
DA:35,0
DA:48,1
LF:15
LH:6
BRDA:14,0,0,0
BRDA:14,0,1,1
BRDA:17,1,0,0
BRDA:17,1,1,0
BRDA:17,1,2,0
BRDA:17,1,3,0
BRDA:17,1,4,0
BRDA:17,1,5,0
BRDA:33,2,0,0
BRDA:33,2,1,1
BRF:10
BRH:2
end_of_record
TN:
SF:client/src/components/ratings/ProductBreakdownFactors.jsx
FN:4,(anonymous_0)
FNF:1
FNH:1
FNDA:2,(anonymous_0)
DA:4,2
DA:5,2
DA:7,2
DA:9,2
DA:16,2
DA:23,2
LF:6
LH:6
BRF:0
BRH:0
end_of_record
TN:
SF:client/src/components/ratings/ProgressBar.jsx
FN:3,(anonymous_0)
FNF:1
FNH:0
FNDA:0,(anonymous_0)
DA:3,1
DA:4,0
DA:6,0
DA:13,0
DA:19,0
LF:5
LH:1
BRF:0
BRH:0
end_of_record
TN:
SF:client/src/components/ratings/Ratings.jsx
FN:11,(anonymous_0)
FN:17,(anonymous_1)
FNF:2
FNH:0
FNDA:0,(anonymous_0)
FNDA:0,(anonymous_1)
DA:11,0
DA:13,0
DA:14,0
DA:17,0
DA:18,0
DA:19,0
DA:22,0
DA:23,0
DA:27,0
LF:9
LH:0
BRF:0
BRH:0
end_of_record
TN:
SF:client/src/components/ratings/RatingsBreakdown.jsx
FN:9,(anonymous_0)
FNF:1
FNH:0
FNDA:0,(anonymous_0)
DA:9,0
DA:11,0
DA:12,0
DA:13,0
DA:15,0
LF:5
LH:0
BRF:0
BRH:0
end_of_record
TN:
SF:client/src/components/ratings/RatingsFiltering.jsx
FN:7,(anonymous_0)
FN:12,(anonymous_1)
FNF:2
FNH:0
FNDA:0,(anonymous_0)
FNDA:0,(anonymous_1)
DA:7,1
DA:9,0
DA:10,0
DA:12,0
DA:13,0
DA:22,0
LF:6
LH:1
BRDA:12,0,0,0
BRDA:12,0,1,0
BRF:2
BRH:0
end_of_record
TN:
SF:client/src/components/ratings/ReviewList.jsx
FN:11,(anonymous_0)
FN:21,(anonymous_1)
FNF:2
FNH:0
FNDA:0,(anonymous_0)
FNDA:0,(anonymous_1)
DA:11,0
DA:13,0
DA:15,0
DA:17,0
DA:21,0
LF:5
LH:0
BRF:0
BRH:0
end_of_record
TN:
SF:client/src/components/ratings/ReviewTiles.jsx
FN:9,(anonymous_0)
FN:13,(anonymous_1)
FNF:2
FNH:0
FNDA:0,(anonymous_0)
FNDA:0,(anonymous_1)
DA:9,0
DA:11,0
DA:13,0
DA:14,0
DA:15,0
DA:17,0
DA:40,0
LF:7
LH:0
BRDA:28,0,0,0
BRDA:28,0,1,0
BRDA:32,1,0,0
BRDA:32,1,1,0
BRF:4
BRH:0
end_of_record
TN:
SF:client/src/components/ratings/styles/Container.style.js
FNF:0
FNH:0
DA:4,1
DA:12,1
DA:22,1
DA:29,1
DA:35,1
DA:41,1
DA:48,1
DA:55,1
DA:61,1
DA:70,1
DA:77,1
DA:84,1
DA:91,1
DA:99,1
DA:108,1
DA:117,1
DA:125,1
DA:135,1
DA:143,1
LF:19
LH:19
BRF:0
BRH:0
end_of_record
TN:
SF:client/src/components/ratings/styles/Item.style.js
FNF:0
FNH:0
DA:3,0
DA:7,0
DA:11,0
DA:17,0
DA:22,0
LF:5
LH:0
BRF:0
BRH:0
end_of_record
TN:
SF:client/src/components/related_items/RelatedItems.jsx
FN:14,(anonymous_0)
FN:17,(anonymous_1)
FN:18,(anonymous_2)
FN:27,(anonymous_3)
FN:40,(anonymous_4)
FN:49,(anonymous_5)
FN:66,(anonymous_6)
FN:73,(anonymous_7)
FN:76,(anonymous_8)
FN:77,(anonymous_9)
FNF:10
FNH:0
FNDA:0,(anonymous_0)
FNDA:0,(anonymous_1)
FNDA:0,(anonymous_2)
FNDA:0,(anonymous_3)
FNDA:0,(anonymous_4)
FNDA:0,(anonymous_5)
FNDA:0,(anonymous_6)
FNDA:0,(anonymous_7)
FNDA:0,(anonymous_8)
FNDA:0,(anonymous_9)
DA:14,0
DA:16,0
DA:17,0
DA:18,0
DA:20,0
DA:21,0
DA:22,0
DA:23,0
DA:25,0
DA:27,0
DA:28,0
DA:37,0
DA:40,0
DA:41,0
DA:44,0
DA:50,0
DA:66,0
DA:74,0
DA:76,0
DA:77,0
LF:20
LH:0
BRDA:52,0,0,0
BRDA:52,0,1,0
BRDA:72,1,0,0
BRDA:72,1,1,0
BRDA:75,2,0,0
BRDA:75,2,1,0
BRF:6
BRH:0
end_of_record
TN:
SF:client/src/components/styles/Button.styled.js
FN:5,(anonymous_0)
FN:8,(anonymous_1)
FN:13,(anonymous_2)
FNF:3
FNH:0
FNDA:0,(anonymous_0)
FNDA:0,(anonymous_1)
FNDA:0,(anonymous_2)
DA:3,0
DA:5,0
DA:8,0
DA:11,0
DA:13,0
LF:5
LH:0
BRF:0
BRH:0
end_of_record
TN:
SF:client/src/components/styles/Card.js
FNF:0
FNH:0
DA:3,0
DA:9,0
DA:13,0
DA:19,0
DA:24,0
DA:29,0
DA:34,0
DA:39,0
DA:48,0
DA:53,0
DA:58,0
DA:62,0
DA:72,0
LF:13
LH:0
BRF:0
BRH:0
end_of_record
TN:
SF:client/src/components/styles/Container.styled.js
FNF:0
FNH:0
DA:3,0
LF:1
LH:0
BRF:0
BRH:0
end_of_record
TN:
SF:client/src/components/styles/Global.js
FNF:0
FNH:0
DA:3,0
LF:1
LH:0
BRF:0
BRH:0
end_of_record
TN:
SF:client/src/components/styles/Modal.js
FN:99,(anonymous_0)
FN:104,(anonymous_1)
FN:110,(anonymous_2)
FN:112,(anonymous_3)
FN:120,(anonymous_4)
FNF:5
FNH:0
FNDA:0,(anonymous_0)
FNDA:0,(anonymous_1)
FNDA:0,(anonymous_2)
FNDA:0,(anonymous_3)
FNDA:0,(anonymous_4)
DA:5,0
DA:99,0
DA:104,0
DA:105,0
DA:106,0
DA:110,0
DA:111,0
DA:112,0
DA:113,0
DA:118,0
DA:120,0
LF:11
LH:0
BRDA:105,0,0,0
BRDA:105,0,1,0
BRDA:105,1,0,0
BRDA:105,1,1,0
BRF:4
BRH:0
end_of_record
TN:
SF:client/src/components/styles/theme.js
FNF:0
FNH:0
DA:1,0
LF:1
LH:0
BRF:0
BRH:0
end_of_record
TN:
SF:client/src/components/universal_components/StarRatingStatic.jsx
FN:4,(anonymous_0)
FN:45,(anonymous_1)
FNF:2
FNH:0
FNDA:0,(anonymous_0)
FNDA:0,(anonymous_1)
DA:4,0
DA:5,0
DA:6,0
DA:8,0
DA:9,0
DA:10,0
DA:11,0
DA:12,0
DA:13,0
DA:14,0
DA:15,0
DA:16,0
DA:17,0
DA:19,0
DA:21,0
DA:22,0
DA:24,0
DA:25,0
DA:27,0
DA:28,0
DA:30,0
DA:31,0
DA:33,0
DA:34,0
DA:36,0
DA:37,0
DA:40,0
DA:42,0
DA:45,0
DA:46,0
DA:55,0
LF:31
LH:0
BRDA:5,0,0,0
BRDA:5,0,1,0
BRDA:9,1,0,0
BRDA:9,1,1,0
BRDA:11,2,0,0
BRDA:11,2,1,0
BRDA:19,3,0,0
BRDA:19,3,1,0
BRDA:19,3,2,0
BRDA:19,3,3,0
BRDA:19,3,4,0
BRDA:19,3,5,0
BRF:12
BRH:0
end_of_record
TN:
SF:client/src/components/universal_components/StarRatingStaticSmall.jsx
FN:4,(anonymous_0)
FN:45,(anonymous_1)
FNF:2
FNH:0
FNDA:0,(anonymous_0)
FNDA:0,(anonymous_1)
DA:4,0
DA:5,0
DA:6,0
DA:8,0
DA:9,0
DA:10,0
DA:11,0
DA:12,0
DA:13,0
DA:14,0
DA:15,0
DA:16,0
DA:17,0
DA:19,0
DA:21,0
DA:22,0
DA:24,0
DA:25,0
DA:27,0
DA:28,0
DA:30,0
DA:31,0
DA:33,0
DA:34,0
DA:36,0
DA:37,0
DA:40,0
DA:42,0
DA:45,0
DA:46,0
DA:55,0
LF:31
LH:0
BRDA:5,0,0,0
BRDA:5,0,1,0
BRDA:9,1,0,0
BRDA:9,1,1,0
BRDA:11,2,0,0
BRDA:11,2,1,0
BRDA:19,3,0,0
BRDA:19,3,1,0
BRDA:19,3,2,0
BRDA:19,3,3,0
BRDA:19,3,4,0
BRDA:19,3,5,0
BRF:12
BRH:0
end_of_record
TN:
SF:client/src/store/api.js
FN:6,(anonymous_0)
FNF:1
FNH:0
FNDA:0,(anonymous_0)
DA:3,0
DA:4,0
DA:6,0
LF:3
LH:0
BRF:0
BRH:0
end_of_record
TN:
SF:client/src/store/apiActions.js
FN:14,(anonymous_0)
FN:21,(anonymous_1)
FN:28,(anonymous_2)
FN:35,(anonymous_3)
FN:42,(anonymous_4)
FN:49,(anonymous_5)
FN:51,(anonymous_6)
FN:53,(anonymous_7)
FN:58,(anonymous_8)
FN:63,(anonymous_9)
FN:75,(anonymous_10)
FN:94,(anonymous_11)
FN:97,(anonymous_12)
FN:106,(anonymous_13)
FN:115,(anonymous_14)
FN:124,(anonymous_15)
FNF:16
FNH:0
FNDA:0,(anonymous_0)
FNDA:0,(anonymous_1)
FNDA:0,(anonymous_2)
FNDA:0,(anonymous_3)
FNDA:0,(anonymous_4)
FNDA:0,(anonymous_5)
FNDA:0,(anonymous_6)
FNDA:0,(anonymous_7)
FNDA:0,(anonymous_8)
FNDA:0,(anonymous_9)
FNDA:0,(anonymous_10)
FNDA:0,(anonymous_11)
FNDA:0,(anonymous_12)
FNDA:0,(anonymous_13)
FNDA:0,(anonymous_14)
FNDA:0,(anonymous_15)
DA:12,0
DA:14,0
DA:15,0
DA:21,0
DA:22,0
DA:28,0
DA:29,0
DA:35,0
DA:36,0
DA:42,0
DA:43,0
DA:49,0
DA:50,0
DA:53,0
DA:54,0
DA:58,0
DA:59,0
DA:63,0
DA:64,0
DA:69,0
DA:76,0
DA:79,0
DA:83,0
DA:84,0
DA:92,0
DA:94,0
DA:97,0
DA:98,0
DA:106,0
DA:107,0
DA:115,0
DA:116,0
DA:124,0
DA:125,0
LF:34
LH:0
BRDA:28,0,0,0
BRDA:28,1,0,0
BRDA:35,2,0,0
BRDA:35,3,0,0
BRDA:35,4,0,0
BRF:5
BRH:0
end_of_record
TN:
SF:client/src/store/funcActions.js
FN:4,(anonymous_0)
FN:10,(anonymous_1)
FN:13,(anonymous_2)
FN:27,(anonymous_3)
FN:29,(anonymous_4)
FNF:5
FNH:0
FNDA:0,(anonymous_0)
FNDA:0,(anonymous_1)
FNDA:0,(anonymous_2)
FNDA:0,(anonymous_3)
FNDA:0,(anonymous_4)
DA:4,0
DA:5,0
DA:6,0
DA:7,0
DA:10,0
DA:11,0
DA:12,0
DA:13,0
DA:14,0
DA:15,0
DA:18,0
DA:19,0
DA:21,0
DA:22,0
DA:23,0
DA:24,0
DA:27,0
DA:28,0
DA:29,0
DA:30,0
DA:31,0
LF:21
LH:0
BRDA:6,0,0,0
BRDA:6,0,1,0
BRDA:14,1,0,0
BRDA:14,1,1,0
BRDA:18,2,0,0
BRDA:18,2,1,0
BRF:6
BRH:0
end_of_record
TN:
SF:client/src/store/reducer.js
FN:19,(anonymous_0)
FN:23,(anonymous_1)
FN:27,(anonymous_2)
FN:31,(anonymous_3)
FN:33,(anonymous_4)
FN:37,(anonymous_5)
FN:41,(anonymous_6)
FN:45,(anonymous_7)
FN:49,(anonymous_8)
FNF:9
FNH:0
FNDA:0,(anonymous_0)
FNDA:0,(anonymous_1)
FNDA:0,(anonymous_2)
FNDA:0,(anonymous_3)
FNDA:0,(anonymous_4)
FNDA:0,(anonymous_5)
FNDA:0,(anonymous_6)
FNDA:0,(anonymous_7)
FNDA:0,(anonymous_8)
DA:3,0
DA:13,0
DA:20,0
DA:24,0
DA:28,0
DA:32,0
DA:33,0
DA:38,0
DA:42,0
DA:46,0
DA:50,0
DA:56,0
LF:12
LH:0
BRF:0
BRH:0
end_of_record
TN:
SF:client/src/store/selectors.js
FN:3,(anonymous_0)
FN:4,(anonymous_1)
FN:5,(anonymous_2)
FN:6,(anonymous_3)
FN:7,(anonymous_4)
FN:9,(anonymous_5)
FN:9,(anonymous_6)
FN:11,(anonymous_7)
FN:14,(anonymous_8)
FN:19,(anonymous_9)
FN:19,(anonymous_10)
FN:22,(anonymous_11)
FN:25,(anonymous_12)
FN:30,(anonymous_13)
FN:32,(anonymous_14)
FN:37,(anonymous_15)
FNF:16
FNH:1
FNDA:0,(anonymous_0)
FNDA:0,(anonymous_1)
FNDA:0,(anonymous_2)
FNDA:0,(anonymous_3)
FNDA:1,(anonymous_4)
FNDA:0,(anonymous_5)
FNDA:0,(anonymous_6)
FNDA:0,(anonymous_7)
FNDA:0,(anonymous_8)
FNDA:0,(anonymous_9)
FNDA:0,(anonymous_10)
FNDA:0,(anonymous_11)
FNDA:0,(anonymous_12)
FNDA:0,(anonymous_13)
FNDA:0,(anonymous_14)
FNDA:0,(anonymous_15)
DA:3,1
DA:4,1
DA:5,1
DA:6,1
DA:7,1
DA:9,1
DA:10,0
DA:11,0
DA:14,1
DA:15,0
DA:16,0
DA:19,1
DA:20,0
DA:21,0
DA:22,0
DA:25,1
DA:26,0
DA:27,0
DA:30,1
DA:32,1
DA:33,0
DA:34,0
DA:37,1
LF:23
LH:12
BRDA:10,0,0,0
BRDA:10,0,1,0
BRDA:21,1,0,0
BRDA:21,1,1,0
BRF:4
BRH:0
end_of_record
TN:
SF:client/src/store/store.js
FN:7,(anonymous_0)
FNF:1
FNH:0
FNDA:0,(anonymous_0)
DA:5,0
DA:8,0
LF:2
LH:0
BRF:0
BRH:0
end_of_record
TN:
SF:client/src/store/middleware/apiMiddleware.js
FN:4,(anonymous_0)
FN:4,(anonymous_1)
FN:4,(anonymous_2)
FN:10,(anonymous_3)
FN:13,(anonymous_4)
FNF:5
FNH:0
FNDA:0,(anonymous_0)
FNDA:0,(anonymous_1)
FNDA:0,(anonymous_2)
FNDA:0,(anonymous_3)
FNDA:0,(anonymous_4)
DA:4,0
DA:5,0
DA:7,0
DA:9,0
DA:11,0
DA:13,0
LF:6
LH:0
BRDA:5,0,0,0
BRDA:5,0,1,0
BRDA:11,1,0,0
BRDA:11,1,1,0
BRF:4
BRH:0
end_of_record
TN:
SF:client/src/utils/utils.js
FN:2,(anonymous_0)
FN:13,(anonymous_1)
FN:14,(anonymous_2)
FN:22,(anonymous_3)
FN:26,(anonymous_4)
FN:29,(anonymous_5)
FN:38,(anonymous_6)
FN:43,(anonymous_7)
FN:52,(anonymous_8)
FN:56,(anonymous_9)
FN:68,(anonymous_10)
FNF:11
FNH:0
FNDA:0,(anonymous_0)
FNDA:0,(anonymous_1)
FNDA:0,(anonymous_2)
FNDA:0,(anonymous_3)
FNDA:0,(anonymous_4)
FNDA:0,(anonymous_5)
FNDA:0,(anonymous_6)
FNDA:0,(anonymous_7)
FNDA:0,(anonymous_8)
FNDA:0,(anonymous_9)
FNDA:0,(anonymous_10)
DA:2,1
DA:3,0
DA:4,0
DA:5,0
DA:6,0
DA:7,0
DA:9,0
DA:13,1
DA:14,0
DA:17,0
DA:18,0
DA:22,1
DA:26,1
DA:27,0
DA:28,0
DA:29,0
DA:30,0
DA:34,0
DA:38,1
DA:39,0
DA:40,0
DA:42,0
DA:43,0
DA:44,0
DA:48,0
DA:52,1
DA:53,0
DA:55,0
DA:56,0
DA:57,0
DA:60,0
DA:68,0
DA:69,0
DA:73,0
LF:34
LH:6
BRDA:9,0,0,0
BRDA:9,0,1,0
BRDA:17,1,0,0
BRDA:17,1,1,0
BRDA:26,2,0,0
BRDA:28,3,0,0
BRDA:28,3,1,0
BRDA:40,4,0,0
BRDA:40,4,1,0
BRDA:42,5,0,0
BRDA:42,5,1,0
BRDA:48,6,0,0
BRDA:48,6,1,0
BRDA:55,7,0,0
BRDA:55,7,1,0
BRF:15
BRH:0
end_of_record
TN:
SF:server/apiMiddleware.js
FN:5,(anonymous_0)
FN:15,(anonymous_1)
FN:16,(anonymous_2)
FNF:3
FNH:0
FNDA:0,(anonymous_0)
FNDA:0,(anonymous_1)
FNDA:0,(anonymous_2)
DA:1,0
DA:2,0
DA:3,0
DA:5,0
DA:6,0
DA:7,0
DA:9,0
DA:15,0
DA:16,0
DA:19,0
LF:10
LH:0
BRDA:6,0,0,0
BRDA:6,0,1,0
BRF:2
BRH:0
end_of_record
TN:
SF:server/server.js
FN:13,(anonymous_0)
FN:15,(anonymous_1)
FNF:2
FNH:0
FNDA:0,(anonymous_0)
FNDA:0,(anonymous_1)
DA:1,0
DA:2,0
DA:3,0
DA:5,0
DA:8,0
DA:9,0
DA:10,0
DA:11,0
DA:13,0
DA:15,0
LF:10
LH:0
BRF:0
BRH:0
end_of_record
TN:
SF:test/src/components/ratings/TestStates/InitialReduxStates.js
FNF:0
FNH:0
DA:1,1
LF:1
LH:1
BRF:0
BRH:0
end_of_record
